19/08/2021 02:34:53|INFO    |root                            |Provider opensubtitles throttle count 1 of 5, waiting 5sec and trying again|
19/08/2021 02:41:16|INFO    |root                            |BAZARR Finished searching for missing Series Subtitles. Check History for more information.|
19/08/2021 02:44:16|INFO    |root                            |BAZARR Finished searching for missing Movies Subtitles. Check History for more information.|
19/08/2021 04:02:42|INFO    |root                            |BAZARR All existing episode subtitles indexed from disk.|
19/08/2021 05:00:02|INFO    |root                            |BAZARR All existing movie subtitles indexed from disk.|
19/08/2021 05:31:05|INFO    |root                            |Provider opensubtitles throttle count 1 of 5, waiting 5sec and trying again|
19/08/2021 05:32:41|INFO    |root                            |BAZARR Finished searching for Subtitles to upgrade. Check History for more information.|
19/08/2021 05:43:49|INFO    |root                            |BAZARR Finished searching for missing Series Subtitles. Check History for more information.|
19/08/2021 05:44:14|INFO    |root                            |BAZARR Finished searching for missing Movies Subtitles. Check History for more information.|
19/08/2021 08:35:01|INFO    |root                            |Provider opensubtitles throttle count 1 of 5, waiting 5sec and trying again|
19/08/2021 08:35:27|INFO    |root                            |Provider opensubtitles throttle count 2 of 5, waiting 5sec and trying again|
19/08/2021 08:36:01|INFO    |root                            |Provider opensubtitles throttle count 3 of 5, waiting 5sec and trying again|
19/08/2021 08:36:45|INFO    |root                            |Provider opensubtitles throttle count 4 of 5, waiting 5sec and trying again|
19/08/2021 08:37:10|INFO    |root                            |Throttling opensubtitles for 20 minutes, until 21/08/19 08:57, because of: ServiceUnavailable. Exception info: '503'|
19/08/2021 08:37:44|INFO    |root                            |Throttling opensubtitles for 20 minutes, until 21/08/19 08:57, because of: ServiceUnavailable. Exception info: 'Unknown Error, empty response: 520: None'|
19/08/2021 08:41:19|INFO    |root                            |BAZARR Finished searching for missing Series Subtitles. Check History for more information.|
19/08/2021 08:44:15|INFO    |root                            |BAZARR Finished searching for missing Movies Subtitles. Check History for more information.|
19/08/2021 11:34:52|INFO    |root                            |Using opensubtitles again after 20 minutes, (disabled because: ServiceUnavailable)|
19/08/2021 11:41:20|INFO    |root                            |BAZARR Finished searching for missing Series Subtitles. Check History for more information.|
19/08/2021 11:44:14|INFO    |root                            |BAZARR Finished searching for missing Movies Subtitles. Check History for more information.|
19/08/2021 13:17:02|INFO    |root                            |BAZARR Running cache maintenance|
19/08/2021 13:53:13|DEBUG   |root                            |Bazarr version: 0.9.7|
19/08/2021 13:53:13|DEBUG   |root                            |Bazarr branch: master|
19/08/2021 13:53:13|DEBUG   |root                            |Operating system: Linux-5.11.0-25-generic-x86_64-with-glibc2.29|
19/08/2021 13:53:13|DEBUG   |root                            |Python version: 3.8.10|
19/08/2021 13:53:13|INFO    |socketio.server                 |emitting event "data" to all [/]|
19/08/2021 13:53:13|DEBUG   |peewee                          |('SELECT "t1"."name", "t1"."enabled", "t1"."url" FROM "table_settings_notifier" AS "t1" ORDER BY "t1"."name"', [])|
19/08/2021 13:53:15|DEBUG   |peewee                          |('SELECT "t1"."name", "t1"."enabled", "t1"."url" FROM "table_settings_notifier" AS "t1" ORDER BY "t1"."name"', [])|
19/08/2021 13:53:15|DEBUG   |peewee                          |('SELECT "t1"."title" AS "seriesTitle", "t2"."monitored", (("t2"."season" || ?) || "t2"."episode") AS "episode_number", "t2"."title" AS "episodeTitle", "t2"."missing_subtitles", "t2"."sonarrSeriesId", "t2"."sonarrEpisodeId", "t2"."scene_name" AS "sceneName", "t1"."tags", "t2"."failedAttempts", "t1"."seriesType" FROM "table_episodes" AS "t2" INNER JOIN "table_shows" AS "t1" ON ("t2"."sonarrSeriesId" = "t1"."sonarrSeriesId") WHERE ("t2"."missing_subtitles" != ?) ORDER BY "t2"."rowid" DESC LIMIT ? OFFSET ?', ['x', '[]', '50', '0'])|
19/08/2021 13:53:15|DEBUG   |peewee                          |('SELECT COUNT(1) FROM (SELECT 1 FROM "table_episodes" AS "t1" INNER JOIN "table_shows" AS "t2" ON ("t1"."sonarrSeriesId" = "t2"."sonarrSeriesId") WHERE ("t1"."missing_subtitles" != ?)) AS "_wrapped"', ['[]'])|
19/08/2021 13:53:18|DEBUG   |peewee                          |('SELECT "t1"."title", "t1"."path", "t1"."scene_name", "t1"."audio_language" FROM "table_episodes" AS "t1" WHERE ("t1"."sonarrEpisodeId" = ?) LIMIT ? OFFSET ?', [7146, 1, 0])|
19/08/2021 13:53:18|DEBUG   |peewee                          |('SELECT "t1"."rowid", "t1"."audio_codec", "t1"."audio_language", "t1"."episode", "t1"."episode_file_id", "t1"."failedAttempts", "t1"."ffprobe_cache", "t1"."file_size", "t1"."format", "t1"."missing_subtitles", "t1"."monitored", "t1"."path", "t1"."resolution", "t1"."scene_name", "t1"."season", "t1"."sonarrEpisodeId", "t1"."sonarrSeriesId", "t1"."subtitles", "t1"."title", "t1"."video_codec" FROM "table_episodes" AS "t1" WHERE ("t1"."sonarrEpisodeId" = ?) LIMIT ? OFFSET ?', [7146, 1, 0])|
19/08/2021 13:53:18|DEBUG   |root                            |BAZARR Searching subtitles for this file: /srv/dev-disk-by-label-HDDBESAR/HDD-3TB/Kdrama/Police University/Season 1/Police University - S01E03 - Nothing Is Impossible WEBDL-1080p.mp4|
19/08/2021 13:53:18|DEBUG   |subzero.video                   |Parsing video: Police.University.S01E03.KOREAN.1080p.WEBRip.AAC2.0.x264-AppleTor[rartv].mp4, hints: {'title': 'Nothing Is Impossible', 'type': 'episode'}|
19/08/2021 13:53:18|INFO    |subliminal_patch.core           |Determining basic video properties for 'Police.University.S01E03.KOREAN.1080p.WEBRip.AAC2.0.x264-AppleTor[rartv].mp4' in '/srv/dev-disk-by-label-HDDBESAR/HDD-3TB/Kdrama/Police University/Season 1'|
19/08/2021 13:53:18|DEBUG   |subliminal_patch.core           |GuessIt found: {
    "title": "Police University",
    "season": 1,
    "episode": 3,
    "language": "Korean",
    "screen_size": "1080p",
    "source": "Web",
    "other": "Rip",
    "audio_codec": "AAC",
    "audio_channels": "2.0",
    "video_codec": "H.264",
    "release_group": "AppleTor",
    "container": "mp4",
    "mimetype": "video/mp4",
    "type": "episode"
}|
19/08/2021 13:53:18|DEBUG   |subliminal_patch.core           |Size is 4790095770|
19/08/2021 13:53:18|DEBUG   |subliminal_patch.core           |Computed hashes {'opensubtitles': '62e1cfe27898abda'}|
19/08/2021 13:53:18|DEBUG   |peewee                          |('SELECT "t1"."title" AS "seriesTitle", "t2"."season", "t2"."episode", "t2"."title" AS "episodeTitle", "t1"."year", "t1"."tvdbId", "t1"."alternateTitles", "t2"."format", "t2"."resolution", "t2"."video_codec", "t2"."audio_codec", "t2"."path", "t1"."imdbId" FROM "table_episodes" AS "t2" INNER JOIN "table_shows" AS "t1" ON ("t2"."sonarrSeriesId" = "t1"."sonarrSeriesId") WHERE ("t2"."path" = ?)', ['/srv/dev-disk-by-label-HDDBESAR/HDD-3TB/Kdrama/Police University/Season 1/Police University - S01E03 - Nothing Is Impossible WEBDL-1080p.mp4'])|
19/08/2021 13:53:18|DEBUG   |peewee                          |('SELECT "t1"."episode_file_id", "t1"."file_size" FROM "table_episodes" AS "t1" WHERE ("t1"."path" = ?) LIMIT ? OFFSET ?', ['/srv/dev-disk-by-label-HDDBESAR/HDD-3TB/Kdrama/Police University/Season 1/Police University - S01E03 - Nothing Is Impossible WEBDL-1080p.mp4', 1, 0])|
19/08/2021 13:53:18|DEBUG   |peewee                          |('SELECT "t1"."ffprobe_cache" FROM "table_episodes" AS "t1" WHERE ("t1"."file_size" = ?) LIMIT ? OFFSET ?', [4790095770, 1, 0])|
19/08/2021 13:53:18|DEBUG   |root                            |FFprobe found: OrderedDict([('path', '/srv/dev-disk-by-label-HDDBESAR/HDD-3TB/Kdrama/Police University/Season 1/Police University - S01E03 - Nothing Is Impossible WEBDL-1080p.mp4'), ('duration', datetime.timedelta(seconds=3681, microseconds=100000)), ('size', 4790095770), ('bit_rate', 10410139), ('container', 'mp4'), ('video', [OrderedDict([('id', 0), ('language', <Language [und]>), ('duration', datetime.timedelta(seconds=3681, microseconds=100000)), ('width', 1920), ('height', 1080), ('scan_type', 'Progressive'), ('aspect_ratio', 1.778), ('pixel_aspect_ratio', 1.0), ('resolution', '1080p'), ('frame_rate', 30.0), ('bit_rate', 10145285), ('bit_depth', 8), ('codec', 'H.264'), ('profile', 'High'), ('default', True)])]), ('audio', [OrderedDict([('id', 1), ('language', <Language [und]>), ('duration', datetime.timedelta(seconds=3681, microseconds=54667)), ('codec', 'AAC'), ('profile', 'Low Complexity'), ('channels_count', 2), ('channels', '2.0'), ('bit_rate', 256000), ('sampling_rate', 48000), ('default', True)])]), ('provider', {'name': 'ffmpeg', 'version': {'/usr/bin/ffprobe': 'v4.2.4'}})])|
19/08/2021 13:53:18|DEBUG   |root                            |BAZARR is using these video object properties: {'name': '/srv/dev-disk-by-label-HDDBESAR/HDD-3TB/Kdrama/Police University/Season 1/Police.University.S01E03.KOREAN.1080p.WEBRip.AAC2.0.x264-AppleTor[rartv].mp4', 'source': 'Web', 'release_group': 'AppleTor', 'resolution': '1080p', 'video_codec': 'H.264', 'audio_codec': 'AAC', 'imdb_id': None, 'hashes': {'opensubtitles': '62e1cfe27898abda'}, 'size': 4790095770, 'subtitle_languages': set(), 'original_name': 'Police University - S01E03 - Nothing Is Impossible WEBDL-1080p.mp4', 'plexapi_metadata': {}, 'hints': {'title': 'Nothing Is Impossible', 'type': 'episode', 'single_value': True, 'expected_title': ['Nothing Is Impossible']}, 'audio_languages': {'und'}, 'external_subtitle_languages': set(), 'streaming_service': None, 'edition': None, 'series': 'Police University', 'season': 1, 'episode': 3, 'title': 'Nothing Is Impossible', 'year': None, 'original_series': True, 'tvdb_id': None, 'series_tvdb_id': 398153, 'series_imdb_id': 'tt14518136', 'alternative_series': [], 'used_scene_name': True, 'original_path': '/srv/dev-disk-by-label-HDDBESAR/HDD-3TB/Kdrama/Police University/Season 1/Police University - S01E03 - Nothing Is Impossible WEBDL-1080p.mp4', 'fps': 30.0}|
19/08/2021 13:53:18|DEBUG   |peewee                          |('SELECT "t1"."provider", "t1"."subs_id" FROM "table_blacklist" AS "t1"', [])|
19/08/2021 13:53:18|INFO    |subliminal_patch.core           |Using 3 threads for 3 providers (['opensubtitles', 'subscene', 'yifysubtitles'])|
19/08/2021 13:53:18|INFO    |subliminal_patch.core           |Downloading best subtitles for <Episode ['Police University', 1x3]>|
19/08/2021 13:53:18|INFO    |subliminal_patch.core           |Listing subtitles with provider 'opensubtitles' and languages {<Language [en]>}|
19/08/2021 13:53:18|INFO    |subliminal_patch.core           |Initializing provider opensubtitles|
19/08/2021 13:53:18|DEBUG   |subliminal_patch.providers.opensubtitles|Using timeout: 15|
19/08/2021 13:53:18|DEBUG   |subliminal_patch.providers.opensubtitles|Using previous login token: '0vO88o6X-1XXXXXXXXXXXXXXXXX'|
19/08/2021 13:53:18|INFO    |subliminal_patch.providers.opensubtitles|Searching subtitles [{'moviehash': '62e1cfe27898abda', 'moviebytesize': '4790095770', 'sublanguageid': 'eng'}, {'imdbid': '14518136', 'season': 1, 'episode': 3, 'sublanguageid': 'eng'}]|
19/08/2021 13:53:18|INFO    |subliminal_patch.core           |Listing subtitles with provider 'subscene' and languages {<Language [en]>}|
19/08/2021 13:53:18|INFO    |subliminal_patch.core           |Initializing provider subscene|
19/08/2021 13:53:18|INFO    |subliminal_patch.providers.subscene|Creating session|
19/08/2021 13:53:18|DEBUG   |subliminal_patch.providers.subscene|Re-using old subscene cookies: <RequestsCookieJar[Cookie(version=0, name='scene', value='N8Q6gwMYjRJLKrEvH9v-Wb_li88WUqj2Hl1rMt0U6wxsNJQB7iBFZZvo_DoGIRI2imiRvhUB2q5sSNmR8w-dxGjiajmqyR88NwaXbF2baKFcIsvjd6hXkOVakKfy5aVc1-re-htHoVAYLVThq_gsuwYiMGw9Z5NXjKSh57cXDEH_VxZVgSsnz31NNQu8WluaJUy3xsMhYahwDTfKutdhOo6j2VcNlpQV8fB2cry93I2Qn-NHSAs0nbaUlJjLoCrqLgxKbijfT0oh5HnDbMeeVwq80Qd0iK00WXLVMTY6TusbvYkpCLKalRuZDJ4QfRMEodLo4QqKl4_S4VJ0I4leusU23ALdN1x_7s9rVPJJXlMqHTam00Y4QJPESQcho1T5l1YkoP_Xw2A5ifyMMmWQu9BmN0c177mjub_xP_YZl8X0ltBll_f3xtpXo0rps0P4byph7OQYPaLd8k7XMy6SlIiUYx-GzOP_W946jxkQtJeyC4EOH4HXbZ7CMaE_ufuwiJmmfREYCu9HyFVDHQlDNyf6IBhzepUcp-iY4eJ4L-hxfBog8lUpdeL-yjY3jArfo-7U6qZj2wEvLsY4IdT-FzXNCatKnXixNdItA_1p7J0s1mdyVmC6FyZFlheAA3FlAV7RxQiH-AFgM7V-7XEGRLIkJmHyih3w6KMo3PeporPd_OEL73cMMhgh85YbHFFSjB6df69Ohtpy7Hc7ngJgFP_FB6Ng5kxK63UInKaUXcqjWX8CXcKumgmzfAWx-jko9vBmFrbq1JKDiyaYt3jE3TuffX5AX1ADezbWjZf4T0Up96FG8e-eRcua-UG5FxB7a6k3lfsbdEKo7iLPmKqrJF9gks9gNFXbdVtC9MbfnABCKYP8Q_hyWTQ83s577G-B2OrtATk3kKVdS7UUu-CFwMP6FmyBFYc--aytG4_1VeI8XQpB1yi3wRgokNtUvmC7OWh06oJA-fLBD7PjtOCqGCtagz73N-FalaSNppO74PTgfGcxN0xwLE7qATHV5OJocOq3xRKt0ZNSolY9u5_i06cjVuyjxbT7Xm2yTF3AwOOLTC6FypO0Pmkt5RMJrlUvMI7FL56Q4BFZAiOl__1205O-yMoVCJvCu3ZGGcy38hQhDI4NExaVrCqmUEnRaLuLVhzkmJWoEAPyItOVkdWuKmYme1NKRyZaE9e9hxoNE3aUl547s_z5LhBQXPyI5VYWYaYRo0VzS1mD0Kv8dVWy_A2x-qog6xTcZ4LMrx_h2czNEEMfCm7ic0HzMj_wg0CVk3BOJaLhDzAC-lKDYtiWo7XRHeyzPuNV-_gPEI0oQQqB3wY3HVW8F6Zs1N5sivCRcSJWMiw4JUJN-Xi01ao7d41DTwK4haBFGQBVfYAf8RklN3vQnnul6grPybxliUg3v_lATE0cyY8L02i5FuNUZgjy4m-6yYhJSGYOeA7eos8xO9SwfTrCtcvObTHTCZlirS4nCD4WLWMWM05ljLkf-vijusR9ecCCqYP-G0iqbGtbi0u7J_vNIp__mg9JpVJ1RpaA63weqwmFMKPgaKnwU6_H9vgmiet_aUVsV9gcb9su9PI0FkUoMGwGTNH3_qW-nECI_J906NYtu4z7p248vm4wsX-4yJcBiYLqqL_ha-XPXL2ca-3VMdV5uLoRry2FX7Y7hVoyIQtfdQn-SlG9ogjiHFuHmJ--4iRdZqNb76o2Qjgjm7aioHGAGk7R9ZeQu0aw6lAeSu-rYBEw6VFXb7ZLvDyWWvmDXkeqDfUI-IymavmVd0J95sIIl97ij5_l_5oB0R8aXJFDg1D-cR7kjiVUw7R2FNhM9l4BO0N55Gcqe-_pGtHb1VNXKdGvm5FMPfM5E_lMj0Kdz8T7hDnpbBduDCkNWBeFv1k8Vj4IuVKJiUdtvcCzLVBWPWPs33TtqcswT6e_2aPSWCDlMznJoJtv0RH9fKyNpKS_TvQutYqcyfARpMai1_RYvN-OgPN490GYJh8LGjGrQ5HdVv6bOtNsxVc10Lorq4BmJ-ludHNnvH_gR754nWd5SAMhoVLFbxeesx9gpaqR2YCJElEri7jtYPsApYradX8YI4XBVpvSLoUBkgU6RbcyecWVQyIgkTLjfjy2FdsK0Pph3KuZxkP5msLBiOZ00cxk1ltPa34BeOEWEttyxpJfqC2pN7MF7E6prfSzAH9PV1-ODnTNI27pYP9H4BEjVpVoQBCBnWFlnWf6kGZfG62yJTmPVVldkk84ge79nRb3UNgOUkFyz-WDlPeBzbIUTVvPwQ9HcsoZeS6741xCgWjtCRRIXJv7nnqgQXNO1xMWB9MFGgfq1iiA11-xB-80Q9sQBOstsrv5ykfwYNB2z3anNdeHJknlHMYMQN-fFktZMWsVBVLhLhuxL5ORILpLsZiReFv1UDt3c5VBidG7b-HOJ4SF4dsMatJLC6I768pc_lu8mWKSzFvP5gaK6U1tAxrWKWbbFoP4BF1982L9MurWTb9-hbJ7kDQKbOHjV7VjftbRyOlpgkZJBDapucCUpUFD_aoETDawpPRSXXXeQtQbgYLSPALbbeKULVVt4t5jnXro9QRvxpAG0Yy_4zfq6qnPurgR0d-henM9gNxV7ZDiHgSvfXc2mieBjkXU5PNuD0DKPi-nZA-308mPaIow6Iurh7u57UX2eIydJ3q2amf-pVYx7RkIRNKmjyGk6A3eVwEuPTnrNGMRvcyeqhNzFJm1LKNwzVX-oYlwErt_hlqeJa8TuUxu3r2rxlZL0SZ6RR_b6_bi47fSfgcxoaIHUxlTJ2G_TqB1q41Wg9woESx4V3sqozORK7hPpAbDq9ctwslWkw9zZMy65pwrqSLjRRJCtNCYq2SiuRi_kZeNTm8xnIuvDrPHptvG3120CgSjlWCCOHmjv70HpAgB1yAnXUQdc2b8CAcUzjNQoi1wS-Qobjiel5OkfYPmyqsGoOmcCqycQ9vycaY6bMoUyU97y2eZDpu9NcG91IDD2-5OJnHt4l_qpn8JtYJyaKK0fXOZvLM4C3Cu-OcOMgNSR8BqiG-ZEZ-58tXmVb_6Cq5rGeF_KSLPRsJUPYnn1SHTlSJWDjCcRRO1jyDyJ-YLXsjMLvVMdfj6GkZxuYgnpkDLZxwq67t_Uuw1JtboE9CR2DXBgJVDSLpn5uSYMKMmEG4Bvuw6KnYepCqQpEWi_PD6hq91NElUxRegpczk2Z0WxrzpruxjrhYhTZahDuIsSIwD22FU-p4k84-LflbWnEJFV_Q5bGvKP_EcUbHT8LgF8YHETnoWaCrwnQ', port=None, port_specified=False, domain='.subscene.com', domain_specified=True, domain_initial_dot=True, path='/', path_specified=True, secure=False, expires=1629504504, discard=False, comment=None, comment_url=None, rest={'HttpOnly': None}, rfc2109=False), Cookie(version=0, name='idsrv', value='Jp5TVmpEWNf_5Ks0cZwULYCUmpAtQuu-trUGYNN0S8rRJXwgP2b31tuB0G29CE51NrdNJNeabtyvp2Ob3WNKBVJrhZeo96uF-Jq31AJD-BcKJPBZwdFhzBPFJIvygkrcU_0dju5BTSJd-D0mXdSqqlXblMivNP2HprW_ity9nI9iNy-PFPZVo8u9ozqNLP87RbaHTG1jibL1bAyZcgw5hDUM_ptMCDM6_hmSRjlMS6HbzwauWg8rbrFfI9oZhly1ZzO9R-anIXSsfRev4ZJAyNXDfjqLKLMgVT55osTS8TdhesT--WfRYUmIdcBpRzFQ9AoXyR8ohXpMgBtS0O7d3j3I07jWkrfUlSsaCH2ZyS_Vq-PNotn61SuB5XiQiVcJluvso96D4StlFEgVkVddmbmNM3n6ViwjNu8VWTulYPK-ZjkimOkCgfqvx7wmEK79', port=None, port_specified=False, domain='identity.jeded.com', domain_specified=False, domain_initial_dot=False, path='/core', path_specified=True, secure=True, expires=None, discard=True, comment=None, comment_url=None, rest={'HttpOnly': None}, rfc2109=False), Cookie(version=0, name='idsrv.xsrf', value='0RxGpGLK8fFAp6DSmqbb4tjd7jFeeCIn7z2DYc0nIl4rmeft6zxkjPgwbwa3GvpxfS-OV6sMaF-emryGxpU_T-Sjccd4FRgNHRHhxYRP8yE', port=None, port_specified=False, domain='identity.jeded.com', domain_specified=False, domain_initial_dot=False, path='/core', path_specified=True, secure=True, expires=None, discard=True, comment=None, comment_url=None, rest={'HttpOnly': None}, rfc2109=False), Cookie(version=0, name='idsvr.clients', value='WyI2ODhmYjY0Ny1mMDVmLTQ5NzAtYjE5Yy1iNjJmMGVmNTUxYTgiXQ', port=None, port_specified=False, domain='identity.jeded.com', domain_specified=False, domain_initial_dot=False, path='/core', path_specified=True, secure=True, expires=None, discard=True, comment=None, comment_url=None, rest={'HttpOnly': None}, rfc2109=False), Cookie(version=0, name='idsvr.session', value='5220bc9108406482a8101fb95cbaee33', port=None, port_specified=False, domain='identity.jeded.com', domain_specified=False, domain_initial_dot=False, path='/core', path_specified=True, secure=True, expires=None, discard=True, comment=None, comment_url=None, rest={}, rfc2109=False), Cookie(version=0, name='idsvr.username', value='OdlQ8-7RVl-UHIZlRirybbpXV2bOfv4RqG6dmdqJlVOEXkrT5bQTApLIIsTctHdN0zyPZqq4F-tHguWq0d8C6Q', port=None, port_specified=False, domain='identity.jeded.com', domain_specified=False, domain_initial_dot=False, path='/core', path_specified=True, secure=True, expires=1660767704, discard=False, comment=None, comment_url=None, rest={'HttpOnly': None}, rfc2109=False)]>|
19/08/2021 13:53:18|DEBUG   |subliminal_patch.providers.subscene|Setting account filters to {'HearingImpaired': '2', 'SelectedIds': ['13']}|
19/08/2021 13:53:18|INFO    |subliminal_patch.core           |Skipping provider 'yifysubtitles': not a valid video|
19/08/2021 13:53:18|DEBUG   |urllib3.connectionpool          |Starting new HTTP connection (1): api.opensubtitles.org:80|
19/08/2021 13:53:18|DEBUG   |urllib3.connectionpool          |Starting new HTTPS connection (1): u.subscene.com:443|
19/08/2021 13:53:18|DEBUG   |urllib3.connectionpool          |http://api.opensubtitles.org:80 "POST /xml-rpc HTTP/1.1" 200 191|
19/08/2021 13:53:18|INFO    |subliminal_patch.providers.opensubtitles|No subtitles found|
19/08/2021 13:53:18|DEBUG   |urllib3.connectionpool          |https://u.subscene.com:443 "POST /filter HTTP/1.1" 302 None|
19/08/2021 13:53:18|DEBUG   |subliminal_patch.providers.subscene|Filter created: '{'HearingImpaired': '2', 'LanguageFilter': '13'}'|
19/08/2021 13:53:18|DEBUG   |subliminal_patch.providers.subscene|Filters applied|
19/08/2021 13:53:18|DEBUG   |subliminal_patch.providers.subscene|Searching for alternative results: Police University - First Season|
19/08/2021 13:53:21|DEBUG   |peewee                          |('SELECT "t1"."title", "t1"."path", "t1"."scene_name", "t1"."audio_language" FROM "table_episodes" AS "t1" WHERE ("t1"."sonarrEpisodeId" = ?) LIMIT ? OFFSET ?', [7146, 1, 0])|
19/08/2021 13:53:21|DEBUG   |peewee                          |('SELECT "t1"."rowid", "t1"."audio_codec", "t1"."audio_language", "t1"."episode", "t1"."episode_file_id", "t1"."failedAttempts", "t1"."ffprobe_cache", "t1"."file_size", "t1"."format", "t1"."missing_subtitles", "t1"."monitored", "t1"."path", "t1"."resolution", "t1"."scene_name", "t1"."season", "t1"."sonarrEpisodeId", "t1"."sonarrSeriesId", "t1"."subtitles", "t1"."title", "t1"."video_codec" FROM "table_episodes" AS "t1" WHERE ("t1"."sonarrEpisodeId" = ?) LIMIT ? OFFSET ?', [7146, 1, 0])|
19/08/2021 13:53:21|DEBUG   |root                            |BAZARR Searching subtitles for this file: /srv/dev-disk-by-label-HDDBESAR/HDD-3TB/Kdrama/Police University/Season 1/Police University - S01E03 - Nothing Is Impossible WEBDL-1080p.mp4|
19/08/2021 13:53:21|DEBUG   |subzero.video                   |Parsing video: Police.University.S01E03.KOREAN.1080p.WEBRip.AAC2.0.x264-AppleTor[rartv].mp4, hints: {'title': 'Nothing Is Impossible', 'type': 'episode'}|
19/08/2021 13:53:21|INFO    |subliminal_patch.core           |Determining basic video properties for 'Police.University.S01E03.KOREAN.1080p.WEBRip.AAC2.0.x264-AppleTor[rartv].mp4' in '/srv/dev-disk-by-label-HDDBESAR/HDD-3TB/Kdrama/Police University/Season 1'|
19/08/2021 13:53:21|DEBUG   |subliminal_patch.core           |GuessIt found: {
    "title": "Police University",
    "season": 1,
    "episode": 3,
    "language": "Korean",
    "screen_size": "1080p",
    "source": "Web",
    "other": "Rip",
    "audio_codec": "AAC",
    "audio_channels": "2.0",
    "video_codec": "H.264",
    "release_group": "AppleTor",
    "container": "mp4",
    "mimetype": "video/mp4",
    "type": "episode"
}|
19/08/2021 13:53:21|DEBUG   |subliminal_patch.core           |Size is 4790095770|
19/08/2021 13:53:21|DEBUG   |subliminal_patch.core           |Computed hashes {'opensubtitles': '62e1cfe27898abda'}|
19/08/2021 13:53:21|DEBUG   |peewee                          |('SELECT "t1"."title" AS "seriesTitle", "t2"."season", "t2"."episode", "t2"."title" AS "episodeTitle", "t1"."year", "t1"."tvdbId", "t1"."alternateTitles", "t2"."format", "t2"."resolution", "t2"."video_codec", "t2"."audio_codec", "t2"."path", "t1"."imdbId" FROM "table_episodes" AS "t2" INNER JOIN "table_shows" AS "t1" ON ("t2"."sonarrSeriesId" = "t1"."sonarrSeriesId") WHERE ("t2"."path" = ?)', ['/srv/dev-disk-by-label-HDDBESAR/HDD-3TB/Kdrama/Police University/Season 1/Police University - S01E03 - Nothing Is Impossible WEBDL-1080p.mp4'])|
19/08/2021 13:53:21|DEBUG   |peewee                          |('SELECT "t1"."episode_file_id", "t1"."file_size" FROM "table_episodes" AS "t1" WHERE ("t1"."path" = ?) LIMIT ? OFFSET ?', ['/srv/dev-disk-by-label-HDDBESAR/HDD-3TB/Kdrama/Police University/Season 1/Police University - S01E03 - Nothing Is Impossible WEBDL-1080p.mp4', 1, 0])|
19/08/2021 13:53:21|DEBUG   |peewee                          |('SELECT "t1"."ffprobe_cache" FROM "table_episodes" AS "t1" WHERE ("t1"."file_size" = ?) LIMIT ? OFFSET ?', [4790095770, 1, 0])|
19/08/2021 13:53:21|DEBUG   |root                            |FFprobe found: OrderedDict([('path', '/srv/dev-disk-by-label-HDDBESAR/HDD-3TB/Kdrama/Police University/Season 1/Police University - S01E03 - Nothing Is Impossible WEBDL-1080p.mp4'), ('duration', datetime.timedelta(seconds=3681, microseconds=100000)), ('size', 4790095770), ('bit_rate', 10410139), ('container', 'mp4'), ('video', [OrderedDict([('id', 0), ('language', <Language [und]>), ('duration', datetime.timedelta(seconds=3681, microseconds=100000)), ('width', 1920), ('height', 1080), ('scan_type', 'Progressive'), ('aspect_ratio', 1.778), ('pixel_aspect_ratio', 1.0), ('resolution', '1080p'), ('frame_rate', 30.0), ('bit_rate', 10145285), ('bit_depth', 8), ('codec', 'H.264'), ('profile', 'High'), ('default', True)])]), ('audio', [OrderedDict([('id', 1), ('language', <Language [und]>), ('duration', datetime.timedelta(seconds=3681, microseconds=54667)), ('codec', 'AAC'), ('profile', 'Low Complexity'), ('channels_count', 2), ('channels', '2.0'), ('bit_rate', 256000), ('sampling_rate', 48000), ('default', True)])]), ('provider', {'name': 'ffmpeg', 'version': {'/usr/bin/ffprobe': 'v4.2.4'}})])|
19/08/2021 13:53:21|DEBUG   |root                            |BAZARR is using these video object properties: {'name': '/srv/dev-disk-by-label-HDDBESAR/HDD-3TB/Kdrama/Police University/Season 1/Police.University.S01E03.KOREAN.1080p.WEBRip.AAC2.0.x264-AppleTor[rartv].mp4', 'source': 'Web', 'release_group': 'AppleTor', 'resolution': '1080p', 'video_codec': 'H.264', 'audio_codec': 'AAC', 'imdb_id': None, 'hashes': {'opensubtitles': '62e1cfe27898abda'}, 'size': 4790095770, 'subtitle_languages': set(), 'original_name': 'Police University - S01E03 - Nothing Is Impossible WEBDL-1080p.mp4', 'plexapi_metadata': {}, 'hints': {'title': 'Nothing Is Impossible', 'type': 'episode', 'single_value': True, 'expected_title': ['Nothing Is Impossible']}, 'audio_languages': {'und'}, 'external_subtitle_languages': set(), 'streaming_service': None, 'edition': None, 'series': 'Police University', 'season': 1, 'episode': 3, 'title': 'Nothing Is Impossible', 'year': None, 'original_series': True, 'tvdb_id': None, 'series_tvdb_id': 398153, 'series_imdb_id': 'tt14518136', 'alternative_series': [], 'used_scene_name': True, 'original_path': '/srv/dev-disk-by-label-HDDBESAR/HDD-3TB/Kdrama/Police University/Season 1/Police University - S01E03 - Nothing Is Impossible WEBDL-1080p.mp4', 'fps': 30.0}|
19/08/2021 13:53:21|DEBUG   |peewee                          |('SELECT "t1"."provider", "t1"."subs_id" FROM "table_blacklist" AS "t1"', [])|
19/08/2021 13:53:21|INFO    |subliminal_patch.core           |Using 3 threads for 3 providers (['opensubtitles', 'subscene', 'yifysubtitles'])|
19/08/2021 13:53:21|INFO    |subliminal_patch.core           |Downloading best subtitles for <Episode ['Police University', 1x3]>|
19/08/2021 13:53:21|INFO    |subliminal_patch.core           |Listing subtitles with provider 'opensubtitles' and languages {<Language [id]>}|
19/08/2021 13:53:21|INFO    |subliminal_patch.core           |Initializing provider opensubtitles|
19/08/2021 13:53:21|DEBUG   |subliminal_patch.providers.opensubtitles|Using timeout: 15|
19/08/2021 13:53:21|DEBUG   |subliminal_patch.providers.opensubtitles|Using previous login token: '0vO88o6X-1XXXXXXXXXXXXXXXXX'|
19/08/2021 13:53:21|INFO    |subliminal_patch.providers.opensubtitles|Searching subtitles [{'moviehash': '62e1cfe27898abda', 'moviebytesize': '4790095770', 'sublanguageid': 'ind'}, {'imdbid': '14518136', 'season': 1, 'episode': 3, 'sublanguageid': 'ind'}]|
19/08/2021 13:53:21|INFO    |subliminal_patch.core           |Listing subtitles with provider 'subscene' and languages {<Language [id]>}|
19/08/2021 13:53:21|INFO    |subliminal_patch.core           |Initializing provider subscene|
19/08/2021 13:53:21|INFO    |subliminal_patch.providers.subscene|Creating session|
19/08/2021 13:53:21|DEBUG   |subliminal_patch.providers.subscene|Re-using old subscene cookies: <RequestsCookieJar[Cookie(version=0, name='scene', value='N8Q6gwMYjRJLKrEvH9v-Wb_li88WUqj2Hl1rMt0U6wxsNJQB7iBFZZvo_DoGIRI2imiRvhUB2q5sSNmR8w-dxGjiajmqyR88NwaXbF2baKFcIsvjd6hXkOVakKfy5aVc1-re-htHoVAYLVThq_gsuwYiMGw9Z5NXjKSh57cXDEH_VxZVgSsnz31NNQu8WluaJUy3xsMhYahwDTfKutdhOo6j2VcNlpQV8fB2cry93I2Qn-NHSAs0nbaUlJjLoCrqLgxKbijfT0oh5HnDbMeeVwq80Qd0iK00WXLVMTY6TusbvYkpCLKalRuZDJ4QfRMEodLo4QqKl4_S4VJ0I4leusU23ALdN1x_7s9rVPJJXlMqHTam00Y4QJPESQcho1T5l1YkoP_Xw2A5ifyMMmWQu9BmN0c177mjub_xP_YZl8X0ltBll_f3xtpXo0rps0P4byph7OQYPaLd8k7XMy6SlIiUYx-GzOP_W946jxkQtJeyC4EOH4HXbZ7CMaE_ufuwiJmmfREYCu9HyFVDHQlDNyf6IBhzepUcp-iY4eJ4L-hxfBog8lUpdeL-yjY3jArfo-7U6qZj2wEvLsY4IdT-FzXNCatKnXixNdItA_1p7J0s1mdyVmC6FyZFlheAA3FlAV7RxQiH-AFgM7V-7XEGRLIkJmHyih3w6KMo3PeporPd_OEL73cMMhgh85YbHFFSjB6df69Ohtpy7Hc7ngJgFP_FB6Ng5kxK63UInKaUXcqjWX8CXcKumgmzfAWx-jko9vBmFrbq1JKDiyaYt3jE3TuffX5AX1ADezbWjZf4T0Up96FG8e-eRcua-UG5FxB7a6k3lfsbdEKo7iLPmKqrJF9gks9gNFXbdVtC9MbfnABCKYP8Q_hyWTQ83s577G-B2OrtATk3kKVdS7UUu-CFwMP6FmyBFYc--aytG4_1VeI8XQpB1yi3wRgokNtUvmC7OWh06oJA-fLBD7PjtOCqGCtagz73N-FalaSNppO74PTgfGcxN0xwLE7qATHV5OJocOq3xRKt0ZNSolY9u5_i06cjVuyjxbT7Xm2yTF3AwOOLTC6FypO0Pmkt5RMJrlUvMI7FL56Q4BFZAiOl__1205O-yMoVCJvCu3ZGGcy38hQhDI4NExaVrCqmUEnRaLuLVhzkmJWoEAPyItOVkdWuKmYme1NKRyZaE9e9hxoNE3aUl547s_z5LhBQXPyI5VYWYaYRo0VzS1mD0Kv8dVWy_A2x-qog6xTcZ4LMrx_h2czNEEMfCm7ic0HzMj_wg0CVk3BOJaLhDzAC-lKDYtiWo7XRHeyzPuNV-_gPEI0oQQqB3wY3HVW8F6Zs1N5sivCRcSJWMiw4JUJN-Xi01ao7d41DTwK4haBFGQBVfYAf8RklN3vQnnul6grPybxliUg3v_lATE0cyY8L02i5FuNUZgjy4m-6yYhJSGYOeA7eos8xO9SwfTrCtcvObTHTCZlirS4nCD4WLWMWM05ljLkf-vijusR9ecCCqYP-G0iqbGtbi0u7J_vNIp__mg9JpVJ1RpaA63weqwmFMKPgaKnwU6_H9vgmiet_aUVsV9gcb9su9PI0FkUoMGwGTNH3_qW-nECI_J906NYtu4z7p248vm4wsX-4yJcBiYLqqL_ha-XPXL2ca-3VMdV5uLoRry2FX7Y7hVoyIQtfdQn-SlG9ogjiHFuHmJ--4iRdZqNb76o2Qjgjm7aioHGAGk7R9ZeQu0aw6lAeSu-rYBEw6VFXb7ZLvDyWWvmDXkeqDfUI-IymavmVd0J95sIIl97ij5_l_5oB0R8aXJFDg1D-cR7kjiVUw7R2FNhM9l4BO0N55Gcqe-_pGtHb1VNXKdGvm5FMPfM5E_lMj0Kdz8T7hDnpbBduDCkNWBeFv1k8Vj4IuVKJiUdtvcCzLVBWPWPs33TtqcswT6e_2aPSWCDlMznJoJtv0RH9fKyNpKS_TvQutYqcyfARpMai1_RYvN-OgPN490GYJh8LGjGrQ5HdVv6bOtNsxVc10Lorq4BmJ-ludHNnvH_gR754nWd5SAMhoVLFbxeesx9gpaqR2YCJElEri7jtYPsApYradX8YI4XBVpvSLoUBkgU6RbcyecWVQyIgkTLjfjy2FdsK0Pph3KuZxkP5msLBiOZ00cxk1ltPa34BeOEWEttyxpJfqC2pN7MF7E6prfSzAH9PV1-ODnTNI27pYP9H4BEjVpVoQBCBnWFlnWf6kGZfG62yJTmPVVldkk84ge79nRb3UNgOUkFyz-WDlPeBzbIUTVvPwQ9HcsoZeS6741xCgWjtCRRIXJv7nnqgQXNO1xMWB9MFGgfq1iiA11-xB-80Q9sQBOstsrv5ykfwYNB2z3anNdeHJknlHMYMQN-fFktZMWsVBVLhLhuxL5ORILpLsZiReFv1UDt3c5VBidG7b-HOJ4SF4dsMatJLC6I768pc_lu8mWKSzFvP5gaK6U1tAxrWKWbbFoP4BF1982L9MurWTb9-hbJ7kDQKbOHjV7VjftbRyOlpgkZJBDapucCUpUFD_aoETDawpPRSXXXeQtQbgYLSPALbbeKULVVt4t5jnXro9QRvxpAG0Yy_4zfq6qnPurgR0d-henM9gNxV7ZDiHgSvfXc2mieBjkXU5PNuD0DKPi-nZA-308mPaIow6Iurh7u57UX2eIydJ3q2amf-pVYx7RkIRNKmjyGk6A3eVwEuPTnrNGMRvcyeqhNzFJm1LKNwzVX-oYlwErt_hlqeJa8TuUxu3r2rxlZL0SZ6RR_b6_bi47fSfgcxoaIHUxlTJ2G_TqB1q41Wg9woESx4V3sqozORK7hPpAbDq9ctwslWkw9zZMy65pwrqSLjRRJCtNCYq2SiuRi_kZeNTm8xnIuvDrPHptvG3120CgSjlWCCOHmjv70HpAgB1yAnXUQdc2b8CAcUzjNQoi1wS-Qobjiel5OkfYPmyqsGoOmcCqycQ9vycaY6bMoUyU97y2eZDpu9NcG91IDD2-5OJnHt4l_qpn8JtYJyaKK0fXOZvLM4C3Cu-OcOMgNSR8BqiG-ZEZ-58tXmVb_6Cq5rGeF_KSLPRsJUPYnn1SHTlSJWDjCcRRO1jyDyJ-YLXsjMLvVMdfj6GkZxuYgnpkDLZxwq67t_Uuw1JtboE9CR2DXBgJVDSLpn5uSYMKMmEG4Bvuw6KnYepCqQpEWi_PD6hq91NElUxRegpczk2Z0WxrzpruxjrhYhTZahDuIsSIwD22FU-p4k84-LflbWnEJFV_Q5bGvKP_EcUbHT8LgF8YHETnoWaCrwnQ', port=None, port_specified=False, domain='.subscene.com', domain_specified=True, domain_initial_dot=True, path='/', path_specified=True, secure=False, expires=1629504504, discard=False, comment=None, comment_url=None, rest={'HttpOnly': None}, rfc2109=False), Cookie(version=0, name='idsrv', value='Jp5TVmpEWNf_5Ks0cZwULYCUmpAtQuu-trUGYNN0S8rRJXwgP2b31tuB0G29CE51NrdNJNeabtyvp2Ob3WNKBVJrhZeo96uF-Jq31AJD-BcKJPBZwdFhzBPFJIvygkrcU_0dju5BTSJd-D0mXdSqqlXblMivNP2HprW_ity9nI9iNy-PFPZVo8u9ozqNLP87RbaHTG1jibL1bAyZcgw5hDUM_ptMCDM6_hmSRjlMS6HbzwauWg8rbrFfI9oZhly1ZzO9R-anIXSsfRev4ZJAyNXDfjqLKLMgVT55osTS8TdhesT--WfRYUmIdcBpRzFQ9AoXyR8ohXpMgBtS0O7d3j3I07jWkrfUlSsaCH2ZyS_Vq-PNotn61SuB5XiQiVcJluvso96D4StlFEgVkVddmbmNM3n6ViwjNu8VWTulYPK-ZjkimOkCgfqvx7wmEK79', port=None, port_specified=False, domain='identity.jeded.com', domain_specified=False, domain_initial_dot=False, path='/core', path_specified=True, secure=True, expires=None, discard=True, comment=None, comment_url=None, rest={'HttpOnly': None}, rfc2109=False), Cookie(version=0, name='idsrv.xsrf', value='0RxGpGLK8fFAp6DSmqbb4tjd7jFeeCIn7z2DYc0nIl4rmeft6zxkjPgwbwa3GvpxfS-OV6sMaF-emryGxpU_T-Sjccd4FRgNHRHhxYRP8yE', port=None, port_specified=False, domain='identity.jeded.com', domain_specified=False, domain_initial_dot=False, path='/core', path_specified=True, secure=True, expires=None, discard=True, comment=None, comment_url=None, rest={'HttpOnly': None}, rfc2109=False), Cookie(version=0, name='idsvr.clients', value='WyI2ODhmYjY0Ny1mMDVmLTQ5NzAtYjE5Yy1iNjJmMGVmNTUxYTgiXQ', port=None, port_specified=False, domain='identity.jeded.com', domain_specified=False, domain_initial_dot=False, path='/core', path_specified=True, secure=True, expires=None, discard=True, comment=None, comment_url=None, rest={'HttpOnly': None}, rfc2109=False), Cookie(version=0, name='idsvr.session', value='5220bc9108406482a8101fb95cbaee33', port=None, port_specified=False, domain='identity.jeded.com', domain_specified=False, domain_initial_dot=False, path='/core', path_specified=True, secure=True, expires=None, discard=True, comment=None, comment_url=None, rest={}, rfc2109=False), Cookie(version=0, name='idsvr.username', value='OdlQ8-7RVl-UHIZlRirybbpXV2bOfv4RqG6dmdqJlVOEXkrT5bQTApLIIsTctHdN0zyPZqq4F-tHguWq0d8C6Q', port=None, port_specified=False, domain='identity.jeded.com', domain_specified=False, domain_initial_dot=False, path='/core', path_specified=True, secure=True, expires=1660767704, discard=False, comment=None, comment_url=None, rest={'HttpOnly': None}, rfc2109=False)]>|
19/08/2021 13:53:21|DEBUG   |subliminal_patch.providers.subscene|Setting account filters to {'HearingImpaired': '2', 'SelectedIds': ['44']}|
19/08/2021 13:53:21|INFO    |subliminal_patch.core           |Skipping provider 'yifysubtitles': not a valid video|
19/08/2021 13:53:21|DEBUG   |urllib3.connectionpool          |Starting new HTTP connection (1): api.opensubtitles.org:80|
19/08/2021 13:53:21|DEBUG   |urllib3.connectionpool          |Starting new HTTPS connection (1): u.subscene.com:443|
19/08/2021 13:53:21|DEBUG   |urllib3.connectionpool          |http://api.opensubtitles.org:80 "POST /xml-rpc HTTP/1.1" 200 191|
19/08/2021 13:53:21|INFO    |subliminal_patch.providers.opensubtitles|No subtitles found|
19/08/2021 13:53:22|DEBUG   |urllib3.connectionpool          |https://u.subscene.com:443 "POST /filter HTTP/1.1" 302 None|
19/08/2021 13:53:22|DEBUG   |subliminal_patch.providers.subscene|Filter created: '{'HearingImpaired': '2', 'LanguageFilter': '44'}'|
19/08/2021 13:53:22|DEBUG   |subliminal_patch.providers.subscene|Filters applied|
19/08/2021 13:53:22|DEBUG   |subliminal_patch.providers.subscene|Searching for alternative results: Police University - First Season|
19/08/2021 13:53:26|DEBUG   |urllib3.connectionpool          |Starting new HTTPS connection (1): subscene.com:443|
19/08/2021 13:53:27|DEBUG   |urllib3.connectionpool          |https://subscene.com:443 "POST /subtitles/searchbytitle HTTP/1.1" 200 None|
19/08/2021 13:53:27|DEBUG   |subliminal_patch.providers.subscene|No alternative results found|
19/08/2021 13:53:27|INFO    |subliminal_patch.providers.subscene|0 subtitles found|
19/08/2021 13:53:27|INFO    |subliminal_patch.core           |Downloaded 0 subtitle(s)|
19/08/2021 13:53:27|DEBUG   |subliminal.core                 |Terminating initialized providers|
19/08/2021 13:53:27|INFO    |subliminal_patch.core           |Terminating provider opensubtitles|
19/08/2021 13:53:27|INFO    |subliminal_patch.core           |Terminating provider subscene|
19/08/2021 13:53:27|INFO    |subliminal_patch.providers.subscene|Closing session|
19/08/2021 13:53:27|DEBUG   |root                            |BAZARR No Subtitles were found for this file: /srv/dev-disk-by-label-HDDBESAR/HDD-3TB/Kdrama/Police University/Season 1/Police University - S01E03 - Nothing Is Impossible WEBDL-1080p.mp4|
19/08/2021 13:53:27|INFO    |socketio.server                 |emitting event "data" to all [/]|
19/08/2021 13:53:28|DEBUG   |peewee                          |('SELECT "t1"."configured", "t1"."updated" FROM "system" AS "t1" LIMIT ? OFFSET ?', [1, 0])|
19/08/2021 13:53:29|DEBUG   |peewee                          |('SELECT "t1"."name", "t1"."code2", "t1"."enabled" FROM "table_settings_languages" AS "t1" ORDER BY "t1"."name"', [])|
19/08/2021 13:53:29|DEBUG   |peewee                          |('SELECT "t1"."name", "t1"."enabled", "t1"."url" FROM "table_settings_notifier" AS "t1" ORDER BY "t1"."name"', [])|
19/08/2021 13:53:29|DEBUG   |peewee                          |('SELECT COUNT(1) FROM (SELECT 1 FROM "table_episodes" AS "t1" INNER JOIN "table_shows" AS "t2" ON ("t1"."sonarrSeriesId" = "t2"."sonarrSeriesId") WHERE (? AND ("t1"."missing_subtitles" != ?))) AS "_wrapped"', [True, '[]'])|
19/08/2021 13:53:29|DEBUG   |peewee                          |('SELECT COUNT(1) FROM (SELECT 1 FROM "table_movies" AS "t1" WHERE (? AND ("t1"."missing_subtitles" != ?))) AS "_wrapped"', [True, '[]'])|
19/08/2021 13:53:29|DEBUG   |peewee                          |('SELECT "t1"."path", "t1"."accessible", "t1"."error" FROM "table_shows_rootfolder" AS "t1" WHERE ("t1"."accessible" = ?)', [0])|
19/08/2021 13:53:29|DEBUG   |peewee                          |('SELECT "t1"."path", "t1"."accessible", "t1"."error" FROM "table_movies_rootfolder" AS "t1" WHERE ("t1"."accessible" = ?)', [0])|
19/08/2021 13:53:30|DEBUG   |urllib3.connectionpool          |Starting new HTTPS connection (1): subscene.com:443|
19/08/2021 13:53:30|DEBUG   |urllib3.connectionpool          |https://subscene.com:443 "POST /subtitles/searchbytitle HTTP/1.1" 409 None|
19/08/2021 13:53:30|DEBUG   |subliminal_patch.providers.subscene|No alternative results found|
19/08/2021 13:53:30|INFO    |subliminal_patch.providers.subscene|0 subtitles found|
19/08/2021 13:53:30|INFO    |subliminal_patch.core           |Downloaded 0 subtitle(s)|
19/08/2021 13:53:30|DEBUG   |subliminal.core                 |Terminating initialized providers|
19/08/2021 13:53:30|INFO    |subliminal_patch.core           |Terminating provider opensubtitles|
19/08/2021 13:53:30|INFO    |subliminal_patch.core           |Terminating provider subscene|
19/08/2021 13:53:30|INFO    |subliminal_patch.providers.subscene|Closing session|
19/08/2021 13:53:30|DEBUG   |root                            |BAZARR No Subtitles were found for this file: /srv/dev-disk-by-label-HDDBESAR/HDD-3TB/Kdrama/Police University/Season 1/Police University - S01E03 - Nothing Is Impossible WEBDL-1080p.mp4|
19/08/2021 13:53:30|INFO    |socketio.server                 |emitting event "data" to all [/]|
