31/08/2021 01:38:32|INFO    |root                            |Bazarr is being restarted...|
31/08/2021 01:38:37|INFO    |root                            |Generating grammar tables from /usr/lib/python3.8/lib2to3/Grammar.txt|
31/08/2021 01:38:37|INFO    |root                            |Generating grammar tables from /usr/lib/python3.8/lib2to3/PatternGrammar.txt|
31/08/2021 01:38:38|INFO    |root                            |BAZARR is started and waiting for request on http://***.***.***.***:6767|
31/08/2021 01:38:38|INFO    |root                            |BAZARR trying to connect to Sonarr SignalR feed...|
31/08/2021 01:38:38|INFO    |root                            |BAZARR trying to connect to Radarr SignalR feed...|
31/08/2021 01:38:38|INFO    |root                            |BAZARR SignalR client for Sonarr is connected and waiting for events.|
31/08/2021 01:38:38|INFO    |root                            |BAZARR SignalR client for Radarr is connected and waiting for events.|
31/08/2021 01:44:27|DEBUG   |root                            |Bazarr version: 0.9.8-beta.12|
31/08/2021 01:44:27|DEBUG   |root                            |Bazarr branch: development|
31/08/2021 01:44:27|DEBUG   |root                            |Operating system: Linux-5.11.0-25-generic-x86_64-with-glibc2.29|
31/08/2021 01:44:27|DEBUG   |root                            |Python version: 3.8.10|
31/08/2021 01:44:27|INFO    |socketio.server                 |emitting event "data" to all [/]|
31/08/2021 01:44:27|DEBUG   |peewee                          |('SELECT "t1"."name", "t1"."enabled", "t1"."url" FROM "table_settings_notifier" AS "t1" ORDER BY "t1"."name"', [])|
31/08/2021 01:44:34|DEBUG   |peewee                          |('SELECT "t1"."name", "t1"."enabled", "t1"."url" FROM "table_settings_notifier" AS "t1" ORDER BY "t1"."name"', [])|
31/08/2021 01:44:40|DEBUG   |peewee                          |('SELECT "t1"."configured", "t1"."updated" FROM "system" AS "t1" LIMIT ? OFFSET ?', [1, 0])|
31/08/2021 01:44:40|DEBUG   |peewee                          |('SELECT "t1"."name", "t1"."enabled", "t1"."url" FROM "table_settings_notifier" AS "t1" ORDER BY "t1"."name"', [])|
31/08/2021 01:44:40|DEBUG   |peewee                          |('SELECT COUNT(1) FROM (SELECT 1 FROM "table_episodes" AS "t1" INNER JOIN "table_shows" AS "t2" ON ("t1"."sonarrSeriesId" = "t2"."sonarrSeriesId") WHERE (? AND ("t1"."missing_subtitles" != ?))) AS "_wrapped"', [True, '[]'])|
31/08/2021 01:44:40|DEBUG   |peewee                          |('SELECT COUNT(1) FROM (SELECT 1 FROM "table_movies" AS "t1" WHERE (? AND ("t1"."missing_subtitles" != ?))) AS "_wrapped"', [True, '[]'])|
31/08/2021 01:44:40|DEBUG   |peewee                          |('SELECT "t1"."path", "t1"."accessible", "t1"."error" FROM "table_shows_rootfolder" AS "t1" WHERE ("t1"."accessible" = ?)', [0])|
31/08/2021 01:44:40|DEBUG   |peewee                          |('SELECT "t1"."path", "t1"."accessible", "t1"."error" FROM "table_movies_rootfolder" AS "t1" WHERE ("t1"."accessible" = ?)', [0])|
31/08/2021 01:44:40|DEBUG   |peewee                          |('SELECT "t1"."name", "t1"."code2", "t1"."enabled" FROM "table_settings_languages" AS "t1" ORDER BY "t1"."name"', [])|
31/08/2021 01:44:40|DEBUG   |peewee                          |('SELECT "t1"."title" AS "seriesTitle", "t2"."monitored", (("t2"."season" || ?) || "t2"."episode") AS "episode_number", "t2"."title" AS "episodeTitle", "t2"."missing_subtitles", "t2"."sonarrSeriesId", "t2"."sonarrEpisodeId", "t2"."scene_name" AS "sceneName", "t1"."tags", "t2"."failedAttempts", "t1"."seriesType" FROM "table_episodes" AS "t2" INNER JOIN "table_shows" AS "t1" ON ("t2"."sonarrSeriesId" = "t1"."sonarrSeriesId") WHERE ("t2"."missing_subtitles" != ?) ORDER BY "t2"."rowid" DESC LIMIT ? OFFSET ?', ['x', '[]', '50', '0'])|
31/08/2021 01:44:40|DEBUG   |peewee                          |('SELECT COUNT(1) FROM (SELECT 1 FROM "table_episodes" AS "t1" INNER JOIN "table_shows" AS "t2" ON ("t1"."sonarrSeriesId" = "t2"."sonarrSeriesId") WHERE ("t1"."missing_subtitles" != ?)) AS "_wrapped"', ['[]'])|
31/08/2021 01:44:45|DEBUG   |peewee                          |('SELECT COUNT(1) FROM (SELECT 1 FROM "table_shows" AS "t1") AS "_wrapped"', [])|
31/08/2021 01:44:45|DEBUG   |peewee                          |('SELECT "t1"."tvdbId", "t1"."alternateTitles", "t1"."audio_language", "t1"."fanart", "t1"."imdbId", "t1"."overview", "t1"."path", "t1"."poster", "t1"."profileId", "t1"."seriesType", "t1"."sonarrSeriesId", "t1"."sortTitle", "t1"."tags", "t1"."title", "t1"."year" FROM "table_shows" AS "t1" WHERE ("t1"."sonarrSeriesId" IN (?)) ORDER BY "t1"."sortTitle"', [91])|
31/08/2021 01:44:45|DEBUG   |peewee                          |('SELECT "t1"."tvdbId", "t1"."alternateTitles", "t1"."audio_language", "t1"."fanart", "t1"."imdbId", "t1"."overview", "t1"."path", "t1"."poster", "t1"."profileId", "t1"."seriesType", "t1"."sonarrSeriesId", "t1"."sortTitle", "t1"."tags", "t1"."title", "t1"."year" FROM "table_shows" AS "t1" WHERE ("t1"."sonarrSeriesId" = ?) LIMIT ? OFFSET ?', [91, 1, 0])|
31/08/2021 01:44:45|DEBUG   |peewee                          |('SELECT COUNT(1) FROM (SELECT 1 FROM "table_episodes" AS "t1" INNER JOIN "table_shows" AS "t2" ON ("t1"."sonarrSeriesId" = "t2"."sonarrSeriesId") WHERE (("t1"."sonarrSeriesId" = ?) AND ("t1"."missing_subtitles" != ?))) AS "_wrapped"', [91, '[]'])|
31/08/2021 01:44:45|DEBUG   |peewee                          |('SELECT COUNT(1) FROM (SELECT 1 FROM "table_episodes" AS "t1" INNER JOIN "table_shows" AS "t2" ON ("t1"."sonarrSeriesId" = "t2"."sonarrSeriesId") WHERE ("t1"."sonarrSeriesId" = ?)) AS "_wrapped"', [91])|
31/08/2021 01:44:45|DEBUG   |peewee                          |('SELECT "t1"."rowid", "t1"."audio_codec", "t1"."audio_language", "t1"."episode", "t1"."episode_file_id", "t1"."failedAttempts", "t1"."ffprobe_cache", "t1"."file_size", "t1"."format", "t1"."missing_subtitles", "t1"."monitored", "t1"."path", "t1"."resolution", "t1"."scene_name", "t1"."season", "t1"."sonarrEpisodeId", "t1"."sonarrSeriesId", "t1"."subtitles", "t1"."title", "t1"."video_codec" FROM "table_episodes" AS "t1" WHERE ("t1"."sonarrSeriesId" IN (?)) ORDER BY "t1"."season" DESC, "t1"."episode" DESC', [91])|
31/08/2021 01:44:45|DEBUG   |peewee                          |('SELECT "t1"."rowid", "t1"."audio_codec", "t1"."audio_language", "t1"."episode", "t1"."episode_file_id", "t1"."failedAttempts", "t1"."ffprobe_cache", "t1"."file_size", "t1"."format", "t1"."missing_subtitles", "t1"."monitored", "t1"."path", "t1"."resolution", "t1"."scene_name", "t1"."season", "t1"."sonarrEpisodeId", "t1"."sonarrSeriesId", "t1"."subtitles", "t1"."title", "t1"."video_codec" FROM "table_episodes" AS "t1" WHERE ("t1"."sonarrEpisodeId" = ?) LIMIT ? OFFSET ?', [7149, 1, 0])|
31/08/2021 01:44:45|DEBUG   |peewee                          |('SELECT "t1"."rowid", "t1"."audio_codec", "t1"."audio_language", "t1"."episode", "t1"."episode_file_id", "t1"."failedAttempts", "t1"."ffprobe_cache", "t1"."file_size", "t1"."format", "t1"."missing_subtitles", "t1"."monitored", "t1"."path", "t1"."resolution", "t1"."scene_name", "t1"."season", "t1"."sonarrEpisodeId", "t1"."sonarrSeriesId", "t1"."subtitles", "t1"."title", "t1"."video_codec" FROM "table_episodes" AS "t1" WHERE ("t1"."sonarrEpisodeId" = ?) LIMIT ? OFFSET ?', [7148, 1, 0])|
31/08/2021 01:44:45|DEBUG   |peewee                          |('SELECT "t1"."rowid", "t1"."audio_codec", "t1"."audio_language", "t1"."episode", "t1"."episode_file_id", "t1"."failedAttempts", "t1"."ffprobe_cache", "t1"."file_size", "t1"."format", "t1"."missing_subtitles", "t1"."monitored", "t1"."path", "t1"."resolution", "t1"."scene_name", "t1"."season", "t1"."sonarrEpisodeId", "t1"."sonarrSeriesId", "t1"."subtitles", "t1"."title", "t1"."video_codec" FROM "table_episodes" AS "t1" WHERE ("t1"."sonarrEpisodeId" = ?) LIMIT ? OFFSET ?', [7147, 1, 0])|
31/08/2021 01:44:45|DEBUG   |peewee                          |('SELECT "t1"."rowid", "t1"."audio_codec", "t1"."audio_language", "t1"."episode", "t1"."episode_file_id", "t1"."failedAttempts", "t1"."ffprobe_cache", "t1"."file_size", "t1"."format", "t1"."missing_subtitles", "t1"."monitored", "t1"."path", "t1"."resolution", "t1"."scene_name", "t1"."season", "t1"."sonarrEpisodeId", "t1"."sonarrSeriesId", "t1"."subtitles", "t1"."title", "t1"."video_codec" FROM "table_episodes" AS "t1" WHERE ("t1"."sonarrEpisodeId" = ?) LIMIT ? OFFSET ?', [7146, 1, 0])|
31/08/2021 01:44:45|DEBUG   |peewee                          |('SELECT "t1"."rowid", "t1"."audio_codec", "t1"."audio_language", "t1"."episode", "t1"."episode_file_id", "t1"."failedAttempts", "t1"."ffprobe_cache", "t1"."file_size", "t1"."format", "t1"."missing_subtitles", "t1"."monitored", "t1"."path", "t1"."resolution", "t1"."scene_name", "t1"."season", "t1"."sonarrEpisodeId", "t1"."sonarrSeriesId", "t1"."subtitles", "t1"."title", "t1"."video_codec" FROM "table_episodes" AS "t1" WHERE ("t1"."sonarrEpisodeId" = ?) LIMIT ? OFFSET ?', [7145, 1, 0])|
31/08/2021 01:44:45|DEBUG   |peewee                          |('SELECT "t1"."rowid", "t1"."audio_codec", "t1"."audio_language", "t1"."episode", "t1"."episode_file_id", "t1"."failedAttempts", "t1"."ffprobe_cache", "t1"."file_size", "t1"."format", "t1"."missing_subtitles", "t1"."monitored", "t1"."path", "t1"."resolution", "t1"."scene_name", "t1"."season", "t1"."sonarrEpisodeId", "t1"."sonarrSeriesId", "t1"."subtitles", "t1"."title", "t1"."video_codec" FROM "table_episodes" AS "t1" WHERE ("t1"."sonarrEpisodeId" = ?) LIMIT ? OFFSET ?', [7144, 1, 0])|
31/08/2021 01:44:45|DEBUG   |urllib3.connectionpool          |Starting new HTTP connection (1): ***.***.***.***:8989|
31/08/2021 01:44:45|DEBUG   |urllib3.connectionpool          |http://***.***.***.***:8989 "GET /api/v3/MediaCover/91/poster-500.jpg?apikey=(removed) HTTP/1.1" 200 None|
31/08/2021 01:44:45|DEBUG   |urllib3.connectionpool          |Starting new HTTP connection (1): ***.***.***.***:8989|
31/08/2021 01:44:45|DEBUG   |urllib3.connectionpool          |http://***.***.***.***:8989 "GET /api/v3/MediaCover/91/fanart.jpg?apikey=(removed) HTTP/1.1" 200 None|
31/08/2021 01:44:55|DEBUG   |peewee                          |('SELECT "t1"."title", "t1"."path", "t1"."scene_name", "t2"."profileId" FROM "table_episodes" AS "t1" INNER JOIN "table_shows" AS "t2" ON ("t1"."sonarrSeriesId" = "t2"."sonarrSeriesId") WHERE ("t1"."sonarrEpisodeId" = ?) LIMIT ? OFFSET ?', [7148, 1, 0])|
31/08/2021 01:44:55|DEBUG   |root                            |BAZARR Manually searching subtitles for this file: /srv/dev-disk-by-label-HDDBESAR/HDD-3TB/Kdrama/Police University/Season 1/Police University - S01E05 - The Duo WEBDL-1080p.mp4|
31/08/2021 01:44:55|DEBUG   |subzero.video                   |Parsing video: Police.University.S01E05.KOREAN.1080p.WEBRip.AAC2.0.x264-AppleTor[rartv].mp4, hints: {'title': 'The Duo', 'type': 'episode'}|
31/08/2021 01:44:55|INFO    |subliminal_patch.core           |Determining basic video properties for 'Police.University.S01E05.KOREAN.1080p.WEBRip.AAC2.0.x264-AppleTor[rartv].mp4' in '/srv/dev-disk-by-label-HDDBESAR/HDD-3TB/Kdrama/Police University/Season 1'|
31/08/2021 01:44:56|DEBUG   |subliminal_patch.core           |GuessIt found: {
    "title": "Police University",
    "season": 1,
    "episode": 5,
    "language": "Korean",
    "screen_size": "1080p",
    "source": "Web",
    "other": "Rip",
    "audio_codec": "AAC",
    "audio_channels": "2.0",
    "video_codec": "H.264",
    "release_group": "AppleTor",
    "container": "mp4",
    "mimetype": "video/mp4",
    "type": "episode"
}|
31/08/2021 01:44:56|DEBUG   |subliminal_patch.core           |Size is 4801862748|
31/08/2021 01:44:56|DEBUG   |subliminal_patch.core           |Computed hashes {'opensubtitles': '238b13f1cb972bf4'}|
31/08/2021 01:44:56|DEBUG   |peewee                          |('SELECT "t1"."title" AS "seriesTitle", "t2"."season", "t2"."episode", "t2"."title" AS "episodeTitle", "t1"."year", "t1"."tvdbId", "t1"."alternateTitles", "t2"."format", "t2"."resolution", "t2"."video_codec", "t2"."audio_codec", "t2"."path", "t1"."imdbId" FROM "table_episodes" AS "t2" INNER JOIN "table_shows" AS "t1" ON ("t2"."sonarrSeriesId" = "t1"."sonarrSeriesId") WHERE ("t2"."path" = ?)', ['/srv/dev-disk-by-label-HDDBESAR/HDD-3TB/Kdrama/Police University/Season 1/Police University - S01E05 - The Duo WEBDL-1080p.mp4'])|
31/08/2021 01:44:56|DEBUG   |peewee                          |('SELECT "t1"."episode_file_id", "t1"."file_size" FROM "table_episodes" AS "t1" WHERE ("t1"."path" = ?) LIMIT ? OFFSET ?', ['/srv/dev-disk-by-label-HDDBESAR/HDD-3TB/Kdrama/Police University/Season 1/Police University - S01E05 - The Duo WEBDL-1080p.mp4', 1, 0])|
31/08/2021 01:44:56|DEBUG   |peewee                          |('SELECT "t1"."ffprobe_cache" FROM "table_episodes" AS "t1" WHERE ("t1"."path" = ?) LIMIT ? OFFSET ?', ['/srv/dev-disk-by-label-HDDBESAR/HDD-3TB/Kdrama/Police University/Season 1/Police University - S01E05 - The Duo WEBDL-1080p.mp4', 1, 0])|
31/08/2021 01:44:56|DEBUG   |root                            |FFprobe found: OrderedDict([('path', '/srv/dev-disk-by-label-HDDBESAR/HDD-3TB/Kdrama/Police University/Season 1/Police University - S01E05 - The Duo WEBDL-1080p.mp4'), ('duration', datetime.timedelta(seconds=3690, microseconds=100000)), ('size', 4801862748), ('bit_rate', 10410260), ('container', 'mp4'), ('video', [OrderedDict([('id', 0), ('language', <Language [und]>), ('duration', datetime.timedelta(seconds=3690, microseconds=100000)), ('width', 1920), ('height', 1080), ('scan_type', 'Progressive'), ('aspect_ratio', 1.778), ('pixel_aspect_ratio', 1.0), ('resolution', '1080p'), ('frame_rate', 30.0), ('bit_rate', 10145405), ('bit_depth', 8), ('codec', 'H.264'), ('profile', 'High'), ('default', True)])]), ('audio', [OrderedDict([('id', 1), ('language', <Language [und]>), ('duration', datetime.timedelta(seconds=3690, microseconds=57333)), ('codec', 'AAC'), ('profile', 'Low Complexity'), ('channels_count', 2), ('channels', '2.0'), ('bit_rate', 256000), ('sampling_rate', 48000), ('default', True)])]), ('provider', {'name': 'ffmpeg', 'version': {'/usr/bin/ffprobe': 'v4.2.4'}})])|
31/08/2021 01:44:56|DEBUG   |root                            |BAZARR is using these video object properties: {'name': '/srv/dev-disk-by-label-HDDBESAR/HDD-3TB/Kdrama/Police University/Season 1/Police.University.S01E05.KOREAN.1080p.WEBRip.AAC2.0.x264-AppleTor[rartv].mp4', 'source': 'Web', 'release_group': 'AppleTor', 'resolution': '1080p', 'video_codec': 'H.264', 'audio_codec': 'AAC', 'imdb_id': None, 'hashes': {'opensubtitles': '238b13f1cb972bf4'}, 'size': 4801862748, 'subtitle_languages': set(), 'original_name': 'Police University - S01E05 - The Duo WEBDL-1080p.mp4', 'plexapi_metadata': {}, 'hints': {'title': 'The Duo', 'type': 'episode', 'single_value': True, 'expected_title': ['The Duo']}, 'audio_languages': {'und'}, 'external_subtitle_languages': set(), 'streaming_service': None, 'edition': None, 'series': 'Police University', 'season': 1, 'episode': 5, 'title': 'The Duo', 'year': None, 'original_series': True, 'tvdb_id': None, 'series_tvdb_id': 398153, 'series_imdb_id': 'tt14518136', 'alternative_series': [], 'used_scene_name': True, 'original_path': '/srv/dev-disk-by-label-HDDBESAR/HDD-3TB/Kdrama/Police University/Season 1/Police University - S01E05 - The Duo WEBDL-1080p.mp4', 'fps': 30.0}|
31/08/2021 01:44:56|DEBUG   |peewee                          |('SELECT "t1"."provider", "t1"."subs_id" FROM "table_blacklist" AS "t1"', [])|
31/08/2021 01:44:56|INFO    |subliminal_patch.core           |Listing subtitles for <Episode ['Police University', 1x5]>|
31/08/2021 01:44:56|INFO    |subliminal_patch.core           |Listing subtitles with provider 'opensubtitles' and languages {<Language [en]>, <Language [id]>, <Language [en]>, <Language [id]>}|
31/08/2021 01:44:56|INFO    |subliminal_patch.core           |Initializing provider opensubtitles|
31/08/2021 01:44:56|DEBUG   |subliminal_patch.providers.opensubtitles|Using timeout: 15|
31/08/2021 01:44:56|DEBUG   |subliminal_patch.providers.opensubtitles|Using previous login token: 'PoM0dXsmRKXXXXXXXXXXXXXXXXX'|
31/08/2021 01:44:56|INFO    |subliminal_patch.providers.opensubtitles|Searching subtitles [{'moviehash': '238b13f1cb972bf4', 'moviebytesize': '4801862748', 'sublanguageid': 'eng,eng,ind,ind'}, {'imdbid': '14518136', 'season': 1, 'episode': 5, 'sublanguageid': 'eng,eng,ind,ind'}]|
31/08/2021 01:44:56|DEBUG   |urllib3.connectionpool          |Starting new HTTP connection (1): api.opensubtitles.org:80|
31/08/2021 01:44:56|DEBUG   |urllib3.connectionpool          |http://api.opensubtitles.org:80 "POST /xml-rpc HTTP/1.1" 200 191|
31/08/2021 01:44:56|INFO    |subliminal_patch.providers.opensubtitles|No subtitles found|
31/08/2021 01:44:56|INFO    |subliminal_patch.core           |Listing subtitles with provider 'subscene' and languages {<Language [en]>, <Language [id]>, <Language [en]>, <Language [id]>}|
31/08/2021 01:44:56|INFO    |subliminal_patch.core           |Initializing provider subscene|
31/08/2021 01:44:56|INFO    |subliminal_patch.providers.subscene|Creating session|
31/08/2021 01:44:56|DEBUG   |subliminal_patch.providers.subscene|Logging in|
31/08/2021 01:44:56|DEBUG   |urllib3.connectionpool          |Starting new HTTPS connection (1): subscene.com:443|
31/08/2021 01:44:56|DEBUG   |urllib3.connectionpool          |https://subscene.com:443 "GET /account/login HTTP/1.1" 302 0|
31/08/2021 01:44:56|DEBUG   |urllib3.connectionpool          |Starting new HTTPS connection (1): identity.jeded.com:443|
31/08/2021 01:44:58|DEBUG   |urllib3.connectionpool          |https://identity.jeded.com:443 "GET /core/connect/authorize?client_id=688fb647-f05f-4970-b19c-b62f0ef551a8&redirect_uri=https%3a%2f%2fsubscene.com%2f&response_mode=form_post&response_type=id_token+token&scope=openid+email+profile+roles+jeded_api+subscene_private_api&state=OpenIdConnect.AuthenticationProperties%3dVL7ot92-BTgnqFo_To9kMsP2PzkZWpTtxHviyYMcE_iJIuIGL-2nmJrA7bC7-XvSnL1GOAhbVzpTEFRiJql_DlC3lwvYNJBKHGLXAJDY2UQ2xAOOSWj8WqPTmhAhzbODLMDy4rYuGKlbpwJ5s-b9TXHc6HMytlzpZJxpHwO2GRh4wMfkL4cRGGCtxGuuomece6sE0r1W5S59jdHtEEUd8Q&nonce=637659458134397472.OTI4MDcxYmYtOTBlMy00NzBmLWE1NDktMGYzZmI4MDA3ZTJkNThmNmRmNTEtZjQyZC00MWFhLTkzNDgtZTI3ZDVjZTk3MmE2&x-client-SKU=ID_NET&x-client-ver=1.0.40306.1554 HTTP/1.1" 302 0|
31/08/2021 01:44:59|DEBUG   |urllib3.connectionpool          |https://identity.jeded.com:443 "GET /core/login?signin=e21298ff79d4db97366861387d13b44b HTTP/1.1" 200 None|
31/08/2021 01:45:01|DEBUG   |urllib3.connectionpool          |https://identity.jeded.com:443 "POST /core/login?signin=e21298ff79d4db97366861387d13b44b HTTP/1.1" 302 0|
31/08/2021 01:45:02|DEBUG   |urllib3.connectionpool          |https://identity.jeded.com:443 "GET /core/connect/authorize?client_id=688fb647-f05f-4970-b19c-b62f0ef551a8&redirect_uri=https%3A%2F%2Fsubscene.com%2F&response_mode=form_post&response_type=id_token%20token&scope=openid%20email%20profile%20roles%20jeded_api%20subscene_private_api&state=OpenIdConnect.AuthenticationProperties%3DVL7ot92-BTgnqFo_To9kMsP2PzkZWpTtxHviyYMcE_iJIuIGL-2nmJrA7bC7-XvSnL1GOAhbVzpTEFRiJql_DlC3lwvYNJBKHGLXAJDY2UQ2xAOOSWj8WqPTmhAhzbODLMDy4rYuGKlbpwJ5s-b9TXHc6HMytlzpZJxpHwO2GRh4wMfkL4cRGGCtxGuuomece6sE0r1W5S59jdHtEEUd8Q&nonce=637659458134397472.OTI4MDcxYmYtOTBlMy00NzBmLWE1NDktMGYzZmI4MDA3ZTJkNThmNmRmNTEtZjQyZC00MWFhLTkzNDgtZTI3ZDVjZTk3MmE2&x-client-SKU=ID_NET&x-client-ver=1.0.40306.1554 HTTP/1.1" 200 None|
31/08/2021 01:45:03|DEBUG   |urllib3.connectionpool          |https://subscene.com:443 "POST / HTTP/1.1" 302 0|
31/08/2021 01:45:03|DEBUG   |urllib3.connectionpool          |Starting new HTTP connection (1): subscene.com:80|
31/08/2021 01:45:03|DEBUG   |urllib3.connectionpool          |http://subscene.com:80 "GET /account/login HTTP/1.1" 301 None|
31/08/2021 01:45:04|DEBUG   |urllib3.connectionpool          |https://subscene.com:443 "GET /account/login HTTP/1.1" 302 None|
31/08/2021 01:45:07|DEBUG   |urllib3.connectionpool          |https://subscene.com:443 "GET / HTTP/1.1" 200 None|
31/08/2021 01:45:07|DEBUG   |subliminal_patch.providers.subscene|Storing cookies: <RequestsCookieJar[Cookie(version=0, name='scene', value='TBELlBjZPjRnsqp_FQx-aq3aQWnp_q3Jmt395-M7TToqtDwoCtpmLTUGtyWmC_Rikkw3WC34cxUMaGnx6IptOugUtd5cmnkeQjcd_G61AeV3R22LMrs4_ESEZaYSk2hiGeggf33sSScWPAM3QlNYZxREsbT9y4qpKUHYbg9SlAcdeNAjkzizqVgICwD8qo4Z2og4JuLfzHGqWU4Q8HRTA-3l-la3Q09qXAWmosmT_NvSbTQLlxN4zyaObVoYSGNAO-h4hqezufvfwW8LfQo-nHHYWB1A4S9KWq0t2tzPJ-PCGdzJWLrmMuQ-PkOaqH6Lne0uD_o41e1X-NpXp7irXhGWYPTX9NMRJAh13ty3foC90SJDo_rYpaXi01bBFUXtCeVsDz8V_cp1NPSfmlIyJ_GAFoKtJOAh3MT911X423W0X-auzw5ex7UVXiRqQywewSxdSwtPZtCtC-Y8PMndsZ8f9bjy-4DScpH06n2AP4NPbF4IPcGUDP_X5CHLgxfBvvqGcH7W6Hh41kfpRBTmMe5-OpNZ0fDCOAdil7-BOyKDTVmtOZxR4j5cwFXv-ntGiSGQDiTeEab5v9YAg80XafTrSLR2B1z4_XAInrpxxuHQ4Cn7h7d1cRkn5-jJdTY5pYu7veYc5XQ7jDR0wAFu7X0v7UBJfc4AOlN5MlK3ULZwZoUB11DOlpD25_t2nMEWlUa3Rx_3zzEV6rNhmCED-sZMSZkgkNdAzF3ERjxly39X0XGIMn8IimJoy_uLcpvEa0hO4NoCzvOewWAD8SATqXb4Me7WjuXe3IBgU-lnvCumNevctYYCSXM9bYjcdRWUFKwDrycv9bNpFM8HSaVDXLzzvuG2UyQRAyLBZzxWAYMQvq4qWX2MBwn7f52-UogCsFuFZ14svX2jtf6mTR9UgaSTzp__c9lwSq5OEnuNUNPsYTmKlF8P3t4Fxmdb6EqJWPj0ZYIDSPJk0gj4qiVWSag7b8ghWekcEeXcHTXXJqp5KsbPiBMd0XS_5rrC3K1bDb7l5YFbWJNGo6z18vZTkY-UQfxpLNGRUBcUankWMZjxGj19jH50aWaMLKcLRDRIATPTQMglwHLV5O8tiiioc_ngrrplu0HVJwL778mWnBw24JUAVn8maDbbGtin6-jRdouh2xNVawmrFwXNeeoHbZMu3R4AiLkFIhd3tQpWWn1lJJhkzJV08kfb1GX8_FIcTMOEYwO57wb7uKN7BXn7dJvNL6uNrdcQauZ8gpiyE4JY2I9_rz8jXo9iWr_-i5nrcPsV6lISJ2ag4nhu9-ld4EG0ZZh4vEMuBlqGf0MSIx9nKvfwuncFybiCaBxRjT4eSS74rX_ZmN7wx5nOxM5kb9Yfcc6kiiDBd6DyX_e3B0xcmOJnKZGDzllsdaX17XZrSDdCOEqV79Kupqul6Bx_pAe3WIR50nIzBdojHda6LfdmjTTGa2ZoLR_Rqe5qQ33OPbsRrT2Z8mQO2yxwLjSHhCMcvY7R0M1ZkoRArWcHQ9FIh_uyxpMGFR14f19XT4eTljRJha3NhcoqesGGYu8PtA6wfyPSoirl31p1VKy49FRuvGoZwTQ8-Dj1H9lYZVwACI2wR6BtWgOTaZ2tEE95yrZ2f7anIRd-rfKl5BVpnugmQZcdqFIf3An-RKRIDwB_Iwu934E4fAx_ycO82DF04TPacz2ladpXVC9wUTmS4RCtF-wvQ0L90qd0TLub7iN08_2hestfaBvyySAPd20DLzUFKMNG6Y3i1xDslACE5NPFZdyA6TT_8h44rgy4QOfVpoNA2LsG96GdEbpQwrGoylON_Cu3b0yjuqMS5xzq22cspc6JXcb7pb-Mhoa6r4ucdX0kjRroO0_ijmZTQpebzwLHQD5IRcfdAzjqUxQrOTNyXHMTrOYbeXBat3ezDktmwj6bz1dShZz4O73cfUaSycONwanM9B2TrTmmCMT3_jsdB3bmg7N6SHYJu7ecc7Sst4kxQPa-OdvP7GyA9AiKQdJgY-saEFwobFui6mnLoTrf0qA3CdsuNFpErS1W3BGHyyq5lsnJa_jSM3xt3Myxhz74vSC-NDZsGonuu6jDWhjb_R4PMHzIS4xHr0dqQPuPcpjQ2yAZPNg57_J6Iq1HL_VCRgU2NrsrNK62VSKLOpv-a0Aibz04pJcGlRbYMHk9SYOKUU0VV7RH2Dobut_8wCQPnxZOneU_XinOj05CBogIlGP-hfjkPpCs_u_IFVSZnlNsYSo7P4PIvBknOpbnZHdPrHU-4j4-0ZqrMAfVHbso4DFQKNcD77p4-8l1xOZfC9kbDpItOzY4gr6plWDHvKR8RaWPyFSiQwGrWCpXoTyCcOTmGavfzIJGqD0CdMv-FUcpHG2qXoKuLWb2WZCGxXHk2Yz_NC8pjoBt4xj_hY3qtupVCrwjaHCvXa4Td8aMtx_J6zleZ0y5-8SuIsWTJ0Xmzd3bCna3CxuB0U3HdkVypXpWwSvOaBihlLPpYJCDaDaNTgonoaF2FUSfrKqFRDohMp0VocHqvw7O4SP0o0jryA-NzPw1Gu6-CW8NbN290VkTcT6xrNMqCVBm92D-pYuVW_mQMtPJCo042abFaOnKwuA8DF8Ull0quP5oDVzeqsDiOxAkBtOzpwSy8sedwnSAdAb7VuuJM9e3SRnDrM4A5mQ3ABErEdkNXPmvvOcUA47EkEUKxvnUGbtD_sQS-EVkXBsNNN7MOwDksfttsghVfoqDwmiR_D4jhdD-um5fEaNNYIg_k_3zrhrQBf3P72Tf7xNZGF-W4pir2ecR4vxLxvoHwWO3tCcd9AV-H1X9JETi7Twi9AazmbtZHQd-Ku22SeDQqSfzjVpscXlZaUFo26grT7B0Wu2FWQL0fhIF0mZ_vejUC7U27QoxlY-Y5uSHeQ6A304R16sbwZAE54PIWvw6wH18zFqWXfUsDJcVKwmFzlFobeTTRapV4bv6l2NtGRk-BmoIrgcXaPyC4dzL9Kh5sdaTk8QAVnNdWoVN95XdFyIha_7vL8HXbbaSWl5CVwBZc0HXaeb5e3HO1z9ws-NaFMrRt7Yp8Wqs9JGGm2yieEz0eQ15Oi25pGSJVkhZMOW7-1A-UtMZ5bA68WIb2t7cVRS2d39tJn1sQwgBbqHr1nGmwqsVwTSrvJ1FNV0myRRfwyaDblfCQilcZHig1_mxCr1JPG7DHX5zQLgJAhS-_TYom4SyCVjbvwiwGdfZMfL15Zxeyqjb-OFw3iMoTF_djJeORpfqVj6OjbMEKya5jqvNqqn8Mvyme-7zOg', port=None, port_specified=False, domain='.subscene.com', domain_specified=True, domain_initial_dot=True, path='/', path_specified=True, secure=False, expires=1630621902, discard=False, comment=None, comment_url=None, rest={'HttpOnly': None}, rfc2109=False), Cookie(version=0, name='idsrv', value='kmEkVhtVDXIW1kOJ7SSN9kIJyrFCZfo0wC5t8N4fI8lQPZHtMHHW4ftq_W-uu9N-EAJ4QPhbuKIn1mqPEy9tCam6mT3wRAXXqhwAfxvKII-VneUcGZlo5dYFWwUCs5TjG6nauJhiKcbGj0VSnCtO9pnmgtpBk7pP_xOiZM-7yrL1MhecrB_Yzb8qI7jaJWljVPykMl7XqXhFMfZUpPVUpLydBBEe5XeipNB-J_lRlCiI7pk5QKjR0vSDw4244Uhsxo-b0HuuSrgDuuXTvmEgOFkwYL2TIkAi0YU1WeBiNLG1a4zWb0paeo9LTBWUKbQjPoTYIWX5Lc-6h3iljed5IyEu0xsRtnBeP6nl5ds1xvAVMHyp6vtM8FAB53f9Qd5pGHXzgthqTWZkNXk3QtKqhvzs8QJ6KOOObDkp0jcfnZXTLrUTayFrMTwzzUEtEJHV', port=None, port_specified=False, domain='identity.jeded.com', domain_specified=False, domain_initial_dot=False, path='/core', path_specified=True, secure=True, expires=None, discard=True, comment=None, comment_url=None, rest={'HttpOnly': None}, rfc2109=False), Cookie(version=0, name='idsrv.xsrf', value='2FijvPQHNxwfz8Yg7ykoyEZDgUWSf0C7XaP7F6poWOys354RQwRTPNIKmpanlHBHlJnCaRi9yZxra39MWxzd5mDnuWTz4i0CEalrei8MaUM', port=None, port_specified=False, domain='identity.jeded.com', domain_specified=False, domain_initial_dot=False, path='/core', path_specified=True, secure=True, expires=None, discard=True, comment=None, comment_url=None, rest={'HttpOnly': None}, rfc2109=False), Cookie(version=0, name='idsvr.clients', value='WyI2ODhmYjY0Ny1mMDVmLTQ5NzAtYjE5Yy1iNjJmMGVmNTUxYTgiXQ', port=None, port_specified=False, domain='identity.jeded.com', domain_specified=False, domain_initial_dot=False, path='/core', path_specified=True, secure=True, expires=None, discard=True, comment=None, comment_url=None, rest={'HttpOnly': None}, rfc2109=False), Cookie(version=0, name='idsvr.session', value='19d94f9b77c2a544ebeca64fba247d65', port=None, port_specified=False, domain='identity.jeded.com', domain_specified=False, domain_initial_dot=False, path='/core', path_specified=True, secure=True, expires=None, discard=True, comment=None, comment_url=None, rest={}, rfc2109=False), Cookie(version=0, name='idsvr.username', value='fQrXV4Q1oV3CIzKTgJxaGGQT_OrzUZA7zNZTVVMttu5HBHNw6o-B_Pu4bLrI1QRL8b3GvR7KiZCODCMYb6QLzg', port=None, port_specified=False, domain='identity.jeded.com', domain_specified=False, domain_initial_dot=False, path='/core', path_specified=True, secure=True, expires=1661885101, discard=False, comment=None, comment_url=None, rest={'HttpOnly': None}, rfc2109=False)]>|
31/08/2021 01:45:07|DEBUG   |subliminal_patch.providers.subscene|Filter created: '{'HearingImpaired': '2', 'LanguageFilter': '13,44,13,44'}'|
31/08/2021 01:45:07|DEBUG   |subliminal_patch.providers.subscene|Filters applied|
31/08/2021 01:45:07|DEBUG   |subliminal_patch.providers.subscene|Searching with series and season: Police University - First Season|
31/08/2021 01:45:16|DEBUG   |urllib3.connectionpool          |https://subscene.com:443 "POST /subtitles/searchbytitle HTTP/1.1" 200 None|
31/08/2021 01:45:16|DEBUG   |subliminal_patch.providers.subscene|Searching with series name: Police University|
31/08/2021 01:45:24|DEBUG   |urllib3.connectionpool          |https://subscene.com:443 "POST /subtitles/searchbytitle HTTP/1.1" 200 None|
31/08/2021 01:45:25|DEBUG   |urllib3.connectionpool          |https://subscene.com:443 "POST /subtitles/police-university HTTP/1.1" 200 None|
31/08/2021 01:45:26|DEBUG   |subliminal_patch.providers.subscene|Searching found: 66|
31/08/2021 01:45:26|DEBUG   |subliminal_patch.providers.subscene|Found subtitle <SubsceneSubtitle 'https://subscene.com/subtitles/police-university/indonesian/2560668' [id:None]>|
31/08/2021 01:45:26|DEBUG   |subliminal_patch.providers.subscene|Found subtitle <SubsceneSubtitle 'https://subscene.com/subtitles/police-university/indonesian/2560051' [id:None]>|
31/08/2021 01:45:26|DEBUG   |subliminal_patch.providers.subscene|Found subtitle <SubsceneSubtitle 'https://subscene.com/subtitles/police-university/indonesian/2560406' [id:None]>|
31/08/2021 01:45:26|DEBUG   |subliminal_patch.providers.subscene|Found subtitle <SubsceneSubtitle 'https://subscene.com/subtitles/police-university/indonesian/2559787' [id:None]>|
31/08/2021 01:45:26|DEBUG   |subliminal_patch.providers.subscene|Found subtitle <SubsceneSubtitle 'https://subscene.com/subtitles/police-university/indonesian/2555178' [id:None]>|
31/08/2021 01:45:26|DEBUG   |subliminal_patch.providers.subscene|Found subtitle <SubsceneSubtitle 'https://subscene.com/subtitles/police-university/indonesian/2554104' [id:None]>|
31/08/2021 01:45:26|DEBUG   |subliminal_patch.providers.subscene|Found subtitle <SubsceneSubtitle 'https://subscene.com/subtitles/police-university/indonesian/2548880' [id:None]>|
31/08/2021 01:45:26|DEBUG   |subliminal_patch.providers.subscene|Found subtitle <SubsceneSubtitle 'https://subscene.com/subtitles/police-university/indonesian/2548038' [id:None]>|
31/08/2021 01:45:26|DEBUG   |subliminal_patch.providers.subscene|Found subtitle <SubsceneSubtitle 'https://subscene.com/subtitles/police-university/indonesian/2549116' [id:None]>|
31/08/2021 01:45:26|DEBUG   |subliminal_patch.providers.subscene|Found subtitle <SubsceneSubtitle 'https://subscene.com/subtitles/police-university/indonesian/2548330' [id:None]>|
31/08/2021 01:45:26|DEBUG   |subliminal_patch.providers.subscene|Found subtitle <SubsceneSubtitle 'https://subscene.com/subtitles/police-university/indonesian/2560642' [id:None]>|
31/08/2021 01:45:26|DEBUG   |subliminal_patch.providers.subscene|Found subtitle <SubsceneSubtitle 'https://subscene.com/subtitles/police-university/indonesian/2559988' [id:None]>|
31/08/2021 01:45:26|DEBUG   |subliminal_patch.providers.subscene|Found subtitle <SubsceneSubtitle 'https://subscene.com/subtitles/police-university/indonesian/2555164' [id:None]>|
31/08/2021 01:45:26|DEBUG   |subliminal_patch.providers.subscene|Found subtitle <SubsceneSubtitle 'https://subscene.com/subtitles/police-university/indonesian/2554355' [id:None]>|
31/08/2021 01:45:26|DEBUG   |subliminal_patch.providers.subscene|Found subtitle <SubsceneSubtitle 'https://subscene.com/subtitles/police-university/indonesian/2549111' [id:None]>|
31/08/2021 01:45:26|DEBUG   |subliminal_patch.providers.subscene|Found subtitle <SubsceneSubtitle 'https://subscene.com/subtitles/police-university/indonesian/2550892' [id:None]>|
31/08/2021 01:45:26|DEBUG   |subliminal_patch.providers.subscene|Found subtitle <SubsceneSubtitle 'https://subscene.com/subtitles/police-university/indonesian/2560723' [id:None]>|
31/08/2021 01:45:26|DEBUG   |subliminal_patch.providers.subscene|Found subtitle <SubsceneSubtitle 'https://subscene.com/subtitles/police-university/indonesian/2559992' [id:None]>|
31/08/2021 01:45:26|DEBUG   |subliminal_patch.providers.subscene|Found subtitle <SubsceneSubtitle 'https://subscene.com/subtitles/police-university/indonesian/2555175' [id:None]>|
31/08/2021 01:45:26|DEBUG   |subliminal_patch.providers.subscene|Found subtitle <SubsceneSubtitle 'https://subscene.com/subtitles/police-university/indonesian/2554450' [id:None]>|
31/08/2021 01:45:26|DEBUG   |subliminal_patch.providers.subscene|Found subtitle <SubsceneSubtitle 'https://subscene.com/subtitles/police-university/indonesian/2549113' [id:None]>|
31/08/2021 01:45:26|DEBUG   |subliminal_patch.providers.subscene|Found subtitle <SubsceneSubtitle 'https://subscene.com/subtitles/police-university/indonesian/2548290' [id:None]>|
31/08/2021 01:45:26|DEBUG   |subliminal_patch.providers.subscene|Found subtitle <SubsceneSubtitle 'https://subscene.com/subtitles/police-university/indonesian/2561241' [id:None]>|
31/08/2021 01:45:26|DEBUG   |subliminal_patch.providers.subscene|Found subtitle <SubsceneSubtitle 'https://subscene.com/subtitles/police-university/indonesian/2561241' [id:None]>|
31/08/2021 01:45:26|DEBUG   |subliminal_patch.providers.subscene|Found subtitle <SubsceneSubtitle 'https://subscene.com/subtitles/police-university/indonesian/2560008' [id:None]>|
31/08/2021 01:45:26|DEBUG   |subliminal_patch.providers.subscene|Found subtitle <SubsceneSubtitle 'https://subscene.com/subtitles/police-university/indonesian/2561241' [id:None]>|
31/08/2021 01:45:26|DEBUG   |subliminal_patch.providers.subscene|Found subtitle <SubsceneSubtitle 'https://subscene.com/subtitles/police-university/indonesian/2555232' [id:None]>|
31/08/2021 01:45:26|DEBUG   |subliminal_patch.providers.subscene|Found subtitle <SubsceneSubtitle 'https://subscene.com/subtitles/police-university/indonesian/2555825' [id:None]>|
31/08/2021 01:45:26|DEBUG   |subliminal_patch.providers.subscene|Found subtitle <SubsceneSubtitle 'https://subscene.com/subtitles/police-university/indonesian/2554411' [id:None]>|
31/08/2021 01:45:26|DEBUG   |subliminal_patch.providers.subscene|Found subtitle <SubsceneSubtitle 'https://subscene.com/subtitles/police-university/indonesian/2555825' [id:None]>|
31/08/2021 01:45:26|DEBUG   |subliminal_patch.providers.subscene|Found subtitle <SubsceneSubtitle 'https://subscene.com/subtitles/police-university/indonesian/2549140' [id:None]>|
31/08/2021 01:45:26|DEBUG   |subliminal_patch.providers.subscene|Found subtitle <SubsceneSubtitle 'https://subscene.com/subtitles/police-university/indonesian/2549140' [id:None]>|
31/08/2021 01:45:26|DEBUG   |subliminal_patch.providers.subscene|Found subtitle <SubsceneSubtitle 'https://subscene.com/subtitles/police-university/indonesian/2548324' [id:None]>|
31/08/2021 01:45:26|DEBUG   |subliminal_patch.providers.subscene|Found subtitle <SubsceneSubtitle 'https://subscene.com/subtitles/police-university/indonesian/2548324' [id:None]>|
31/08/2021 01:45:26|DEBUG   |subliminal_patch.providers.subscene|Found subtitle <SubsceneSubtitle 'https://subscene.com/subtitles/police-university/indonesian/2560952' [id:None]>|
31/08/2021 01:45:26|DEBUG   |subliminal_patch.providers.subscene|Found subtitle <SubsceneSubtitle 'https://subscene.com/subtitles/police-university/indonesian/2560410' [id:None]>|
31/08/2021 01:45:26|DEBUG   |subliminal_patch.providers.subscene|Found subtitle <SubsceneSubtitle 'https://subscene.com/subtitles/police-university/indonesian/2560952' [id:None]>|
31/08/2021 01:45:26|DEBUG   |subliminal_patch.providers.subscene|Found subtitle <SubsceneSubtitle 'https://subscene.com/subtitles/police-university/indonesian/2559790' [id:None]>|
31/08/2021 01:45:26|DEBUG   |subliminal_patch.providers.subscene|Found subtitle <SubsceneSubtitle 'https://subscene.com/subtitles/police-university/indonesian/2555544' [id:None]>|
31/08/2021 01:45:26|DEBUG   |subliminal_patch.providers.subscene|Found subtitle <SubsceneSubtitle 'https://subscene.com/subtitles/police-university/indonesian/2554927' [id:None]>|
31/08/2021 01:45:26|DEBUG   |subliminal_patch.providers.subscene|Found subtitle <SubsceneSubtitle 'https://subscene.com/subtitles/police-university/indonesian/2555544' [id:None]>|
31/08/2021 01:45:26|DEBUG   |subliminal_patch.providers.subscene|Found subtitle <SubsceneSubtitle 'https://subscene.com/subtitles/police-university/indonesian/2554022' [id:None]>|
31/08/2021 01:45:26|DEBUG   |subliminal_patch.providers.subscene|Found subtitle <SubsceneSubtitle 'https://subscene.com/subtitles/police-university/indonesian/2555544' [id:None]>|
31/08/2021 01:45:26|DEBUG   |subliminal_patch.providers.subscene|Found subtitle <SubsceneSubtitle 'https://subscene.com/subtitles/police-university/indonesian/2548862' [id:None]>|
31/08/2021 01:45:26|DEBUG   |subliminal_patch.providers.subscene|Found subtitle <SubsceneSubtitle 'https://subscene.com/subtitles/police-university/indonesian/2555544' [id:None]>|
31/08/2021 01:45:26|DEBUG   |subliminal_patch.providers.subscene|Found subtitle <SubsceneSubtitle 'https://subscene.com/subtitles/police-university/indonesian/2548029' [id:None]>|
31/08/2021 01:45:26|DEBUG   |subliminal_patch.providers.subscene|Found subtitle <SubsceneSubtitle 'https://subscene.com/subtitles/police-university/indonesian/2548862' [id:None]>|
31/08/2021 01:45:26|DEBUG   |subliminal_patch.providers.subscene|Found subtitle <SubsceneSubtitle 'https://subscene.com/subtitles/police-university/indonesian/2560487' [id:None]>|
31/08/2021 01:45:26|DEBUG   |subliminal_patch.providers.subscene|Found subtitle <SubsceneSubtitle 'https://subscene.com/subtitles/police-university/indonesian/2560408' [id:None]>|
31/08/2021 01:45:26|DEBUG   |subliminal_patch.providers.subscene|Found subtitle <SubsceneSubtitle 'https://subscene.com/subtitles/police-university/indonesian/2559778' [id:None]>|
31/08/2021 01:45:26|DEBUG   |subliminal_patch.providers.subscene|Found subtitle <SubsceneSubtitle 'https://subscene.com/subtitles/police-university/indonesian/2559778' [id:None]>|
31/08/2021 01:45:26|DEBUG   |subliminal_patch.providers.subscene|Found subtitle <SubsceneSubtitle 'https://subscene.com/subtitles/police-university/indonesian/2559778' [id:None]>|
31/08/2021 01:45:26|DEBUG   |subliminal_patch.providers.subscene|Found subtitle <SubsceneSubtitle 'https://subscene.com/subtitles/police-university/indonesian/2559778' [id:None]>|
31/08/2021 01:45:26|DEBUG   |subliminal_patch.providers.subscene|Found subtitle <SubsceneSubtitle 'https://subscene.com/subtitles/police-university/indonesian/2559778' [id:None]>|
31/08/2021 01:45:26|DEBUG   |subliminal_patch.providers.subscene|Found subtitle <SubsceneSubtitle 'https://subscene.com/subtitles/police-university/indonesian/2559708' [id:None]>|
31/08/2021 01:45:26|DEBUG   |subliminal_patch.providers.subscene|Found subtitle <SubsceneSubtitle 'https://subscene.com/subtitles/police-university/indonesian/2560355' [id:None]>|
31/08/2021 01:45:26|DEBUG   |subliminal_patch.providers.subscene|Found subtitle <SubsceneSubtitle 'https://subscene.com/subtitles/police-university/indonesian/2554816' [id:None]>|
31/08/2021 01:45:26|DEBUG   |subliminal_patch.providers.subscene|Found subtitle <SubsceneSubtitle 'https://subscene.com/subtitles/police-university/indonesian/2553652' [id:None]>|
31/08/2021 01:45:26|DEBUG   |subliminal_patch.providers.subscene|Found subtitle <SubsceneSubtitle 'https://subscene.com/subtitles/police-university/indonesian/2548688' [id:None]>|
31/08/2021 01:45:26|DEBUG   |subliminal_patch.providers.subscene|Found subtitle <SubsceneSubtitle 'https://subscene.com/subtitles/police-university/indonesian/2548948' [id:None]>|
31/08/2021 01:45:26|DEBUG   |subliminal_patch.providers.subscene|Found subtitle <SubsceneSubtitle 'https://subscene.com/subtitles/police-university/indonesian/2554934' [id:None]>|
31/08/2021 01:45:26|DEBUG   |subliminal_patch.providers.subscene|Found subtitle <SubsceneSubtitle 'https://subscene.com/subtitles/police-university/indonesian/2559967' [id:None]>|
31/08/2021 01:45:26|DEBUG   |subliminal_patch.providers.subscene|Found subtitle <SubsceneSubtitle 'https://subscene.com/subtitles/police-university/indonesian/2554992' [id:None]>|
31/08/2021 01:45:26|DEBUG   |subliminal_patch.providers.subscene|Found subtitle <SubsceneSubtitle 'https://subscene.com/subtitles/police-university/indonesian/2554112' [id:None]>|
31/08/2021 01:45:26|DEBUG   |subliminal_patch.providers.subscene|Found subtitle <SubsceneSubtitle 'https://subscene.com/subtitles/police-university/indonesian/2548926' [id:None]>|
31/08/2021 01:45:26|DEBUG   |subliminal_patch.providers.subscene|Found subtitle <SubsceneSubtitle 'https://subscene.com/subtitles/police-university/indonesian/2548345' [id:None]>|
31/08/2021 01:45:26|INFO    |subliminal_patch.providers.subscene|66 subtitles found|
31/08/2021 01:45:26|INFO    |subliminal_patch.core           |Skipping provider 'yifysubtitles': not a valid video|
31/08/2021 01:45:26|INFO    |subliminal_patch.core           |Found 52 subtitle(s)|
31/08/2021 01:45:26|DEBUG   |subliminal.core                 |Terminating initialized providers|
31/08/2021 01:45:26|INFO    |subliminal_patch.core           |Terminating provider opensubtitles|
31/08/2021 01:45:26|INFO    |subliminal_patch.core           |Terminating provider subscene|
31/08/2021 01:45:26|INFO    |subliminal_patch.providers.subscene|Closing session|
31/08/2021 01:45:26|DEBUG   |root                            |BAZARR Skipping <SubsceneSubtitle 'https://subscene.com/subtitles/police-university/indonesian/2560668' [id:None]>, because it doesn't match our series/episode|
31/08/2021 01:45:26|DEBUG   |root                            |BAZARR Skipping <SubsceneSubtitle 'https://subscene.com/subtitles/police-university/indonesian/2560051' [id:None]>, because it doesn't match our series/episode|
31/08/2021 01:45:26|DEBUG   |root                            |BAZARR Skipping <SubsceneSubtitle 'https://subscene.com/subtitles/police-university/indonesian/2560406' [id:None]>, because it doesn't match our series/episode|
31/08/2021 01:45:26|DEBUG   |root                            |BAZARR Skipping <SubsceneSubtitle 'https://subscene.com/subtitles/police-university/indonesian/2559787' [id:None]>, because it doesn't match our series/episode|
31/08/2021 01:45:26|DEBUG   |root                            |BAZARR Skipping <SubsceneSubtitle 'https://subscene.com/subtitles/police-university/indonesian/2555178' [id:None]>, because it doesn't match our series/episode|
31/08/2021 01:45:26|DEBUG   |root                            |BAZARR Skipping <SubsceneSubtitle 'https://subscene.com/subtitles/police-university/indonesian/2554104' [id:None]>, because it doesn't match our series/episode|
31/08/2021 01:45:26|DEBUG   |root                            |BAZARR Skipping <SubsceneSubtitle 'https://subscene.com/subtitles/police-university/indonesian/2548880' [id:None]>, because it doesn't match our series/episode|
31/08/2021 01:45:26|DEBUG   |root                            |BAZARR Skipping <SubsceneSubtitle 'https://subscene.com/subtitles/police-university/indonesian/2548038' [id:None]>, because it doesn't match our series/episode|
31/08/2021 01:45:26|DEBUG   |root                            |BAZARR Skipping <SubsceneSubtitle 'https://subscene.com/subtitles/police-university/indonesian/2549116' [id:None]>, because it doesn't match our series/episode|
31/08/2021 01:45:26|DEBUG   |root                            |BAZARR Skipping <SubsceneSubtitle 'https://subscene.com/subtitles/police-university/indonesian/2548330' [id:None]>, because it doesn't match our series/episode|
31/08/2021 01:45:26|DEBUG   |subliminal_patch.subtitle       |Source match found? True: Web -> ['Web']|
31/08/2021 01:45:26|DEBUG   |root                            |BAZARR Skipping <SubsceneSubtitle 'https://subscene.com/subtitles/police-university/indonesian/2560642' [id:None]>, because it doesn't match our series/episode|
31/08/2021 01:45:26|DEBUG   |subliminal_patch.subtitle       |Source match found? True: Web -> ['Web']|
31/08/2021 01:45:26|DEBUG   |root                            |BAZARR Skipping <SubsceneSubtitle 'https://subscene.com/subtitles/police-university/indonesian/2559988' [id:None]>, because it doesn't match our series/episode|
31/08/2021 01:45:26|DEBUG   |subliminal_patch.subtitle       |Source match found? True: Web -> ['Web']|
31/08/2021 01:45:26|DEBUG   |root                            |BAZARR Skipping <SubsceneSubtitle 'https://subscene.com/subtitles/police-university/indonesian/2555164' [id:None]>, because it doesn't match our series/episode|
31/08/2021 01:45:26|DEBUG   |subliminal_patch.subtitle       |Source match found? True: Web -> ['Web']|
31/08/2021 01:45:26|DEBUG   |root                            |BAZARR Skipping <SubsceneSubtitle 'https://subscene.com/subtitles/police-university/indonesian/2554355' [id:None]>, because it doesn't match our series/episode|
31/08/2021 01:45:26|DEBUG   |subliminal_patch.subtitle       |Source match found? True: Web -> ['Web']|
31/08/2021 01:45:26|DEBUG   |root                            |BAZARR Skipping <SubsceneSubtitle 'https://subscene.com/subtitles/police-university/indonesian/2549111' [id:None]>, because it doesn't match our series/episode|
31/08/2021 01:45:26|DEBUG   |subliminal_patch.subtitle       |Source match found? True: Web -> ['Web']|
31/08/2021 01:45:26|DEBUG   |root                            |BAZARR Skipping <SubsceneSubtitle 'https://subscene.com/subtitles/police-university/indonesian/2550892' [id:None]>, because it doesn't match our series/episode|
31/08/2021 01:45:26|DEBUG   |root                            |BAZARR Skipping <SubsceneSubtitle 'https://subscene.com/subtitles/police-university/indonesian/2560723' [id:None]>, because it doesn't match our series/episode|
31/08/2021 01:45:26|DEBUG   |root                            |BAZARR Skipping <SubsceneSubtitle 'https://subscene.com/subtitles/police-university/indonesian/2559992' [id:None]>, because it doesn't match our series/episode|
31/08/2021 01:45:26|DEBUG   |root                            |BAZARR Skipping <SubsceneSubtitle 'https://subscene.com/subtitles/police-university/indonesian/2555175' [id:None]>, because it doesn't match our series/episode|
31/08/2021 01:45:26|DEBUG   |root                            |BAZARR Skipping <SubsceneSubtitle 'https://subscene.com/subtitles/police-university/indonesian/2554450' [id:None]>, because it doesn't match our series/episode|
31/08/2021 01:45:26|DEBUG   |root                            |BAZARR Skipping <SubsceneSubtitle 'https://subscene.com/subtitles/police-university/indonesian/2549113' [id:None]>, because it doesn't match our series/episode|
31/08/2021 01:45:26|DEBUG   |root                            |BAZARR Skipping <SubsceneSubtitle 'https://subscene.com/subtitles/police-university/indonesian/2548290' [id:None]>, because it doesn't match our series/episode|
31/08/2021 01:45:26|DEBUG   |subliminal_patch.subtitle       |Source match found? True: Web -> ['Web']|
31/08/2021 01:45:26|DEBUG   |root                            |BAZARR Skipping <SubsceneSubtitle 'https://subscene.com/subtitles/police-university/indonesian/2561241' [id:None]>, because it doesn't match our series/episode|
31/08/2021 01:45:27|DEBUG   |subliminal_patch.subtitle       |Source match found? True: Web -> ['Web']|
31/08/2021 01:45:27|INFO    |subliminal_patch.score          |<SubsceneSubtitle 'https://subscene.com/subtitles/police-university/indonesian/2560008' [id:None]>: Computing score for video <Episode ['Police University', 1x5]> with {'hearing_impaired': False}|
31/08/2021 01:45:27|DEBUG   |subliminal_patch.score          |Matched hearing_impaired|
31/08/2021 01:45:27|INFO    |subliminal_patch.score          |<SubsceneSubtitle 'https://subscene.com/subtitles/police-university/indonesian/2560008' [id:None]>: Computed score 338 with final matches {'episode', 'source', 'season', 'hearing_impaired', 'edition', 'year', 'series'}|
31/08/2021 01:45:27|DEBUG   |subliminal_patch.subtitle       |Source match found? True: Web -> ['Web']|
31/08/2021 01:45:27|DEBUG   |root                            |BAZARR Skipping <SubsceneSubtitle 'https://subscene.com/subtitles/police-university/indonesian/2555232' [id:None]>, because it doesn't match our series/episode|
31/08/2021 01:45:27|DEBUG   |subliminal_patch.subtitle       |Source match found? True: Web -> ['Web']|
31/08/2021 01:45:27|DEBUG   |root                            |BAZARR Skipping <SubsceneSubtitle 'https://subscene.com/subtitles/police-university/indonesian/2555825' [id:None]>, because it doesn't match our series/episode|
31/08/2021 01:45:27|DEBUG   |subliminal_patch.subtitle       |Source match found? True: Web -> ['Web']|
31/08/2021 01:45:27|DEBUG   |root                            |BAZARR Skipping <SubsceneSubtitle 'https://subscene.com/subtitles/police-university/indonesian/2554411' [id:None]>, because it doesn't match our series/episode|
31/08/2021 01:45:27|DEBUG   |subliminal_patch.subtitle       |Source match found? True: Web -> ['Web']|
31/08/2021 01:45:27|DEBUG   |root                            |BAZARR Skipping <SubsceneSubtitle 'https://subscene.com/subtitles/police-university/indonesian/2549140' [id:None]>, because it doesn't match our series/episode|
31/08/2021 01:45:27|DEBUG   |subliminal_patch.subtitle       |Source match found? True: Web -> ['Web']|
31/08/2021 01:45:27|DEBUG   |root                            |BAZARR Skipping <SubsceneSubtitle 'https://subscene.com/subtitles/police-university/indonesian/2548324' [id:None]>, because it doesn't match our series/episode|
31/08/2021 01:45:27|DEBUG   |root                            |BAZARR Skipping <SubsceneSubtitle 'https://subscene.com/subtitles/police-university/indonesian/2560952' [id:None]>, because it doesn't match our series/episode|
31/08/2021 01:45:27|DEBUG   |root                            |BAZARR Skipping <SubsceneSubtitle 'https://subscene.com/subtitles/police-university/indonesian/2560410' [id:None]>, because it doesn't match our series/episode|
31/08/2021 01:45:27|DEBUG   |root                            |BAZARR Skipping <SubsceneSubtitle 'https://subscene.com/subtitles/police-university/indonesian/2559790' [id:None]>, because it doesn't match our series/episode|
31/08/2021 01:45:27|DEBUG   |root                            |BAZARR Skipping <SubsceneSubtitle 'https://subscene.com/subtitles/police-university/indonesian/2555544' [id:None]>, because it doesn't match our series/episode|
31/08/2021 01:45:27|DEBUG   |root                            |BAZARR Skipping <SubsceneSubtitle 'https://subscene.com/subtitles/police-university/indonesian/2554927' [id:None]>, because it doesn't match our series/episode|
31/08/2021 01:45:27|DEBUG   |root                            |BAZARR Skipping <SubsceneSubtitle 'https://subscene.com/subtitles/police-university/indonesian/2554022' [id:None]>, because it doesn't match our series/episode|
31/08/2021 01:45:27|DEBUG   |root                            |BAZARR Skipping <SubsceneSubtitle 'https://subscene.com/subtitles/police-university/indonesian/2548862' [id:None]>, because it doesn't match our series/episode|
31/08/2021 01:45:27|DEBUG   |root                            |BAZARR Skipping <SubsceneSubtitle 'https://subscene.com/subtitles/police-university/indonesian/2548029' [id:None]>, because it doesn't match our series/episode|
31/08/2021 01:45:27|DEBUG   |root                            |BAZARR Skipping <SubsceneSubtitle 'https://subscene.com/subtitles/police-university/indonesian/2560487' [id:None]>, because it doesn't match our series/episode|
31/08/2021 01:45:27|DEBUG   |root                            |BAZARR Skipping <SubsceneSubtitle 'https://subscene.com/subtitles/police-university/indonesian/2560408' [id:None]>, because it doesn't match our series/episode|
31/08/2021 01:45:27|DEBUG   |root                            |BAZARR Skipping <SubsceneSubtitle 'https://subscene.com/subtitles/police-university/indonesian/2559778' [id:None]>, because it doesn't match our series/episode|
31/08/2021 01:45:27|DEBUG   |root                            |BAZARR Skipping <SubsceneSubtitle 'https://subscene.com/subtitles/police-university/indonesian/2559708' [id:None]>, because it doesn't match our series/episode|
31/08/2021 01:45:27|DEBUG   |root                            |BAZARR Skipping <SubsceneSubtitle 'https://subscene.com/subtitles/police-university/indonesian/2560355' [id:None]>, because it doesn't match our series/episode|
31/08/2021 01:45:27|DEBUG   |root                            |BAZARR Skipping <SubsceneSubtitle 'https://subscene.com/subtitles/police-university/indonesian/2554816' [id:None]>, because it doesn't match our series/episode|
31/08/2021 01:45:27|DEBUG   |root                            |BAZARR Skipping <SubsceneSubtitle 'https://subscene.com/subtitles/police-university/indonesian/2553652' [id:None]>, because it doesn't match our series/episode|
31/08/2021 01:45:27|DEBUG   |root                            |BAZARR Skipping <SubsceneSubtitle 'https://subscene.com/subtitles/police-university/indonesian/2548688' [id:None]>, because it doesn't match our series/episode|
31/08/2021 01:45:27|DEBUG   |root                            |BAZARR Skipping <SubsceneSubtitle 'https://subscene.com/subtitles/police-university/indonesian/2548948' [id:None]>, because it doesn't match our series/episode|
31/08/2021 01:45:27|DEBUG   |root                            |BAZARR Skipping <SubsceneSubtitle 'https://subscene.com/subtitles/police-university/indonesian/2554934' [id:None]>, because it doesn't match our series/episode|
31/08/2021 01:45:27|DEBUG   |root                            |BAZARR Skipping <SubsceneSubtitle 'https://subscene.com/subtitles/police-university/indonesian/2559967' [id:None]>, because it doesn't match our series/episode|
31/08/2021 01:45:27|DEBUG   |root                            |BAZARR Skipping <SubsceneSubtitle 'https://subscene.com/subtitles/police-university/indonesian/2554992' [id:None]>, because it doesn't match our series/episode|
31/08/2021 01:45:27|DEBUG   |root                            |BAZARR Skipping <SubsceneSubtitle 'https://subscene.com/subtitles/police-university/indonesian/2554112' [id:None]>, because it doesn't match our series/episode|
31/08/2021 01:45:27|DEBUG   |root                            |BAZARR Skipping <SubsceneSubtitle 'https://subscene.com/subtitles/police-university/indonesian/2548926' [id:None]>, because it doesn't match our series/episode|
31/08/2021 01:45:27|DEBUG   |root                            |BAZARR Skipping <SubsceneSubtitle 'https://subscene.com/subtitles/police-university/indonesian/2548345' [id:None]>, because it doesn't match our series/episode|
31/08/2021 01:45:27|DEBUG   |root                            |BAZARR 1 Subtitles have been found for this file: /srv/dev-disk-by-label-HDDBESAR/HDD-3TB/Kdrama/Police University/Season 1/Police University - S01E05 - The Duo WEBDL-1080p.mp4|
31/08/2021 01:45:27|DEBUG   |root                            |BAZARR Ended searching Subtitles for this file: /srv/dev-disk-by-label-HDDBESAR/HDD-3TB/Kdrama/Police University/Season 1/Police University - S01E05 - The Duo WEBDL-1080p.mp4|
31/08/2021 01:50:47|DEBUG   |peewee                          |('SELECT COUNT(1) FROM (SELECT 1 FROM "table_shows" AS "t1") AS "_wrapped"', [])|
31/08/2021 01:50:47|DEBUG   |peewee                          |('SELECT "t1"."tvdbId", "t1"."alternateTitles", "t1"."audio_language", "t1"."fanart", "t1"."imdbId", "t1"."overview", "t1"."path", "t1"."poster", "t1"."profileId", "t1"."seriesType", "t1"."sonarrSeriesId", "t1"."sortTitle", "t1"."tags", "t1"."title", "t1"."year" FROM "table_shows" AS "t1" WHERE ("t1"."sonarrSeriesId" IN (?)) ORDER BY "t1"."sortTitle"', [89])|
31/08/2021 01:50:47|DEBUG   |peewee                          |('SELECT "t1"."tvdbId", "t1"."alternateTitles", "t1"."audio_language", "t1"."fanart", "t1"."imdbId", "t1"."overview", "t1"."path", "t1"."poster", "t1"."profileId", "t1"."seriesType", "t1"."sonarrSeriesId", "t1"."sortTitle", "t1"."tags", "t1"."title", "t1"."year" FROM "table_shows" AS "t1" WHERE ("t1"."sonarrSeriesId" = ?) LIMIT ? OFFSET ?', [89, 1, 0])|
31/08/2021 01:50:47|DEBUG   |peewee                          |('SELECT COUNT(1) FROM (SELECT 1 FROM "table_episodes" AS "t1" INNER JOIN "table_shows" AS "t2" ON ("t1"."sonarrSeriesId" = "t2"."sonarrSeriesId") WHERE (("t1"."sonarrSeriesId" = ?) AND ("t1"."missing_subtitles" != ?))) AS "_wrapped"', [89, '[]'])|
31/08/2021 01:50:47|DEBUG   |peewee                          |('SELECT COUNT(1) FROM (SELECT 1 FROM "table_episodes" AS "t1" INNER JOIN "table_shows" AS "t2" ON ("t1"."sonarrSeriesId" = "t2"."sonarrSeriesId") WHERE ("t1"."sonarrSeriesId" = ?)) AS "_wrapped"', [89])|
31/08/2021 01:50:47|DEBUG   |peewee                          |('SELECT "t1"."rowid", "t1"."audio_codec", "t1"."audio_language", "t1"."episode", "t1"."episode_file_id", "t1"."failedAttempts", "t1"."ffprobe_cache", "t1"."file_size", "t1"."format", "t1"."missing_subtitles", "t1"."monitored", "t1"."path", "t1"."resolution", "t1"."scene_name", "t1"."season", "t1"."sonarrEpisodeId", "t1"."sonarrSeriesId", "t1"."subtitles", "t1"."title", "t1"."video_codec" FROM "table_episodes" AS "t1" WHERE ("t1"."sonarrSeriesId" IN (?)) ORDER BY "t1"."season" DESC, "t1"."episode" DESC', [89])|
31/08/2021 01:50:47|DEBUG   |peewee                          |('SELECT "t1"."rowid", "t1"."audio_codec", "t1"."audio_language", "t1"."episode", "t1"."episode_file_id", "t1"."failedAttempts", "t1"."ffprobe_cache", "t1"."file_size", "t1"."format", "t1"."missing_subtitles", "t1"."monitored", "t1"."path", "t1"."resolution", "t1"."scene_name", "t1"."season", "t1"."sonarrEpisodeId", "t1"."sonarrSeriesId", "t1"."subtitles", "t1"."title", "t1"."video_codec" FROM "table_episodes" AS "t1" WHERE ("t1"."sonarrEpisodeId" = ?) LIMIT ? OFFSET ?', [7129, 1, 0])|
31/08/2021 01:50:47|DEBUG   |peewee                          |('SELECT "t1"."rowid", "t1"."audio_codec", "t1"."audio_language", "t1"."episode", "t1"."episode_file_id", "t1"."failedAttempts", "t1"."ffprobe_cache", "t1"."file_size", "t1"."format", "t1"."missing_subtitles", "t1"."monitored", "t1"."path", "t1"."resolution", "t1"."scene_name", "t1"."season", "t1"."sonarrEpisodeId", "t1"."sonarrSeriesId", "t1"."subtitles", "t1"."title", "t1"."video_codec" FROM "table_episodes" AS "t1" WHERE ("t1"."sonarrEpisodeId" = ?) LIMIT ? OFFSET ?', [7128, 1, 0])|
31/08/2021 01:50:47|DEBUG   |peewee                          |('SELECT "t1"."rowid", "t1"."audio_codec", "t1"."audio_language", "t1"."episode", "t1"."episode_file_id", "t1"."failedAttempts", "t1"."ffprobe_cache", "t1"."file_size", "t1"."format", "t1"."missing_subtitles", "t1"."monitored", "t1"."path", "t1"."resolution", "t1"."scene_name", "t1"."season", "t1"."sonarrEpisodeId", "t1"."sonarrSeriesId", "t1"."subtitles", "t1"."title", "t1"."video_codec" FROM "table_episodes" AS "t1" WHERE ("t1"."sonarrEpisodeId" = ?) LIMIT ? OFFSET ?', [7127, 1, 0])|
31/08/2021 01:50:47|DEBUG   |peewee                          |('SELECT "t1"."rowid", "t1"."audio_codec", "t1"."audio_language", "t1"."episode", "t1"."episode_file_id", "t1"."failedAttempts", "t1"."ffprobe_cache", "t1"."file_size", "t1"."format", "t1"."missing_subtitles", "t1"."monitored", "t1"."path", "t1"."resolution", "t1"."scene_name", "t1"."season", "t1"."sonarrEpisodeId", "t1"."sonarrSeriesId", "t1"."subtitles", "t1"."title", "t1"."video_codec" FROM "table_episodes" AS "t1" WHERE ("t1"."sonarrEpisodeId" = ?) LIMIT ? OFFSET ?', [7126, 1, 0])|
31/08/2021 01:50:47|DEBUG   |peewee                          |('SELECT "t1"."rowid", "t1"."audio_codec", "t1"."audio_language", "t1"."episode", "t1"."episode_file_id", "t1"."failedAttempts", "t1"."ffprobe_cache", "t1"."file_size", "t1"."format", "t1"."missing_subtitles", "t1"."monitored", "t1"."path", "t1"."resolution", "t1"."scene_name", "t1"."season", "t1"."sonarrEpisodeId", "t1"."sonarrSeriesId", "t1"."subtitles", "t1"."title", "t1"."video_codec" FROM "table_episodes" AS "t1" WHERE ("t1"."sonarrEpisodeId" = ?) LIMIT ? OFFSET ?', [7125, 1, 0])|
31/08/2021 01:50:47|DEBUG   |peewee                          |('SELECT "t1"."rowid", "t1"."audio_codec", "t1"."audio_language", "t1"."episode", "t1"."episode_file_id", "t1"."failedAttempts", "t1"."ffprobe_cache", "t1"."file_size", "t1"."format", "t1"."missing_subtitles", "t1"."monitored", "t1"."path", "t1"."resolution", "t1"."scene_name", "t1"."season", "t1"."sonarrEpisodeId", "t1"."sonarrSeriesId", "t1"."subtitles", "t1"."title", "t1"."video_codec" FROM "table_episodes" AS "t1" WHERE ("t1"."sonarrEpisodeId" = ?) LIMIT ? OFFSET ?', [7124, 1, 0])|
31/08/2021 01:50:47|DEBUG   |peewee                          |('SELECT "t1"."rowid", "t1"."audio_codec", "t1"."audio_language", "t1"."episode", "t1"."episode_file_id", "t1"."failedAttempts", "t1"."ffprobe_cache", "t1"."file_size", "t1"."format", "t1"."missing_subtitles", "t1"."monitored", "t1"."path", "t1"."resolution", "t1"."scene_name", "t1"."season", "t1"."sonarrEpisodeId", "t1"."sonarrSeriesId", "t1"."subtitles", "t1"."title", "t1"."video_codec" FROM "table_episodes" AS "t1" WHERE ("t1"."sonarrEpisodeId" = ?) LIMIT ? OFFSET ?', [7123, 1, 0])|
31/08/2021 01:50:47|DEBUG   |peewee                          |('SELECT "t1"."rowid", "t1"."audio_codec", "t1"."audio_language", "t1"."episode", "t1"."episode_file_id", "t1"."failedAttempts", "t1"."ffprobe_cache", "t1"."file_size", "t1"."format", "t1"."missing_subtitles", "t1"."monitored", "t1"."path", "t1"."resolution", "t1"."scene_name", "t1"."season", "t1"."sonarrEpisodeId", "t1"."sonarrSeriesId", "t1"."subtitles", "t1"."title", "t1"."video_codec" FROM "table_episodes" AS "t1" WHERE ("t1"."sonarrEpisodeId" = ?) LIMIT ? OFFSET ?', [7122, 1, 0])|
31/08/2021 01:50:47|DEBUG   |peewee                          |('SELECT "t1"."rowid", "t1"."audio_codec", "t1"."audio_language", "t1"."episode", "t1"."episode_file_id", "t1"."failedAttempts", "t1"."ffprobe_cache", "t1"."file_size", "t1"."format", "t1"."missing_subtitles", "t1"."monitored", "t1"."path", "t1"."resolution", "t1"."scene_name", "t1"."season", "t1"."sonarrEpisodeId", "t1"."sonarrSeriesId", "t1"."subtitles", "t1"."title", "t1"."video_codec" FROM "table_episodes" AS "t1" WHERE ("t1"."sonarrEpisodeId" = ?) LIMIT ? OFFSET ?', [7121, 1, 0])|
31/08/2021 01:50:47|DEBUG   |peewee                          |('SELECT "t1"."rowid", "t1"."audio_codec", "t1"."audio_language", "t1"."episode", "t1"."episode_file_id", "t1"."failedAttempts", "t1"."ffprobe_cache", "t1"."file_size", "t1"."format", "t1"."missing_subtitles", "t1"."monitored", "t1"."path", "t1"."resolution", "t1"."scene_name", "t1"."season", "t1"."sonarrEpisodeId", "t1"."sonarrSeriesId", "t1"."subtitles", "t1"."title", "t1"."video_codec" FROM "table_episodes" AS "t1" WHERE ("t1"."sonarrEpisodeId" = ?) LIMIT ? OFFSET ?', [7120, 1, 0])|
31/08/2021 01:50:47|DEBUG   |peewee                          |('SELECT "t1"."rowid", "t1"."audio_codec", "t1"."audio_language", "t1"."episode", "t1"."episode_file_id", "t1"."failedAttempts", "t1"."ffprobe_cache", "t1"."file_size", "t1"."format", "t1"."missing_subtitles", "t1"."monitored", "t1"."path", "t1"."resolution", "t1"."scene_name", "t1"."season", "t1"."sonarrEpisodeId", "t1"."sonarrSeriesId", "t1"."subtitles", "t1"."title", "t1"."video_codec" FROM "table_episodes" AS "t1" WHERE ("t1"."sonarrEpisodeId" = ?) LIMIT ? OFFSET ?', [7119, 1, 0])|
31/08/2021 01:50:47|DEBUG   |peewee                          |('SELECT "t1"."rowid", "t1"."audio_codec", "t1"."audio_language", "t1"."episode", "t1"."episode_file_id", "t1"."failedAttempts", "t1"."ffprobe_cache", "t1"."file_size", "t1"."format", "t1"."missing_subtitles", "t1"."monitored", "t1"."path", "t1"."resolution", "t1"."scene_name", "t1"."season", "t1"."sonarrEpisodeId", "t1"."sonarrSeriesId", "t1"."subtitles", "t1"."title", "t1"."video_codec" FROM "table_episodes" AS "t1" WHERE ("t1"."sonarrEpisodeId" = ?) LIMIT ? OFFSET ?', [7118, 1, 0])|
31/08/2021 01:50:47|DEBUG   |urllib3.connectionpool          |Starting new HTTP connection (1): ***.***.***.***:8989|
31/08/2021 01:50:47|DEBUG   |urllib3.connectionpool          |http://***.***.***.***:8989 "GET /api/system/status?apikey=(removed) HTTP/1.1" 200 None|
31/08/2021 01:50:47|DEBUG   |root                            |BAZARR got this Sonarr version from its API: 3.0.6.1265|
31/08/2021 01:50:47|DEBUG   |urllib3.connectionpool          |Starting new HTTP connection (1): ***.***.***.***:8989|
31/08/2021 01:50:47|DEBUG   |urllib3.connectionpool          |http://***.***.***.***:8989 "GET /api/v3/MediaCover/89/poster-500.jpg?apikey=(removed) HTTP/1.1" 200 None|
31/08/2021 01:50:47|DEBUG   |urllib3.connectionpool          |Starting new HTTP connection (1): ***.***.***.***:8989|
31/08/2021 01:50:47|DEBUG   |urllib3.connectionpool          |http://***.***.***.***:8989 "GET /api/v3/MediaCover/89/fanart.jpg?apikey=(removed) HTTP/1.1" 200 None|
31/08/2021 01:50:54|DEBUG   |peewee                          |('SELECT "t1"."title", "t1"."path", "t1"."scene_name", "t2"."profileId" FROM "table_episodes" AS "t1" INNER JOIN "table_shows" AS "t2" ON ("t1"."sonarrSeriesId" = "t2"."sonarrSeriesId") WHERE ("t1"."sonarrEpisodeId" = ?) LIMIT ? OFFSET ?', [7129, 1, 0])|
31/08/2021 01:50:54|DEBUG   |root                            |BAZARR Manually searching subtitles for this file: /srv/dev-disk-by-label-HDDBESAR/HDD-3TB/Kdrama/The Penthouse/Season 3/The Penthouse - S03E12 - Episode 12 WEBDL-1080p.mp4|
31/08/2021 01:50:54|DEBUG   |subzero.video                   |Parsing video: The.Penthouse.S03E12.KOREAN.1080p.WEBRip.AAC2.0.x264-AppleTor[rartv].mp4, hints: {'title': 'Episode 12', 'type': 'episode'}|
31/08/2021 01:50:54|INFO    |subliminal_patch.core           |Determining basic video properties for 'The.Penthouse.S03E12.KOREAN.1080p.WEBRip.AAC2.0.x264-AppleTor[rartv].mp4' in '/srv/dev-disk-by-label-HDDBESAR/HDD-3TB/Kdrama/The Penthouse/Season 3'|
31/08/2021 01:50:54|DEBUG   |subliminal_patch.core           |GuessIt found: {
    "title": "The Penthouse",
    "season": 3,
    "episode": 12,
    "language": "Korean",
    "screen_size": "1080p",
    "source": "Web",
    "other": "Rip",
    "audio_codec": "AAC",
    "audio_channels": "2.0",
    "video_codec": "H.264",
    "release_group": "AppleTor",
    "container": "mp4",
    "mimetype": "video/mp4",
    "type": "episode"
}|
31/08/2021 01:50:54|DEBUG   |subliminal_patch.core           |Size is 2893241515|
31/08/2021 01:50:54|DEBUG   |subliminal_patch.core           |Computed hashes {'opensubtitles': '55e867525e86c56f'}|
31/08/2021 01:50:54|DEBUG   |peewee                          |('SELECT "t1"."title" AS "seriesTitle", "t2"."season", "t2"."episode", "t2"."title" AS "episodeTitle", "t1"."year", "t1"."tvdbId", "t1"."alternateTitles", "t2"."format", "t2"."resolution", "t2"."video_codec", "t2"."audio_codec", "t2"."path", "t1"."imdbId" FROM "table_episodes" AS "t2" INNER JOIN "table_shows" AS "t1" ON ("t2"."sonarrSeriesId" = "t1"."sonarrSeriesId") WHERE ("t2"."path" = ?)', ['/srv/dev-disk-by-label-HDDBESAR/HDD-3TB/Kdrama/The Penthouse/Season 3/The Penthouse - S03E12 - Episode 12 WEBDL-1080p.mp4'])|
31/08/2021 01:50:54|DEBUG   |peewee                          |('SELECT "t1"."episode_file_id", "t1"."file_size" FROM "table_episodes" AS "t1" WHERE ("t1"."path" = ?) LIMIT ? OFFSET ?', ['/srv/dev-disk-by-label-HDDBESAR/HDD-3TB/Kdrama/The Penthouse/Season 3/The Penthouse - S03E12 - Episode 12 WEBDL-1080p.mp4', 1, 0])|
31/08/2021 01:50:54|DEBUG   |peewee                          |('SELECT "t1"."ffprobe_cache" FROM "table_episodes" AS "t1" WHERE ("t1"."path" = ?) LIMIT ? OFFSET ?', ['/srv/dev-disk-by-label-HDDBESAR/HDD-3TB/Kdrama/The Penthouse/Season 3/The Penthouse - S03E12 - Episode 12 WEBDL-1080p.mp4', 1, 0])|
31/08/2021 01:50:54|DEBUG   |root                            |FFprobe found: OrderedDict([('path', '/srv/dev-disk-by-label-HDDBESAR/HDD-3TB/Kdrama/The Penthouse/Season 3/The Penthouse - S03E12 - Episode 12 WEBDL-1080p.mp4'), ('duration', datetime.timedelta(seconds=4399, microseconds=132456)), ('size', 2893241515), ('bit_rate', 5261476), ('container', 'mp4'), ('video', [OrderedDict([('id', 0), ('language', <Language [en]>), ('duration', datetime.timedelta(seconds=4399, microseconds=132456)), ('width', 1920), ('height', 1080), ('scan_type', 'Progressive'), ('aspect_ratio', 1.778), ('pixel_aspect_ratio', 1.0), ('resolution', '1080p'), ('frame_rate', 29.97), ('bit_rate', 5000025), ('bit_depth', 8), ('codec', 'H.264'), ('profile', 'High'), ('default', True)])]), ('audio', [OrderedDict([('id', 1), ('language', <Language [en]>), ('duration', datetime.timedelta(seconds=4399, microseconds=61042)), ('codec', 'AAC'), ('profile', 'Low Complexity'), ('channels_count', 2), ('channels', '2.0'), ('bit_rate', 254048), ('sampling_rate', 48000), ('default', True)])]), ('provider', {'name': 'ffmpeg', 'version': {'/usr/bin/ffprobe': 'v4.2.4'}})])|
31/08/2021 01:50:54|DEBUG   |root                            |BAZARR is using these video object properties: {'name': '/srv/dev-disk-by-label-HDDBESAR/HDD-3TB/Kdrama/The Penthouse/Season 3/The.Penthouse.S03E12.KOREAN.1080p.WEBRip.AAC2.0.x264-AppleTor[rartv].mp4', 'source': 'Web', 'release_group': 'AppleTor', 'resolution': '1080p', 'video_codec': 'H.264', 'audio_codec': 'AAC', 'imdb_id': None, 'hashes': {'opensubtitles': '55e867525e86c56f'}, 'size': 2893241515, 'subtitle_languages': set(), 'original_name': 'The Penthouse - S03E12 - Episode 12 WEBDL-1080p.mp4', 'plexapi_metadata': {}, 'hints': {'title': 'Episode 12', 'type': 'episode', 'single_value': True, 'expected_title': ['Episode 12']}, 'audio_languages': {'eng'}, 'external_subtitle_languages': set(), 'streaming_service': None, 'edition': None, 'series': 'The Penthouse', 'season': 3, 'episode': 12, 'title': 'Episode 12', 'year': None, 'original_series': True, 'tvdb_id': None, 'series_tvdb_id': 383800, 'series_imdb_id': 'tt13067118', 'alternative_series': ['Penthouse'], 'used_scene_name': True, 'original_path': '/srv/dev-disk-by-label-HDDBESAR/HDD-3TB/Kdrama/The Penthouse/Season 3/The Penthouse - S03E12 - Episode 12 WEBDL-1080p.mp4', 'fps': 29.97}|
31/08/2021 01:50:54|DEBUG   |peewee                          |('SELECT "t1"."provider", "t1"."subs_id" FROM "table_blacklist" AS "t1"', [])|
31/08/2021 01:50:54|INFO    |subliminal_patch.core           |Listing subtitles for <Episode ['The Penthouse', 3x12]>|
31/08/2021 01:50:54|INFO    |subliminal_patch.core           |Listing subtitles with provider 'opensubtitles' and languages {<Language [en]>, <Language [id]>, <Language [en]>, <Language [id]>}|
31/08/2021 01:50:54|INFO    |subliminal_patch.core           |Initializing provider opensubtitles|
31/08/2021 01:50:54|DEBUG   |subliminal_patch.providers.opensubtitles|Using timeout: 15|
31/08/2021 01:50:54|DEBUG   |subliminal_patch.providers.opensubtitles|Using previous login token: 'PoM0dXsmRKXXXXXXXXXXXXXXXXX'|
31/08/2021 01:50:54|INFO    |subliminal_patch.providers.opensubtitles|Searching subtitles [{'moviehash': '55e867525e86c56f', 'moviebytesize': '2893241515', 'sublanguageid': 'eng,eng,ind,ind'}, {'imdbid': '13067118', 'season': 3, 'episode': 12, 'sublanguageid': 'eng,eng,ind,ind'}]|
31/08/2021 01:50:54|DEBUG   |urllib3.connectionpool          |Starting new HTTP connection (1): api.opensubtitles.org:80|
31/08/2021 01:50:55|DEBUG   |urllib3.connectionpool          |http://api.opensubtitles.org:80 "POST /xml-rpc HTTP/1.1" 200 1119|
31/08/2021 01:50:55|DEBUG   |subliminal_patch.providers.opensubtitles|Found subtitle <OpenSubtitlesSubtitle 'http://www.opensubtitles.org/en/subtitles/8786103/sid-PoM0dXsmRKybVjfPjsviQCObmV9/the-penthouse-war-in-life-episode-3-12-en' [en:None]> by imdbid|
31/08/2021 01:50:55|INFO    |subliminal_patch.core           |Listing subtitles with provider 'subscene' and languages {<Language [en]>, <Language [id]>, <Language [en]>, <Language [id]>}|
31/08/2021 01:50:55|INFO    |subliminal_patch.core           |Initializing provider subscene|
31/08/2021 01:50:55|INFO    |subliminal_patch.providers.subscene|Creating session|
31/08/2021 01:50:55|DEBUG   |subliminal_patch.providers.subscene|Re-using old subscene cookies: <RequestsCookieJar[Cookie(version=0, name='scene', value='TBELlBjZPjRnsqp_FQx-aq3aQWnp_q3Jmt395-M7TToqtDwoCtpmLTUGtyWmC_Rikkw3WC34cxUMaGnx6IptOugUtd5cmnkeQjcd_G61AeV3R22LMrs4_ESEZaYSk2hiGeggf33sSScWPAM3QlNYZxREsbT9y4qpKUHYbg9SlAcdeNAjkzizqVgICwD8qo4Z2og4JuLfzHGqWU4Q8HRTA-3l-la3Q09qXAWmosmT_NvSbTQLlxN4zyaObVoYSGNAO-h4hqezufvfwW8LfQo-nHHYWB1A4S9KWq0t2tzPJ-PCGdzJWLrmMuQ-PkOaqH6Lne0uD_o41e1X-NpXp7irXhGWYPTX9NMRJAh13ty3foC90SJDo_rYpaXi01bBFUXtCeVsDz8V_cp1NPSfmlIyJ_GAFoKtJOAh3MT911X423W0X-auzw5ex7UVXiRqQywewSxdSwtPZtCtC-Y8PMndsZ8f9bjy-4DScpH06n2AP4NPbF4IPcGUDP_X5CHLgxfBvvqGcH7W6Hh41kfpRBTmMe5-OpNZ0fDCOAdil7-BOyKDTVmtOZxR4j5cwFXv-ntGiSGQDiTeEab5v9YAg80XafTrSLR2B1z4_XAInrpxxuHQ4Cn7h7d1cRkn5-jJdTY5pYu7veYc5XQ7jDR0wAFu7X0v7UBJfc4AOlN5MlK3ULZwZoUB11DOlpD25_t2nMEWlUa3Rx_3zzEV6rNhmCED-sZMSZkgkNdAzF3ERjxly39X0XGIMn8IimJoy_uLcpvEa0hO4NoCzvOewWAD8SATqXb4Me7WjuXe3IBgU-lnvCumNevctYYCSXM9bYjcdRWUFKwDrycv9bNpFM8HSaVDXLzzvuG2UyQRAyLBZzxWAYMQvq4qWX2MBwn7f52-UogCsFuFZ14svX2jtf6mTR9UgaSTzp__c9lwSq5OEnuNUNPsYTmKlF8P3t4Fxmdb6EqJWPj0ZYIDSPJk0gj4qiVWSag7b8ghWekcEeXcHTXXJqp5KsbPiBMd0XS_5rrC3K1bDb7l5YFbWJNGo6z18vZTkY-UQfxpLNGRUBcUankWMZjxGj19jH50aWaMLKcLRDRIATPTQMglwHLV5O8tiiioc_ngrrplu0HVJwL778mWnBw24JUAVn8maDbbGtin6-jRdouh2xNVawmrFwXNeeoHbZMu3R4AiLkFIhd3tQpWWn1lJJhkzJV08kfb1GX8_FIcTMOEYwO57wb7uKN7BXn7dJvNL6uNrdcQauZ8gpiyE4JY2I9_rz8jXo9iWr_-i5nrcPsV6lISJ2ag4nhu9-ld4EG0ZZh4vEMuBlqGf0MSIx9nKvfwuncFybiCaBxRjT4eSS74rX_ZmN7wx5nOxM5kb9Yfcc6kiiDBd6DyX_e3B0xcmOJnKZGDzllsdaX17XZrSDdCOEqV79Kupqul6Bx_pAe3WIR50nIzBdojHda6LfdmjTTGa2ZoLR_Rqe5qQ33OPbsRrT2Z8mQO2yxwLjSHhCMcvY7R0M1ZkoRArWcHQ9FIh_uyxpMGFR14f19XT4eTljRJha3NhcoqesGGYu8PtA6wfyPSoirl31p1VKy49FRuvGoZwTQ8-Dj1H9lYZVwACI2wR6BtWgOTaZ2tEE95yrZ2f7anIRd-rfKl5BVpnugmQZcdqFIf3An-RKRIDwB_Iwu934E4fAx_ycO82DF04TPacz2ladpXVC9wUTmS4RCtF-wvQ0L90qd0TLub7iN08_2hestfaBvyySAPd20DLzUFKMNG6Y3i1xDslACE5NPFZdyA6TT_8h44rgy4QOfVpoNA2LsG96GdEbpQwrGoylON_Cu3b0yjuqMS5xzq22cspc6JXcb7pb-Mhoa6r4ucdX0kjRroO0_ijmZTQpebzwLHQD5IRcfdAzjqUxQrOTNyXHMTrOYbeXBat3ezDktmwj6bz1dShZz4O73cfUaSycONwanM9B2TrTmmCMT3_jsdB3bmg7N6SHYJu7ecc7Sst4kxQPa-OdvP7GyA9AiKQdJgY-saEFwobFui6mnLoTrf0qA3CdsuNFpErS1W3BGHyyq5lsnJa_jSM3xt3Myxhz74vSC-NDZsGonuu6jDWhjb_R4PMHzIS4xHr0dqQPuPcpjQ2yAZPNg57_J6Iq1HL_VCRgU2NrsrNK62VSKLOpv-a0Aibz04pJcGlRbYMHk9SYOKUU0VV7RH2Dobut_8wCQPnxZOneU_XinOj05CBogIlGP-hfjkPpCs_u_IFVSZnlNsYSo7P4PIvBknOpbnZHdPrHU-4j4-0ZqrMAfVHbso4DFQKNcD77p4-8l1xOZfC9kbDpItOzY4gr6plWDHvKR8RaWPyFSiQwGrWCpXoTyCcOTmGavfzIJGqD0CdMv-FUcpHG2qXoKuLWb2WZCGxXHk2Yz_NC8pjoBt4xj_hY3qtupVCrwjaHCvXa4Td8aMtx_J6zleZ0y5-8SuIsWTJ0Xmzd3bCna3CxuB0U3HdkVypXpWwSvOaBihlLPpYJCDaDaNTgonoaF2FUSfrKqFRDohMp0VocHqvw7O4SP0o0jryA-NzPw1Gu6-CW8NbN290VkTcT6xrNMqCVBm92D-pYuVW_mQMtPJCo042abFaOnKwuA8DF8Ull0quP5oDVzeqsDiOxAkBtOzpwSy8sedwnSAdAb7VuuJM9e3SRnDrM4A5mQ3ABErEdkNXPmvvOcUA47EkEUKxvnUGbtD_sQS-EVkXBsNNN7MOwDksfttsghVfoqDwmiR_D4jhdD-um5fEaNNYIg_k_3zrhrQBf3P72Tf7xNZGF-W4pir2ecR4vxLxvoHwWO3tCcd9AV-H1X9JETi7Twi9AazmbtZHQd-Ku22SeDQqSfzjVpscXlZaUFo26grT7B0Wu2FWQL0fhIF0mZ_vejUC7U27QoxlY-Y5uSHeQ6A304R16sbwZAE54PIWvw6wH18zFqWXfUsDJcVKwmFzlFobeTTRapV4bv6l2NtGRk-BmoIrgcXaPyC4dzL9Kh5sdaTk8QAVnNdWoVN95XdFyIha_7vL8HXbbaSWl5CVwBZc0HXaeb5e3HO1z9ws-NaFMrRt7Yp8Wqs9JGGm2yieEz0eQ15Oi25pGSJVkhZMOW7-1A-UtMZ5bA68WIb2t7cVRS2d39tJn1sQwgBbqHr1nGmwqsVwTSrvJ1FNV0myRRfwyaDblfCQilcZHig1_mxCr1JPG7DHX5zQLgJAhS-_TYom4SyCVjbvwiwGdfZMfL15Zxeyqjb-OFw3iMoTF_djJeORpfqVj6OjbMEKya5jqvNqqn8Mvyme-7zOg', port=None, port_specified=False, domain='.subscene.com', domain_specified=True, domain_initial_dot=True, path='/', path_specified=True, secure=False, expires=1630621902, discard=False, comment=None, comment_url=None, rest={'HttpOnly': None}, rfc2109=False), Cookie(version=0, name='idsrv', value='kmEkVhtVDXIW1kOJ7SSN9kIJyrFCZfo0wC5t8N4fI8lQPZHtMHHW4ftq_W-uu9N-EAJ4QPhbuKIn1mqPEy9tCam6mT3wRAXXqhwAfxvKII-VneUcGZlo5dYFWwUCs5TjG6nauJhiKcbGj0VSnCtO9pnmgtpBk7pP_xOiZM-7yrL1MhecrB_Yzb8qI7jaJWljVPykMl7XqXhFMfZUpPVUpLydBBEe5XeipNB-J_lRlCiI7pk5QKjR0vSDw4244Uhsxo-b0HuuSrgDuuXTvmEgOFkwYL2TIkAi0YU1WeBiNLG1a4zWb0paeo9LTBWUKbQjPoTYIWX5Lc-6h3iljed5IyEu0xsRtnBeP6nl5ds1xvAVMHyp6vtM8FAB53f9Qd5pGHXzgthqTWZkNXk3QtKqhvzs8QJ6KOOObDkp0jcfnZXTLrUTayFrMTwzzUEtEJHV', port=None, port_specified=False, domain='identity.jeded.com', domain_specified=False, domain_initial_dot=False, path='/core', path_specified=True, secure=True, expires=None, discard=True, comment=None, comment_url=None, rest={'HttpOnly': None}, rfc2109=False), Cookie(version=0, name='idsrv.xsrf', value='2FijvPQHNxwfz8Yg7ykoyEZDgUWSf0C7XaP7F6poWOys354RQwRTPNIKmpanlHBHlJnCaRi9yZxra39MWxzd5mDnuWTz4i0CEalrei8MaUM', port=None, port_specified=False, domain='identity.jeded.com', domain_specified=False, domain_initial_dot=False, path='/core', path_specified=True, secure=True, expires=None, discard=True, comment=None, comment_url=None, rest={'HttpOnly': None}, rfc2109=False), Cookie(version=0, name='idsvr.clients', value='WyI2ODhmYjY0Ny1mMDVmLTQ5NzAtYjE5Yy1iNjJmMGVmNTUxYTgiXQ', port=None, port_specified=False, domain='identity.jeded.com', domain_specified=False, domain_initial_dot=False, path='/core', path_specified=True, secure=True, expires=None, discard=True, comment=None, comment_url=None, rest={'HttpOnly': None}, rfc2109=False), Cookie(version=0, name='idsvr.session', value='19d94f9b77c2a544ebeca64fba247d65', port=None, port_specified=False, domain='identity.jeded.com', domain_specified=False, domain_initial_dot=False, path='/core', path_specified=True, secure=True, expires=None, discard=True, comment=None, comment_url=None, rest={}, rfc2109=False), Cookie(version=0, name='idsvr.username', value='fQrXV4Q1oV3CIzKTgJxaGGQT_OrzUZA7zNZTVVMttu5HBHNw6o-B_Pu4bLrI1QRL8b3GvR7KiZCODCMYb6QLzg', port=None, port_specified=False, domain='identity.jeded.com', domain_specified=False, domain_initial_dot=False, path='/core', path_specified=True, secure=True, expires=1661885101, discard=False, comment=None, comment_url=None, rest={'HttpOnly': None}, rfc2109=False)]>|
31/08/2021 01:50:55|DEBUG   |subliminal_patch.providers.subscene|Filter created: '{'HearingImpaired': '2', 'LanguageFilter': '13,44,13,44'}'|
31/08/2021 01:50:55|DEBUG   |subliminal_patch.providers.subscene|Filters applied|
31/08/2021 01:50:55|DEBUG   |subliminal_patch.providers.subscene|Searching with series and season: Penthouse - Third Season|
31/08/2021 01:51:03|DEBUG   |urllib3.connectionpool          |Starting new HTTPS connection (1): subscene.com:443|
31/08/2021 01:51:05|DEBUG   |urllib3.connectionpool          |https://subscene.com:443 "POST /subtitles/searchbytitle HTTP/1.1" 200 None|
31/08/2021 01:51:05|DEBUG   |subliminal_patch.providers.subscene|No results found|
31/08/2021 01:51:13|DEBUG   |subliminal_patch.providers.subscene|Searching with series and season: The Penthouse - Third Season|
31/08/2021 01:51:23|DEBUG   |urllib3.connectionpool          |https://subscene.com:443 "POST /subtitles/searchbytitle HTTP/1.1" 200 None|
31/08/2021 01:51:23|DEBUG   |subliminal_patch.providers.subscene|No results found|
31/08/2021 01:51:31|INFO    |subliminal_patch.providers.subscene|0 subtitles found|
31/08/2021 01:51:31|INFO    |subliminal_patch.core           |Skipping provider 'yifysubtitles': not a valid video|
31/08/2021 01:51:31|INFO    |subliminal_patch.core           |Found 1 subtitle(s)|
31/08/2021 01:51:31|DEBUG   |subliminal.core                 |Terminating initialized providers|
31/08/2021 01:51:31|INFO    |subliminal_patch.core           |Terminating provider opensubtitles|
31/08/2021 01:51:31|INFO    |subliminal_patch.core           |Terminating provider subscene|
31/08/2021 01:51:31|INFO    |subliminal_patch.providers.subscene|Closing session|
31/08/2021 01:51:31|DEBUG   |subliminal_patch.subtitle       |Source match found? True: Web -> ['Web']|
31/08/2021 01:51:31|DEBUG   |subliminal_patch.subtitle       |video_codec matched? True (H.264 -> H.264)|
31/08/2021 01:51:31|DEBUG   |subliminal_patch.subtitle       |audio_codec matched? True (AAC -> AAC)|
31/08/2021 01:51:31|DEBUG   |subliminal_patch.subtitle       |resolution matched? True (1080p -> 1080p)|
31/08/2021 01:51:31|DEBUG   |subliminal_patch.subtitle       |Source match found? True: Web -> ['Web']|
31/08/2021 01:51:31|DEBUG   |subliminal_patch.subtitle       |video_codec matched? True (H.264 -> H.264)|
31/08/2021 01:51:31|DEBUG   |subliminal_patch.subtitle       |audio_codec matched? True (AAC -> AAC)|
31/08/2021 01:51:31|DEBUG   |subliminal_patch.subtitle       |resolution matched? True (1080p -> 1080p)|
31/08/2021 01:51:31|INFO    |subliminal_patch.score          |<OpenSubtitlesSubtitle 'http://www.opensubtitles.org/en/subtitles/8786103/sid-PoM0dXsmRKybVjfPjsviQCObmV9/the-penthouse-war-in-life-episode-3-12-en' [en:None]>: Computing score for video <Episode ['The Penthouse', 3x12]> with {'hearing_impaired': False}|
31/08/2021 01:51:31|DEBUG   |subliminal_patch.score          |Matched hearing_impaired|
31/08/2021 01:51:31|INFO    |subliminal_patch.score          |<OpenSubtitlesSubtitle 'http://www.opensubtitles.org/en/subtitles/8786103/sid-PoM0dXsmRKybVjfPjsviQCObmV9/the-penthouse-war-in-life-episode-3-12-en' [en:None]>: Computed score 360 with final matches {'year', 'release_group', 'audio_codec', 'series', 'episode', 'season', 'resolution', 'edition', 'video_codec', 'hearing_impaired', 'source'}|
31/08/2021 01:51:31|DEBUG   |root                            |BAZARR 1 Subtitles have been found for this file: /srv/dev-disk-by-label-HDDBESAR/HDD-3TB/Kdrama/The Penthouse/Season 3/The Penthouse - S03E12 - Episode 12 WEBDL-1080p.mp4|
31/08/2021 01:51:31|DEBUG   |root                            |BAZARR Ended searching Subtitles for this file: /srv/dev-disk-by-label-HDDBESAR/HDD-3TB/Kdrama/The Penthouse/Season 3/The Penthouse - S03E12 - Episode 12 WEBDL-1080p.mp4|
