31/08/2021 18:26:24|INFO    |root                            |BAZARR Log file emptied|
31/08/2021 18:26:40|DEBUG   |root                            |Bazarr version: 0.9.8-beta.12|
31/08/2021 18:26:40|DEBUG   |root                            |Bazarr branch: master|
31/08/2021 18:26:40|DEBUG   |root                            |Operating system: Linux-5.11.0-25-generic-x86_64-with-glibc2.29|
31/08/2021 18:26:40|DEBUG   |root                            |Python version: 3.8.10|
31/08/2021 18:26:40|INFO    |socketio.server                 |emitting event "data" to all [/]|
31/08/2021 18:26:40|DEBUG   |peewee                          |('SELECT "t1"."name", "t1"."enabled", "t1"."url" FROM "table_settings_notifier" AS "t1" ORDER BY "t1"."name"', [])|
31/08/2021 18:26:40|DEBUG   |peewee                          |('SELECT "t1"."name", "t1"."code2", "t1"."enabled" FROM "table_settings_languages" AS "t1" ORDER BY "t1"."name"', [])|
31/08/2021 18:26:52|DEBUG   |urllib3.connectionpool          |Starting new HTTP connection (1): ***.***.***.***:8989|
31/08/2021 18:26:52|DEBUG   |urllib3.connectionpool          |http://***.***.***.***:8989 "GET /api/v3/MediaCover/89/poster-500.jpg?apikey=(removed) HTTP/1.1" 200 None|
31/08/2021 18:26:52|DEBUG   |peewee                          |('SELECT "t1"."rowid", "t1"."audio_codec", "t1"."audio_language", "t1"."episode", "t1"."episode_file_id", "t1"."failedAttempts", "t1"."ffprobe_cache", "t1"."file_size", "t1"."format", "t1"."missing_subtitles", "t1"."monitored", "t1"."path", "t1"."resolution", "t1"."scene_name", "t1"."season", "t1"."sonarrEpisodeId", "t1"."sonarrSeriesId", "t1"."subtitles", "t1"."title", "t1"."video_codec" FROM "table_episodes" AS "t1" WHERE ("t1"."sonarrSeriesId" IN (?)) ORDER BY "t1"."season" DESC, "t1"."episode" DESC', [89])|
31/08/2021 18:26:52|DEBUG   |peewee                          |('SELECT "t1"."rowid", "t1"."audio_codec", "t1"."audio_language", "t1"."episode", "t1"."episode_file_id", "t1"."failedAttempts", "t1"."ffprobe_cache", "t1"."file_size", "t1"."format", "t1"."missing_subtitles", "t1"."monitored", "t1"."path", "t1"."resolution", "t1"."scene_name", "t1"."season", "t1"."sonarrEpisodeId", "t1"."sonarrSeriesId", "t1"."subtitles", "t1"."title", "t1"."video_codec" FROM "table_episodes" AS "t1" WHERE ("t1"."sonarrEpisodeId" = ?) LIMIT ? OFFSET ?', [7129, 1, 0])|
31/08/2021 18:26:52|DEBUG   |peewee                          |('SELECT "t1"."rowid", "t1"."audio_codec", "t1"."audio_language", "t1"."episode", "t1"."episode_file_id", "t1"."failedAttempts", "t1"."ffprobe_cache", "t1"."file_size", "t1"."format", "t1"."missing_subtitles", "t1"."monitored", "t1"."path", "t1"."resolution", "t1"."scene_name", "t1"."season", "t1"."sonarrEpisodeId", "t1"."sonarrSeriesId", "t1"."subtitles", "t1"."title", "t1"."video_codec" FROM "table_episodes" AS "t1" WHERE ("t1"."sonarrEpisodeId" = ?) LIMIT ? OFFSET ?', [7128, 1, 0])|
31/08/2021 18:26:52|DEBUG   |peewee                          |('SELECT "t1"."rowid", "t1"."audio_codec", "t1"."audio_language", "t1"."episode", "t1"."episode_file_id", "t1"."failedAttempts", "t1"."ffprobe_cache", "t1"."file_size", "t1"."format", "t1"."missing_subtitles", "t1"."monitored", "t1"."path", "t1"."resolution", "t1"."scene_name", "t1"."season", "t1"."sonarrEpisodeId", "t1"."sonarrSeriesId", "t1"."subtitles", "t1"."title", "t1"."video_codec" FROM "table_episodes" AS "t1" WHERE ("t1"."sonarrEpisodeId" = ?) LIMIT ? OFFSET ?', [7127, 1, 0])|
31/08/2021 18:26:52|DEBUG   |peewee                          |('SELECT "t1"."rowid", "t1"."audio_codec", "t1"."audio_language", "t1"."episode", "t1"."episode_file_id", "t1"."failedAttempts", "t1"."ffprobe_cache", "t1"."file_size", "t1"."format", "t1"."missing_subtitles", "t1"."monitored", "t1"."path", "t1"."resolution", "t1"."scene_name", "t1"."season", "t1"."sonarrEpisodeId", "t1"."sonarrSeriesId", "t1"."subtitles", "t1"."title", "t1"."video_codec" FROM "table_episodes" AS "t1" WHERE ("t1"."sonarrEpisodeId" = ?) LIMIT ? OFFSET ?', [7126, 1, 0])|
31/08/2021 18:26:52|DEBUG   |peewee                          |('SELECT "t1"."rowid", "t1"."audio_codec", "t1"."audio_language", "t1"."episode", "t1"."episode_file_id", "t1"."failedAttempts", "t1"."ffprobe_cache", "t1"."file_size", "t1"."format", "t1"."missing_subtitles", "t1"."monitored", "t1"."path", "t1"."resolution", "t1"."scene_name", "t1"."season", "t1"."sonarrEpisodeId", "t1"."sonarrSeriesId", "t1"."subtitles", "t1"."title", "t1"."video_codec" FROM "table_episodes" AS "t1" WHERE ("t1"."sonarrEpisodeId" = ?) LIMIT ? OFFSET ?', [7125, 1, 0])|
31/08/2021 18:26:52|DEBUG   |peewee                          |('SELECT "t1"."rowid", "t1"."audio_codec", "t1"."audio_language", "t1"."episode", "t1"."episode_file_id", "t1"."failedAttempts", "t1"."ffprobe_cache", "t1"."file_size", "t1"."format", "t1"."missing_subtitles", "t1"."monitored", "t1"."path", "t1"."resolution", "t1"."scene_name", "t1"."season", "t1"."sonarrEpisodeId", "t1"."sonarrSeriesId", "t1"."subtitles", "t1"."title", "t1"."video_codec" FROM "table_episodes" AS "t1" WHERE ("t1"."sonarrEpisodeId" = ?) LIMIT ? OFFSET ?', [7124, 1, 0])|
31/08/2021 18:26:52|DEBUG   |peewee                          |('SELECT "t1"."rowid", "t1"."audio_codec", "t1"."audio_language", "t1"."episode", "t1"."episode_file_id", "t1"."failedAttempts", "t1"."ffprobe_cache", "t1"."file_size", "t1"."format", "t1"."missing_subtitles", "t1"."monitored", "t1"."path", "t1"."resolution", "t1"."scene_name", "t1"."season", "t1"."sonarrEpisodeId", "t1"."sonarrSeriesId", "t1"."subtitles", "t1"."title", "t1"."video_codec" FROM "table_episodes" AS "t1" WHERE ("t1"."sonarrEpisodeId" = ?) LIMIT ? OFFSET ?', [7123, 1, 0])|
31/08/2021 18:26:52|DEBUG   |peewee                          |('SELECT "t1"."rowid", "t1"."audio_codec", "t1"."audio_language", "t1"."episode", "t1"."episode_file_id", "t1"."failedAttempts", "t1"."ffprobe_cache", "t1"."file_size", "t1"."format", "t1"."missing_subtitles", "t1"."monitored", "t1"."path", "t1"."resolution", "t1"."scene_name", "t1"."season", "t1"."sonarrEpisodeId", "t1"."sonarrSeriesId", "t1"."subtitles", "t1"."title", "t1"."video_codec" FROM "table_episodes" AS "t1" WHERE ("t1"."sonarrEpisodeId" = ?) LIMIT ? OFFSET ?', [7122, 1, 0])|
31/08/2021 18:26:52|DEBUG   |peewee                          |('SELECT "t1"."rowid", "t1"."audio_codec", "t1"."audio_language", "t1"."episode", "t1"."episode_file_id", "t1"."failedAttempts", "t1"."ffprobe_cache", "t1"."file_size", "t1"."format", "t1"."missing_subtitles", "t1"."monitored", "t1"."path", "t1"."resolution", "t1"."scene_name", "t1"."season", "t1"."sonarrEpisodeId", "t1"."sonarrSeriesId", "t1"."subtitles", "t1"."title", "t1"."video_codec" FROM "table_episodes" AS "t1" WHERE ("t1"."sonarrEpisodeId" = ?) LIMIT ? OFFSET ?', [7121, 1, 0])|
31/08/2021 18:26:52|DEBUG   |peewee                          |('SELECT "t1"."rowid", "t1"."audio_codec", "t1"."audio_language", "t1"."episode", "t1"."episode_file_id", "t1"."failedAttempts", "t1"."ffprobe_cache", "t1"."file_size", "t1"."format", "t1"."missing_subtitles", "t1"."monitored", "t1"."path", "t1"."resolution", "t1"."scene_name", "t1"."season", "t1"."sonarrEpisodeId", "t1"."sonarrSeriesId", "t1"."subtitles", "t1"."title", "t1"."video_codec" FROM "table_episodes" AS "t1" WHERE ("t1"."sonarrEpisodeId" = ?) LIMIT ? OFFSET ?', [7120, 1, 0])|
31/08/2021 18:26:52|DEBUG   |peewee                          |('SELECT "t1"."rowid", "t1"."audio_codec", "t1"."audio_language", "t1"."episode", "t1"."episode_file_id", "t1"."failedAttempts", "t1"."ffprobe_cache", "t1"."file_size", "t1"."format", "t1"."missing_subtitles", "t1"."monitored", "t1"."path", "t1"."resolution", "t1"."scene_name", "t1"."season", "t1"."sonarrEpisodeId", "t1"."sonarrSeriesId", "t1"."subtitles", "t1"."title", "t1"."video_codec" FROM "table_episodes" AS "t1" WHERE ("t1"."sonarrEpisodeId" = ?) LIMIT ? OFFSET ?', [7119, 1, 0])|
31/08/2021 18:26:52|DEBUG   |peewee                          |('SELECT "t1"."rowid", "t1"."audio_codec", "t1"."audio_language", "t1"."episode", "t1"."episode_file_id", "t1"."failedAttempts", "t1"."ffprobe_cache", "t1"."file_size", "t1"."format", "t1"."missing_subtitles", "t1"."monitored", "t1"."path", "t1"."resolution", "t1"."scene_name", "t1"."season", "t1"."sonarrEpisodeId", "t1"."sonarrSeriesId", "t1"."subtitles", "t1"."title", "t1"."video_codec" FROM "table_episodes" AS "t1" WHERE ("t1"."sonarrEpisodeId" = ?) LIMIT ? OFFSET ?', [7118, 1, 0])|
31/08/2021 18:26:52|DEBUG   |urllib3.connectionpool          |Starting new HTTP connection (1): ***.***.***.***:8989|
31/08/2021 18:26:52|DEBUG   |urllib3.connectionpool          |http://***.***.***.***:8989 "GET /api/v3/MediaCover/89/fanart.jpg?apikey=(removed) HTTP/1.1" 200 None|
31/08/2021 18:26:56|DEBUG   |peewee                          |('SELECT "t1"."title", "t1"."path", "t1"."scene_name", "t2"."profileId" FROM "table_episodes" AS "t1" INNER JOIN "table_shows" AS "t2" ON ("t1"."sonarrSeriesId" = "t2"."sonarrSeriesId") WHERE ("t1"."sonarrEpisodeId" = ?) LIMIT ? OFFSET ?', [7129, 1, 0])|
31/08/2021 18:26:56|DEBUG   |root                            |BAZARR Manually searching subtitles for this file: /srv/dev-disk-by-label-HDDBESAR/HDD-3TB/Kdrama/The Penthouse/Season 3/The Penthouse - S03E12 - Episode 12 WEBDL-1080p.mp4|
31/08/2021 18:26:56|DEBUG   |subzero.video                   |Parsing video: The.Penthouse.S03E12.KOREAN.1080p.WEBRip.AAC2.0.x264-AppleTor[rartv].mp4, hints: {'title': 'Episode 12', 'type': 'episode'}|
31/08/2021 18:26:56|INFO    |subliminal_patch.core           |Determining basic video properties for 'The.Penthouse.S03E12.KOREAN.1080p.WEBRip.AAC2.0.x264-AppleTor[rartv].mp4' in '/srv/dev-disk-by-label-HDDBESAR/HDD-3TB/Kdrama/The Penthouse/Season 3'|
31/08/2021 18:26:56|DEBUG   |subliminal_patch.core           |GuessIt found: {
    "title": "The Penthouse",
    "season": 3,
    "episode": 12,
    "language": "Korean",
    "screen_size": "1080p",
    "source": "Web",
    "other": "Rip",
    "audio_codec": "AAC",
    "audio_channels": "2.0",
    "video_codec": "H.264",
    "release_group": "AppleTor",
    "container": "mp4",
    "mimetype": "video/mp4",
    "type": "episode"
}|
31/08/2021 18:26:56|DEBUG   |subliminal_patch.core           |Size is 2893241515|
31/08/2021 18:26:56|DEBUG   |subliminal_patch.core           |Computed hashes {}|
31/08/2021 18:26:56|DEBUG   |peewee                          |('SELECT "t1"."title" AS "seriesTitle", "t2"."season", "t2"."episode", "t2"."title" AS "episodeTitle", "t1"."year", "t1"."tvdbId", "t1"."alternateTitles", "t2"."format", "t2"."resolution", "t2"."video_codec", "t2"."audio_codec", "t2"."path", "t1"."imdbId" FROM "table_episodes" AS "t2" INNER JOIN "table_shows" AS "t1" ON ("t2"."sonarrSeriesId" = "t1"."sonarrSeriesId") WHERE ("t2"."path" = ?)', ['/srv/dev-disk-by-label-HDDBESAR/HDD-3TB/Kdrama/The Penthouse/Season 3/The Penthouse - S03E12 - Episode 12 WEBDL-1080p.mp4'])|
31/08/2021 18:26:56|DEBUG   |peewee                          |('SELECT "t1"."episode_file_id", "t1"."file_size" FROM "table_episodes" AS "t1" WHERE ("t1"."path" = ?) LIMIT ? OFFSET ?', ['/srv/dev-disk-by-label-HDDBESAR/HDD-3TB/Kdrama/The Penthouse/Season 3/The Penthouse - S03E12 - Episode 12 WEBDL-1080p.mp4', 1, 0])|
31/08/2021 18:26:56|DEBUG   |peewee                          |('SELECT "t1"."ffprobe_cache" FROM "table_episodes" AS "t1" WHERE ("t1"."path" = ?) LIMIT ? OFFSET ?', ['/srv/dev-disk-by-label-HDDBESAR/HDD-3TB/Kdrama/The Penthouse/Season 3/The Penthouse - S03E12 - Episode 12 WEBDL-1080p.mp4', 1, 0])|
31/08/2021 18:26:56|DEBUG   |root                            |FFprobe found: OrderedDict([('path', '/srv/dev-disk-by-label-HDDBESAR/HDD-3TB/Kdrama/The Penthouse/Season 3/The Penthouse - S03E12 - Episode 12 WEBDL-1080p.mp4'), ('duration', datetime.timedelta(seconds=4399, microseconds=132456)), ('size', 2893241515), ('bit_rate', 5261476), ('container', 'mp4'), ('video', [OrderedDict([('id', 0), ('language', <Language [en]>), ('duration', datetime.timedelta(seconds=4399, microseconds=132456)), ('width', 1920), ('height', 1080), ('scan_type', 'Progressive'), ('aspect_ratio', 1.778), ('pixel_aspect_ratio', 1.0), ('resolution', '1080p'), ('frame_rate', 29.97), ('bit_rate', 5000025), ('bit_depth', 8), ('codec', 'H.264'), ('profile', 'High'), ('default', True)])]), ('audio', [OrderedDict([('id', 1), ('language', <Language [en]>), ('duration', datetime.timedelta(seconds=4399, microseconds=61042)), ('codec', 'AAC'), ('profile', 'Low Complexity'), ('channels_count', 2), ('channels', '2.0'), ('bit_rate', 254048), ('sampling_rate', 48000), ('default', True)])]), ('provider', {'name': 'ffmpeg', 'version': {'/usr/bin/ffprobe': 'v4.2.4'}})])|
31/08/2021 18:26:56|DEBUG   |root                            |BAZARR is using these video object properties: {'name': '/srv/dev-disk-by-label-HDDBESAR/HDD-3TB/Kdrama/The Penthouse/Season 3/The.Penthouse.S03E12.KOREAN.1080p.WEBRip.AAC2.0.x264-AppleTor[rartv].mp4', 'source': 'Web', 'release_group': 'AppleTor', 'resolution': '1080p', 'video_codec': 'H.264', 'audio_codec': 'AAC', 'imdb_id': None, 'hashes': {}, 'size': 2893241515, 'subtitle_languages': set(), 'original_name': 'The Penthouse - S03E12 - Episode 12 WEBDL-1080p.mp4', 'plexapi_metadata': {}, 'hints': {'title': 'Episode 12', 'type': 'episode', 'single_value': True, 'expected_title': ['Episode 12']}, 'audio_languages': {'eng'}, 'external_subtitle_languages': set(), 'streaming_service': None, 'edition': None, 'series': 'The Penthouse', 'season': 3, 'episode': 12, 'title': 'Episode 12', 'year': None, 'original_series': True, 'tvdb_id': None, 'series_tvdb_id': 383800, 'series_imdb_id': 'tt13067118', 'alternative_series': ['Penthouse'], 'used_scene_name': True, 'original_path': '/srv/dev-disk-by-label-HDDBESAR/HDD-3TB/Kdrama/The Penthouse/Season 3/The Penthouse - S03E12 - Episode 12 WEBDL-1080p.mp4', 'fps': 29.97}|
31/08/2021 18:26:56|DEBUG   |peewee                          |('SELECT "t1"."provider", "t1"."subs_id" FROM "table_blacklist" AS "t1"', [])|
31/08/2021 18:26:56|INFO    |subliminal_patch.core           |Listing subtitles for <Episode ['The Penthouse', 3x12]>|
31/08/2021 18:26:56|INFO    |subliminal_patch.core           |Listing subtitles with provider 'subscene' and languages {<Language [id]>, <Language [id]>, <Language [en]>, <Language [en]>}|
31/08/2021 18:26:56|INFO    |subliminal_patch.core           |Initializing provider subscene|
31/08/2021 18:26:56|INFO    |subliminal_patch.providers.subscene|Creating session|
31/08/2021 18:26:56|DEBUG   |subliminal_patch.providers.subscene|Re-using old subscene cookies: <RequestsCookieJar[Cookie(version=0, name='scene', value='yEO66iJfCnX_bop1jxjkDqrF8XVN1WdM0bSxro3EhM6vDkJPXUu80Lj_XOJhaf44Z8EZyN7angi68MYj-1Wt5XRyrarn8svg53AXNfqkYMptmlLazgYetu2Pc7u1OsWGbvxdkJzAgmym_bB8eNaQI4mOdZ53y0iHe7j01VBoeE9dn7asEejtJi-Gz7D1ue1dcayM2Z-2KbWsoH-7NGJMaghSiV3W6hy8FyPLgdjmJ4SmPxBgQ3lG71edfAjq25_ofQ9RzBjWHWlC6IjnVkEgnnkUi-ZurFegbj_w51fCSl_MACp5baapGZ93RJpAsJCJZFglmNkDn2IB5wmjaPnctJ5-Nbq_9kiqHBqhOMumyV74iHsvp_HwD05hVoHdpA-0fQ_YoAArHgDlEma2wgLf1irqskF6qEtAViA812_-X7oorl7ZQA3bmne1sucrFd41_x53v_moQK8sBpSGfTWEIahebL0vvP5rL4YE9lZnUA10oySkPw5yBYcbvTEBidxdQISXxAfoJHfB7utcf6nKwh2cJ7zgFNP6fo1PVYrthMJKpEk3UFggBEnaYeTdfM8Fef4eVL_a7LVPtczZVp1dQqmaK9bZm4fbYsFqu5tQazs1qdZqRKAiLb1py4ViQNJ73V-66gwJmLSNcKnXOHlgzXh60B_WVxNKI9vk_C6nkF-Q0eYcRPh38_F9yw7as6UCJ_TOLTJOkE0viEp7Y7oC2CxL922XsFlsyXK8ovKbbIvqyoSeijNbu5gkfsOpRQUR42cXaMpWBVoVhyznArIc47jZYmN4E_NjUI_UZ7ZLl4IfM7XkzDTs_k-24ssL4tzAAU4guxeW7gDNXE-2rZ6BXJhAnsrzYDhlbqz9OEwxxceS3XLAGbd0Mt-2DKa9teqWL8TVzy_kmu6PP-8YeCeCWT9tXSOmOPCbnW3XLAtWAMeU-78c40ryCfOpYITONh-OGPLxLssKSYUkxsUwCpTlBINYWXicDNpJWsQ_mT6Mc0XZMx15Z0U-lgG3eNL9YLpWBwi9vojiXduWwbJ-mbzv8qn3csNlZFsOe_jypXUkoo69wEF8dMljlmfX8FAcwcRzJ0FGXOr1XzE-U6uko4Y7TQ9Hj1Y5UPdJj--Uj1doWk1cC-mKob15GUaJ5gOBgNkA-Mba2xuIazxVvEzj64UqGE_L1js1R276tNjB8ftxFPmRx6_nDN75S8wIxzvlHnzrDW250X760zr26UNid2bx0vNLZNLC8PQwsWJ40Xk1vYvPBpjilwrfvxNTL46e7Sho6MI66Uh28sq6wHoOnsV1ISY8zlSB7iVDkGgRe1IyvGbBYpvtBj3ZgRAPT3Cbfy4iVpvMj4MJJj05-hamO29rLtV-p4CE_ANsR_B5xxFiLIWRnwRKvK6jlmeoTMQQ0uNvDrzb4EtKUYTtYaI5tmfS1rx-c54fyI45ODTG8e7mSSB8V5803ndwmSmUqfWhxKxLZSBZ8-h3SRCimwByseLGSrhZRHBjisrDWQMh3DkT-YtfEDzpwJ7IIONfct83MPLPDUTELs-XJHhqsCzxiazbmKUHuYAAro5qcZdk9YzDKqe7zGtbu6fnjAObEkrU_tdkzz8ZGaDOq4SvReQ-ZFPdLka04QJu6Qw0JUS904ugIGMIVP5Hpt3Uneq8IKAQCr5tFsSCtaD_-zx9PRB2EZYgcqo2tTj1a3Wmci9NKMUOfIsgelqKRxNUvbucVQvkvD7_1lwa9PqM-pDDqspqf77OfkuYb1MDapb_qn0SiaZBCuXglsEVaoXix4PkczY25tPxvu7iPFaKxE2Pp04XxJ5ghck7qODc5ymJd7O3Bde1wB9egqPlvFI9ZgFxKmv_I9Wwebb6cG7GhKeF7lxpkMRSVvIDwhaVw8fEDi71Q9eKk65yXH0wnireM2nau6sz2FzStZY-T_-Cdd-hZZmMv4-TtJqe-FGjzWKM-ouvUxLVb6UVdpVLe1FYWNwM2MeNjHsVPqViZq-SNXrUnxOpFF4VYgiLG01ir_7M9az0pkvEszS-ZhGfpdmvFpirx2lxh42jRqBFyBNHkiaB0_1veHhXEglmWxr2lL9zka5k7IPKSJrwG8xOs1mfyCOn1O6ERdZw0k42ff78LMB8dOMf2l5DiESInJDUGqH-ewMs1Mx18t98nRp94VzqHqWokv0VcI-rVduBAfwUgkg0bYjzg_ny-rSJ1iLkfXmNqCuYhuSO7De4oqFCE0SwhLU1ZFtvr_YImBXBrecTNcRLP8jhCwhbWBZAwhIVhYoGuwMkyH5P8XmveIdQhYPyX_BHhD_Y6e8jNtHQQRlgeEVL3DU7qPMynqTS0m8pe1vR8w59l9_tGDW378DL1O8VbW9Am0cznZHogR17Ih2tcaHhn66Ig7CO7Wg5dqkpZBHBWKC7lxb-GXSPAKXPB5R-hFNNTVGMCNlUunY2qSUEaBb2uevtUWZgdqfu2YXiuTObG368aADr3RoAEIQjgY4kgnF6A0X6wkPVBzshegE5nr-wk89iOSfi196R7pzeqxKwW81Uh_qjndbW8iSLIfLpN4q_lh2q7pgcY-LqPWd15h-Zw2PldPtYN8mUdNofYhdid9efCHc2lPCXNVyp4f8YeaB61CMvEA1Rcc473dbyBloyHc3P70OP3FPpcLjAHsNHixR8AKS6bwaODCCRBZjzfu3a2FGoSwSEDBDq0Wzch3V9yq-wlJneyIofv5Y4h-KdeLUldDOn7tC3N2ukyqAuMgKL4DlL_kAaUbU3YDFAPJ4BVrBrf0zY-i78nbimt0fv_Rr-FdHREpezslzppmHtukr-6ONN3PdpcHiM1CzoWzHQwEmSvs13hqh03v902yKYAhBM2SNp-EWg3IxwdFOJ3m5XDOWnuSjXQdHdOdHiscEAgZu0sfmuNzuQlMFkJBxo07pEZS-I1uePRLJe8iP0sRoTu6POGbow5WwRr4QK62bWLM-8l3Ov9K_BBnIXN4bYciQAPc3dJef6_Y8ZUbHAL4jH6K4g-MEIot_h-7iSVJKymJuhORp8FJ1NXNlAlNnK7WpGHl-IGopubJ7WcDoujz4X2szYe5_XBH3pAXEibGwFqNBWoNAwtHrNeS7D21xY2zZNMDmZCk8B8hdnevuk-ipp-Dt3SUdDTG2SsN2aOluDmiLDfuwzQVAzOduNOP6rl0lypZCglj4Ru5crIx5wWwozV6poclvawIVi2a9TOChXfxEWfgy1vigSBbEe39ss1HZfc7xAyYYFvcfoPPJMW_K0f64NAnrgjOGYk-e5CYbiYLbCulWOwg', port=None, port_specified=False, domain='.subscene.com', domain_specified=True, domain_initial_dot=True, path='/', path_specified=True, secure=False, expires=1630681593, discard=False, comment=None, comment_url=None, rest={'HttpOnly': None}, rfc2109=False), Cookie(version=0, name='idsrv', value='CwoGW5oyWLKGArE-JxYWFH2zH9vbn7v76sQ-Wk_f80z6AXlHJzFU-BWjVSU6E6SaL5tcorMadYM0DfHC-Yq_W21xy4orYhEx9VNY4Fo32v5DTg5Q6xV8iCkvheW4A4lnSp1rYkMtE19K9Ca1dEitQbxa5mqCpHP78srRO8VTX3zdDrmSwf2NPPg8eibMJr-0I4peLHPMqxe4zcpaWsy6a_OF9aN18Pi4AkjBTklnjmkIi_aM9hp99j7S2YntGBxpEj8O_syjbOjfbAuG0-3IFDO38T-_DwMpdAEiCVOTdYoGXJ4vprWdUPsK0BsbqqBx2S6-Sv50U3lm_a9-SSxcmBcxGgFFEP4lU5DblxRjAXN2NMPmD1r5TnQ4rirNuv17qQXxoa8BB_YHikHz9zfU2H6aiX6sgncYmURywna_xA0', port=None, port_specified=False, domain='identity.jeded.com', domain_specified=False, domain_initial_dot=False, path='/core', path_specified=True, secure=True, expires=None, discard=True, comment=None, comment_url=None, rest={'HttpOnly': None}, rfc2109=False), Cookie(version=0, name='idsrv.xsrf', value='bGRSpwZnO3WLQFCqjLtkpSd7w-TWuyE74tt_vjatk2I5oxAovo0BjyBD69STHOy4gg3y_dl8ProVox5VVIPRBd_pSsyQcY7bigeetkBDGx4', port=None, port_specified=False, domain='identity.jeded.com', domain_specified=False, domain_initial_dot=False, path='/core', path_specified=True, secure=True, expires=None, discard=True, comment=None, comment_url=None, rest={'HttpOnly': None}, rfc2109=False), Cookie(version=0, name='idsvr.clients', value='WyI2ODhmYjY0Ny1mMDVmLTQ5NzAtYjE5Yy1iNjJmMGVmNTUxYTgiXQ', port=None, port_specified=False, domain='identity.jeded.com', domain_specified=False, domain_initial_dot=False, path='/core', path_specified=True, secure=True, expires=None, discard=True, comment=None, comment_url=None, rest={'HttpOnly': None}, rfc2109=False), Cookie(version=0, name='idsvr.session', value='cad6739caa4d9fe39403787b511e1a4f', port=None, port_specified=False, domain='identity.jeded.com', domain_specified=False, domain_initial_dot=False, path='/core', path_specified=True, secure=True, expires=None, discard=True, comment=None, comment_url=None, rest={}, rfc2109=False), Cookie(version=0, name='idsvr.username', value='lScLghUSMtsw4HYOBt2UfpD09-HGX-BmMWkKg1AMQiz4MqRDVK2NY2aFc4MbTZwfLBJKmVRKHFhw5ZdLxBdfZTGKSv50Um6VDoXKmdhDczc', port=None, port_specified=False, domain='identity.jeded.com', domain_specified=False, domain_initial_dot=False, path='/core', path_specified=True, secure=True, expires=1661944792, discard=False, comment=None, comment_url=None, rest={'HttpOnly': None}, rfc2109=False)]>|
31/08/2021 18:26:56|DEBUG   |subliminal_patch.providers.subscene|Filter created: '{'HearingImpaired': '2', 'LanguageFilter': '44,44,13,13'}'|
31/08/2021 18:26:56|DEBUG   |subliminal_patch.providers.subscene|Filters applied|
31/08/2021 18:26:56|DEBUG   |subliminal_patch.providers.subscene|Searching with series and season: Penthouse - Third Season|
31/08/2021 18:27:04|DEBUG   |urllib3.connectionpool          |Starting new HTTPS connection (1): subscene.com:443|
31/08/2021 18:27:04|DEBUG   |urllib3.connectionpool          |https://subscene.com:443 "POST /subtitles/searchbytitle HTTP/1.1" 200 None|
31/08/2021 18:27:04|DEBUG   |subliminal_patch.providers.subscene|No results found|
31/08/2021 18:27:12|DEBUG   |subliminal_patch.providers.subscene|Searching with series and season: The Penthouse - Third Season|
31/08/2021 18:27:21|DEBUG   |urllib3.connectionpool          |https://subscene.com:443 "POST /subtitles/searchbytitle HTTP/1.1" 200 None|
31/08/2021 18:27:21|DEBUG   |subliminal_patch.providers.subscene|No results found|
31/08/2021 18:27:29|INFO    |subliminal_patch.providers.subscene|0 subtitles found|
31/08/2021 18:27:29|INFO    |subliminal_patch.core           |Found 0 subtitle(s)|
31/08/2021 18:27:29|DEBUG   |subliminal.core                 |Terminating initialized providers|
31/08/2021 18:27:29|INFO    |subliminal_patch.core           |Terminating provider subscene|
31/08/2021 18:27:29|INFO    |subliminal_patch.providers.subscene|Closing session|
31/08/2021 18:27:29|DEBUG   |root                            |BAZARR 0 Subtitles have been found for this file: /srv/dev-disk-by-label-HDDBESAR/HDD-3TB/Kdrama/The Penthouse/Season 3/The Penthouse - S03E12 - Episode 12 WEBDL-1080p.mp4|
31/08/2021 18:27:29|DEBUG   |root                            |BAZARR Ended searching Subtitles for this file: /srv/dev-disk-by-label-HDDBESAR/HDD-3TB/Kdrama/The Penthouse/Season 3/The Penthouse - S03E12 - Episode 12 WEBDL-1080p.mp4|
31/08/2021 18:27:54|DEBUG   |peewee                          |('SELECT "t1"."title", "t1"."path", "t1"."scene_name", "t2"."profileId" FROM "table_episodes" AS "t1" INNER JOIN "table_shows" AS "t2" ON ("t1"."sonarrSeriesId" = "t2"."sonarrSeriesId") WHERE ("t1"."sonarrEpisodeId" = ?) LIMIT ? OFFSET ?', [7128, 1, 0])|
31/08/2021 18:27:54|DEBUG   |root                            |BAZARR Manually searching subtitles for this file: /srv/dev-disk-by-label-HDDBESAR/HDD-3TB/Kdrama/The Penthouse/Season 3/The Penthouse - S03E11 - Episode 11 WEBDL-1080p.mp4|
31/08/2021 18:27:54|DEBUG   |subzero.video                   |Parsing video: The.Penthouse.S03E11.KOREAN.1080p.WEBRip.AAC2.0.x264-AppleTor[rartv].mp4, hints: {'title': 'Episode 11', 'type': 'episode'}|
31/08/2021 18:27:54|INFO    |subliminal_patch.core           |Determining basic video properties for 'The.Penthouse.S03E11.KOREAN.1080p.WEBRip.AAC2.0.x264-AppleTor[rartv].mp4' in '/srv/dev-disk-by-label-HDDBESAR/HDD-3TB/Kdrama/The Penthouse/Season 3'|
31/08/2021 18:27:54|DEBUG   |subliminal_patch.core           |GuessIt found: {
    "title": "The Penthouse",
    "season": 3,
    "episode": 11,
    "language": "Korean",
    "screen_size": "1080p",
    "source": "Web",
    "other": "Rip",
    "audio_codec": "AAC",
    "audio_channels": "2.0",
    "video_codec": "H.264",
    "release_group": "AppleTor",
    "container": "mp4",
    "mimetype": "video/mp4",
    "type": "episode"
}|
31/08/2021 18:27:54|DEBUG   |subliminal_patch.core           |Size is 2978750418|
31/08/2021 18:27:54|DEBUG   |subliminal_patch.core           |Computed hashes {}|
31/08/2021 18:27:54|DEBUG   |peewee                          |('SELECT "t1"."title" AS "seriesTitle", "t2"."season", "t2"."episode", "t2"."title" AS "episodeTitle", "t1"."year", "t1"."tvdbId", "t1"."alternateTitles", "t2"."format", "t2"."resolution", "t2"."video_codec", "t2"."audio_codec", "t2"."path", "t1"."imdbId" FROM "table_episodes" AS "t2" INNER JOIN "table_shows" AS "t1" ON ("t2"."sonarrSeriesId" = "t1"."sonarrSeriesId") WHERE ("t2"."path" = ?)', ['/srv/dev-disk-by-label-HDDBESAR/HDD-3TB/Kdrama/The Penthouse/Season 3/The Penthouse - S03E11 - Episode 11 WEBDL-1080p.mp4'])|
31/08/2021 18:27:54|DEBUG   |peewee                          |('SELECT "t1"."episode_file_id", "t1"."file_size" FROM "table_episodes" AS "t1" WHERE ("t1"."path" = ?) LIMIT ? OFFSET ?', ['/srv/dev-disk-by-label-HDDBESAR/HDD-3TB/Kdrama/The Penthouse/Season 3/The Penthouse - S03E11 - Episode 11 WEBDL-1080p.mp4', 1, 0])|
31/08/2021 18:27:54|DEBUG   |peewee                          |('SELECT "t1"."ffprobe_cache" FROM "table_episodes" AS "t1" WHERE ("t1"."path" = ?) LIMIT ? OFFSET ?', ['/srv/dev-disk-by-label-HDDBESAR/HDD-3TB/Kdrama/The Penthouse/Season 3/The Penthouse - S03E11 - Episode 11 WEBDL-1080p.mp4', 1, 0])|
31/08/2021 18:27:54|DEBUG   |root                            |FFprobe found: OrderedDict([('path', '/srv/dev-disk-by-label-HDDBESAR/HDD-3TB/Kdrama/The Penthouse/Season 3/The Penthouse - S03E11 - Episode 11 WEBDL-1080p.mp4'), ('duration', datetime.timedelta(seconds=4528, microseconds=995644)), ('size', 2978750418), ('bit_rate', 5261652), ('container', 'mp4'), ('video', [OrderedDict([('id', 0), ('language', <Language [en]>), ('duration', datetime.timedelta(seconds=4528, microseconds=995644)), ('width', 1920), ('height', 1080), ('scan_type', 'Progressive'), ('aspect_ratio', 1.778), ('pixel_aspect_ratio', 1.0), ('resolution', '1080p'), ('frame_rate', 29.97), ('bit_rate', 5000244), ('bit_depth', 8), ('codec', 'H.264'), ('profile', 'High'), ('default', True)])]), ('audio', [OrderedDict([('id', 1), ('language', <Language [en]>), ('duration', datetime.timedelta(seconds=4528, microseconds=929021)), ('codec', 'AAC'), ('profile', 'Low Complexity'), ('channels_count', 2), ('channels', '2.0'), ('bit_rate', 254004), ('sampling_rate', 48000), ('default', True)])]), ('provider', {'name': 'ffmpeg', 'version': {'/usr/bin/ffprobe': 'v4.2.4'}})])|
31/08/2021 18:27:54|DEBUG   |root                            |BAZARR is using these video object properties: {'name': '/srv/dev-disk-by-label-HDDBESAR/HDD-3TB/Kdrama/The Penthouse/Season 3/The.Penthouse.S03E11.KOREAN.1080p.WEBRip.AAC2.0.x264-AppleTor[rartv].mp4', 'source': 'Web', 'release_group': 'AppleTor', 'resolution': '1080p', 'video_codec': 'H.264', 'audio_codec': 'AAC', 'imdb_id': None, 'hashes': {}, 'size': 2978750418, 'subtitle_languages': set(), 'original_name': 'The Penthouse - S03E11 - Episode 11 WEBDL-1080p.mp4', 'plexapi_metadata': {}, 'hints': {'title': 'Episode 11', 'type': 'episode', 'single_value': True, 'expected_title': ['Episode 11']}, 'audio_languages': {'eng'}, 'external_subtitle_languages': set(), 'streaming_service': None, 'edition': None, 'series': 'The Penthouse', 'season': 3, 'episode': 11, 'title': 'Episode 11', 'year': None, 'original_series': True, 'tvdb_id': None, 'series_tvdb_id': 383800, 'series_imdb_id': 'tt13067118', 'alternative_series': ['Penthouse'], 'used_scene_name': True, 'original_path': '/srv/dev-disk-by-label-HDDBESAR/HDD-3TB/Kdrama/The Penthouse/Season 3/The Penthouse - S03E11 - Episode 11 WEBDL-1080p.mp4', 'fps': 29.97}|
31/08/2021 18:27:54|DEBUG   |peewee                          |('SELECT "t1"."provider", "t1"."subs_id" FROM "table_blacklist" AS "t1"', [])|
31/08/2021 18:27:54|INFO    |subliminal_patch.core           |Listing subtitles for <Episode ['The Penthouse', 3x11]>|
31/08/2021 18:27:54|INFO    |subliminal_patch.core           |Listing subtitles with provider 'subscene' and languages {<Language [id]>, <Language [id]>, <Language [en]>, <Language [en]>}|
31/08/2021 18:27:54|INFO    |subliminal_patch.core           |Initializing provider subscene|
31/08/2021 18:27:54|INFO    |subliminal_patch.providers.subscene|Creating session|
31/08/2021 18:27:55|DEBUG   |subliminal_patch.providers.subscene|Re-using old subscene cookies: <RequestsCookieJar[Cookie(version=0, name='scene', value='yEO66iJfCnX_bop1jxjkDqrF8XVN1WdM0bSxro3EhM6vDkJPXUu80Lj_XOJhaf44Z8EZyN7angi68MYj-1Wt5XRyrarn8svg53AXNfqkYMptmlLazgYetu2Pc7u1OsWGbvxdkJzAgmym_bB8eNaQI4mOdZ53y0iHe7j01VBoeE9dn7asEejtJi-Gz7D1ue1dcayM2Z-2KbWsoH-7NGJMaghSiV3W6hy8FyPLgdjmJ4SmPxBgQ3lG71edfAjq25_ofQ9RzBjWHWlC6IjnVkEgnnkUi-ZurFegbj_w51fCSl_MACp5baapGZ93RJpAsJCJZFglmNkDn2IB5wmjaPnctJ5-Nbq_9kiqHBqhOMumyV74iHsvp_HwD05hVoHdpA-0fQ_YoAArHgDlEma2wgLf1irqskF6qEtAViA812_-X7oorl7ZQA3bmne1sucrFd41_x53v_moQK8sBpSGfTWEIahebL0vvP5rL4YE9lZnUA10oySkPw5yBYcbvTEBidxdQISXxAfoJHfB7utcf6nKwh2cJ7zgFNP6fo1PVYrthMJKpEk3UFggBEnaYeTdfM8Fef4eVL_a7LVPtczZVp1dQqmaK9bZm4fbYsFqu5tQazs1qdZqRKAiLb1py4ViQNJ73V-66gwJmLSNcKnXOHlgzXh60B_WVxNKI9vk_C6nkF-Q0eYcRPh38_F9yw7as6UCJ_TOLTJOkE0viEp7Y7oC2CxL922XsFlsyXK8ovKbbIvqyoSeijNbu5gkfsOpRQUR42cXaMpWBVoVhyznArIc47jZYmN4E_NjUI_UZ7ZLl4IfM7XkzDTs_k-24ssL4tzAAU4guxeW7gDNXE-2rZ6BXJhAnsrzYDhlbqz9OEwxxceS3XLAGbd0Mt-2DKa9teqWL8TVzy_kmu6PP-8YeCeCWT9tXSOmOPCbnW3XLAtWAMeU-78c40ryCfOpYITONh-OGPLxLssKSYUkxsUwCpTlBINYWXicDNpJWsQ_mT6Mc0XZMx15Z0U-lgG3eNL9YLpWBwi9vojiXduWwbJ-mbzv8qn3csNlZFsOe_jypXUkoo69wEF8dMljlmfX8FAcwcRzJ0FGXOr1XzE-U6uko4Y7TQ9Hj1Y5UPdJj--Uj1doWk1cC-mKob15GUaJ5gOBgNkA-Mba2xuIazxVvEzj64UqGE_L1js1R276tNjB8ftxFPmRx6_nDN75S8wIxzvlHnzrDW250X760zr26UNid2bx0vNLZNLC8PQwsWJ40Xk1vYvPBpjilwrfvxNTL46e7Sho6MI66Uh28sq6wHoOnsV1ISY8zlSB7iVDkGgRe1IyvGbBYpvtBj3ZgRAPT3Cbfy4iVpvMj4MJJj05-hamO29rLtV-p4CE_ANsR_B5xxFiLIWRnwRKvK6jlmeoTMQQ0uNvDrzb4EtKUYTtYaI5tmfS1rx-c54fyI45ODTG8e7mSSB8V5803ndwmSmUqfWhxKxLZSBZ8-h3SRCimwByseLGSrhZRHBjisrDWQMh3DkT-YtfEDzpwJ7IIONfct83MPLPDUTELs-XJHhqsCzxiazbmKUHuYAAro5qcZdk9YzDKqe7zGtbu6fnjAObEkrU_tdkzz8ZGaDOq4SvReQ-ZFPdLka04QJu6Qw0JUS904ugIGMIVP5Hpt3Uneq8IKAQCr5tFsSCtaD_-zx9PRB2EZYgcqo2tTj1a3Wmci9NKMUOfIsgelqKRxNUvbucVQvkvD7_1lwa9PqM-pDDqspqf77OfkuYb1MDapb_qn0SiaZBCuXglsEVaoXix4PkczY25tPxvu7iPFaKxE2Pp04XxJ5ghck7qODc5ymJd7O3Bde1wB9egqPlvFI9ZgFxKmv_I9Wwebb6cG7GhKeF7lxpkMRSVvIDwhaVw8fEDi71Q9eKk65yXH0wnireM2nau6sz2FzStZY-T_-Cdd-hZZmMv4-TtJqe-FGjzWKM-ouvUxLVb6UVdpVLe1FYWNwM2MeNjHsVPqViZq-SNXrUnxOpFF4VYgiLG01ir_7M9az0pkvEszS-ZhGfpdmvFpirx2lxh42jRqBFyBNHkiaB0_1veHhXEglmWxr2lL9zka5k7IPKSJrwG8xOs1mfyCOn1O6ERdZw0k42ff78LMB8dOMf2l5DiESInJDUGqH-ewMs1Mx18t98nRp94VzqHqWokv0VcI-rVduBAfwUgkg0bYjzg_ny-rSJ1iLkfXmNqCuYhuSO7De4oqFCE0SwhLU1ZFtvr_YImBXBrecTNcRLP8jhCwhbWBZAwhIVhYoGuwMkyH5P8XmveIdQhYPyX_BHhD_Y6e8jNtHQQRlgeEVL3DU7qPMynqTS0m8pe1vR8w59l9_tGDW378DL1O8VbW9Am0cznZHogR17Ih2tcaHhn66Ig7CO7Wg5dqkpZBHBWKC7lxb-GXSPAKXPB5R-hFNNTVGMCNlUunY2qSUEaBb2uevtUWZgdqfu2YXiuTObG368aADr3RoAEIQjgY4kgnF6A0X6wkPVBzshegE5nr-wk89iOSfi196R7pzeqxKwW81Uh_qjndbW8iSLIfLpN4q_lh2q7pgcY-LqPWd15h-Zw2PldPtYN8mUdNofYhdid9efCHc2lPCXNVyp4f8YeaB61CMvEA1Rcc473dbyBloyHc3P70OP3FPpcLjAHsNHixR8AKS6bwaODCCRBZjzfu3a2FGoSwSEDBDq0Wzch3V9yq-wlJneyIofv5Y4h-KdeLUldDOn7tC3N2ukyqAuMgKL4DlL_kAaUbU3YDFAPJ4BVrBrf0zY-i78nbimt0fv_Rr-FdHREpezslzppmHtukr-6ONN3PdpcHiM1CzoWzHQwEmSvs13hqh03v902yKYAhBM2SNp-EWg3IxwdFOJ3m5XDOWnuSjXQdHdOdHiscEAgZu0sfmuNzuQlMFkJBxo07pEZS-I1uePRLJe8iP0sRoTu6POGbow5WwRr4QK62bWLM-8l3Ov9K_BBnIXN4bYciQAPc3dJef6_Y8ZUbHAL4jH6K4g-MEIot_h-7iSVJKymJuhORp8FJ1NXNlAlNnK7WpGHl-IGopubJ7WcDoujz4X2szYe5_XBH3pAXEibGwFqNBWoNAwtHrNeS7D21xY2zZNMDmZCk8B8hdnevuk-ipp-Dt3SUdDTG2SsN2aOluDmiLDfuwzQVAzOduNOP6rl0lypZCglj4Ru5crIx5wWwozV6poclvawIVi2a9TOChXfxEWfgy1vigSBbEe39ss1HZfc7xAyYYFvcfoPPJMW_K0f64NAnrgjOGYk-e5CYbiYLbCulWOwg', port=None, port_specified=False, domain='.subscene.com', domain_specified=True, domain_initial_dot=True, path='/', path_specified=True, secure=False, expires=1630681593, discard=False, comment=None, comment_url=None, rest={'HttpOnly': None}, rfc2109=False), Cookie(version=0, name='idsrv', value='CwoGW5oyWLKGArE-JxYWFH2zH9vbn7v76sQ-Wk_f80z6AXlHJzFU-BWjVSU6E6SaL5tcorMadYM0DfHC-Yq_W21xy4orYhEx9VNY4Fo32v5DTg5Q6xV8iCkvheW4A4lnSp1rYkMtE19K9Ca1dEitQbxa5mqCpHP78srRO8VTX3zdDrmSwf2NPPg8eibMJr-0I4peLHPMqxe4zcpaWsy6a_OF9aN18Pi4AkjBTklnjmkIi_aM9hp99j7S2YntGBxpEj8O_syjbOjfbAuG0-3IFDO38T-_DwMpdAEiCVOTdYoGXJ4vprWdUPsK0BsbqqBx2S6-Sv50U3lm_a9-SSxcmBcxGgFFEP4lU5DblxRjAXN2NMPmD1r5TnQ4rirNuv17qQXxoa8BB_YHikHz9zfU2H6aiX6sgncYmURywna_xA0', port=None, port_specified=False, domain='identity.jeded.com', domain_specified=False, domain_initial_dot=False, path='/core', path_specified=True, secure=True, expires=None, discard=True, comment=None, comment_url=None, rest={'HttpOnly': None}, rfc2109=False), Cookie(version=0, name='idsrv.xsrf', value='bGRSpwZnO3WLQFCqjLtkpSd7w-TWuyE74tt_vjatk2I5oxAovo0BjyBD69STHOy4gg3y_dl8ProVox5VVIPRBd_pSsyQcY7bigeetkBDGx4', port=None, port_specified=False, domain='identity.jeded.com', domain_specified=False, domain_initial_dot=False, path='/core', path_specified=True, secure=True, expires=None, discard=True, comment=None, comment_url=None, rest={'HttpOnly': None}, rfc2109=False), Cookie(version=0, name='idsvr.clients', value='WyI2ODhmYjY0Ny1mMDVmLTQ5NzAtYjE5Yy1iNjJmMGVmNTUxYTgiXQ', port=None, port_specified=False, domain='identity.jeded.com', domain_specified=False, domain_initial_dot=False, path='/core', path_specified=True, secure=True, expires=None, discard=True, comment=None, comment_url=None, rest={'HttpOnly': None}, rfc2109=False), Cookie(version=0, name='idsvr.session', value='cad6739caa4d9fe39403787b511e1a4f', port=None, port_specified=False, domain='identity.jeded.com', domain_specified=False, domain_initial_dot=False, path='/core', path_specified=True, secure=True, expires=None, discard=True, comment=None, comment_url=None, rest={}, rfc2109=False), Cookie(version=0, name='idsvr.username', value='lScLghUSMtsw4HYOBt2UfpD09-HGX-BmMWkKg1AMQiz4MqRDVK2NY2aFc4MbTZwfLBJKmVRKHFhw5ZdLxBdfZTGKSv50Um6VDoXKmdhDczc', port=None, port_specified=False, domain='identity.jeded.com', domain_specified=False, domain_initial_dot=False, path='/core', path_specified=True, secure=True, expires=1661944792, discard=False, comment=None, comment_url=None, rest={'HttpOnly': None}, rfc2109=False)]>|
31/08/2021 18:27:55|DEBUG   |subliminal_patch.providers.subscene|Filter created: '{'HearingImpaired': '2', 'LanguageFilter': '44,44,13,13'}'|
31/08/2021 18:27:55|DEBUG   |subliminal_patch.providers.subscene|Filters applied|
31/08/2021 18:27:55|DEBUG   |subliminal_patch.providers.subscene|Searching with series and season: Penthouse - Third Season|
31/08/2021 18:28:03|DEBUG   |urllib3.connectionpool          |Starting new HTTPS connection (1): subscene.com:443|
31/08/2021 18:28:03|DEBUG   |urllib3.connectionpool          |https://subscene.com:443 "POST /subtitles/searchbytitle HTTP/1.1" 200 None|
31/08/2021 18:28:03|DEBUG   |subliminal_patch.providers.subscene|No results found|
31/08/2021 18:28:11|DEBUG   |subliminal_patch.providers.subscene|Searching with series and season: The Penthouse - Third Season|
31/08/2021 18:28:20|DEBUG   |urllib3.connectionpool          |https://subscene.com:443 "POST /subtitles/searchbytitle HTTP/1.1" 200 None|
31/08/2021 18:28:20|DEBUG   |subliminal_patch.providers.subscene|No results found|
31/08/2021 18:28:28|INFO    |subliminal_patch.providers.subscene|0 subtitles found|
31/08/2021 18:28:28|INFO    |subliminal_patch.core           |Found 0 subtitle(s)|
31/08/2021 18:28:28|DEBUG   |subliminal.core                 |Terminating initialized providers|
31/08/2021 18:28:28|INFO    |subliminal_patch.core           |Terminating provider subscene|
31/08/2021 18:28:28|INFO    |subliminal_patch.providers.subscene|Closing session|
31/08/2021 18:28:28|DEBUG   |root                            |BAZARR 0 Subtitles have been found for this file: /srv/dev-disk-by-label-HDDBESAR/HDD-3TB/Kdrama/The Penthouse/Season 3/The Penthouse - S03E11 - Episode 11 WEBDL-1080p.mp4|
31/08/2021 18:28:28|DEBUG   |root                            |BAZARR Ended searching Subtitles for this file: /srv/dev-disk-by-label-HDDBESAR/HDD-3TB/Kdrama/The Penthouse/Season 3/The Penthouse - S03E11 - Episode 11 WEBDL-1080p.mp4|
